<?xml version="1.0" encoding="utf-8"?>
<test-run id="2" testcasecount="1" result="Failed(Child)" total="1" passed="0" failed="1" inconclusive="0" skipped="0" asserts="0" engine-version="3.5.0.0" clr-version="4.0.30319.42000" start-time="2026-08-01 16:47:27Z" end-time="2026-08-01 16:47:27Z" duration="0.2896275">
  <test-suite type="TestSuite" id="1000" name="Slingshot 2.0" fullname="Slingshot 2.0" runstate="Runnable" testcasecount="284" result="Failed" site="Child" start-time="2026-08-01 16:47:27Z" end-time="2026-08-01 16:47:27Z" duration="0.289628" total="1" passed="0" failed="1" inconclusive="0" skipped="0" asserts="0">
    <properties>
      <property name="platform" value="EditMode" />
    </properties>
    <failure>
      <message><![CDATA[One or more child tests had errors]]></message>
    </failure>
    <test-suite type="Assembly" id="1196" name="Lunarlight.Hovercraft.V3.EditorTests.dll" fullname="D:/Projects/Unity/Slingshot2/Slingshot-2.0/Slingshot 2.0/Library/ScriptAssemblies/Lunarlight.Hovercraft.V3.EditorTests.dll" runstate="Runnable" testcasecount="167" result="Failed" site="Child" start-time="2026-08-01 16:47:27Z" end-time="2026-08-01 16:47:27Z" duration="0.220968" total="1" passed="0" failed="1" inconclusive="0" skipped="0" asserts="0">
      <properties>
        <property name="_PID" value="123848" />
        <property name="_APPDOMAIN" value="Unity Child Domain" />
        <property name="platform" value="EditMode" />
        <property name="EditorOnly" value="True" />
      </properties>
      <failure>
        <message><![CDATA[One or more child tests had errors]]></message>
      </failure>
      <test-suite type="TestSuite" id="1197" name="Lunarlight" fullname="Lunarlight" runstate="Runnable" testcasecount="167" result="Failed" site="Child" start-time="2026-08-01 16:47:27Z" end-time="2026-08-01 16:47:27Z" duration="0.220100" total="1" passed="0" failed="1" inconclusive="0" skipped="0" asserts="0">
        <properties />
        <failure>
          <message><![CDATA[One or more child tests had errors]]></message>
        </failure>
        <test-suite type="TestSuite" id="1198" name="Hovercraft" fullname="Lunarlight.Hovercraft" runstate="Runnable" testcasecount="167" result="Failed" site="Child" start-time="2026-08-01 16:47:27Z" end-time="2026-08-01 16:47:27Z" duration="0.219719" total="1" passed="0" failed="1" inconclusive="0" skipped="0" asserts="0">
          <properties />
          <failure>
            <message><![CDATA[One or more child tests had errors]]></message>
          </failure>
          <test-suite type="TestSuite" id="1199" name="V3" fullname="Lunarlight.Hovercraft.V3" runstate="Runnable" testcasecount="167" result="Failed" site="Child" start-time="2026-08-01 16:47:27Z" end-time="2026-08-01 16:47:27Z" duration="0.219397" total="1" passed="0" failed="1" inconclusive="0" skipped="0" asserts="0">
            <properties />
            <failure>
              <message><![CDATA[One or more child tests had errors]]></message>
            </failure>
            <test-suite type="TestSuite" id="1200" name="Tests" fullname="Lunarlight.Hovercraft.V3.Tests" runstate="Runnable" testcasecount="167" result="Failed" site="Child" start-time="2026-08-01 16:47:27Z" end-time="2026-08-01 16:47:27Z" duration="0.219054" total="1" passed="0" failed="1" inconclusive="0" skipped="0" asserts="0">
              <properties />
              <failure>
                <message><![CDATA[One or more child tests had errors]]></message>
              </failure>
              <test-suite type="TestFixture" id="1027" name="V3ControlledDynamicsTests" fullname="Lunarlight.Hovercraft.V3.Tests.V3ControlledDynamicsTests" classname="Lunarlight.Hovercraft.V3.Tests.V3ControlledDynamicsTests" runstate="Runnable" testcasecount="8" result="Failed" site="Child" start-time="2026-08-01 16:47:27Z" end-time="2026-08-01 16:47:27Z" duration="0.216360" total="1" passed="0" failed="1" inconclusive="0" skipped="0" asserts="0">
                <properties />
                <failure>
                  <message><![CDATA[One or more child tests had errors]]></message>
                </failure>
                <test-case id="1035" name="SelectedScenario_RunsThroughSerializedSceneAndExports" fullname="Lunarlight.Hovercraft.V3.Tests.V3ControlledDynamicsTests.SelectedScenario_RunsThroughSerializedSceneAndExports" methodname="SelectedScenario_RunsThroughSerializedSceneAndExports" classname="Lunarlight.Hovercraft.V3.Tests.V3ControlledDynamicsTests" runstate="Runnable" seed="1535265549" result="Failed" label="Error" start-time="2026-08-01 16:47:07Z" end-time="2026-08-01 16:47:27Z" duration="19.927537" asserts="0">
                  <properties>
                    <property name="_JOINTYPE" value="UnityCombinatorial" />
                    <property name="Category" value="ControlledCapture" />
                    <property name="retryIteration" value="0" />
                    <property name="repeatIteration" value="0" />
                  </properties>
                  <failure>
                    <message><![CDATA[System.NullReferenceException : Object reference not set to an instance of an object]]></message>
                    <stack-trace><![CDATA[  at Lunarlight.Hovercraft.V3.Tests.V3ControlledDynamicsTests+<SelectedScenario_RunsThroughSerializedSceneAndExports>d__10.MoveNext () [0x000db] in D:\Projects\Unity\Slingshot2\Slingshot-2.0\Slingshot 2.0\Assets\HovercraftV3\Tests\Editor\Diagnostics\V3ControlledDynamicsTests.cs:375 
  at UnityEngine.TestTools.TestEnumerator+<Execute>d__7.MoveNext () [0x0003a] in .\Library\PackageCache\com.unity.test-framework@f3e6c9a02477\UnityEngine.TestRunner\NUnitExtensions\Attributes\TestEnumerator.cs:44 ]]></stack-trace>
                  </failure>
                  <output><![CDATA[Saving results to: C:/Users/Jack_/AppData/LocalLow/DefaultCompany/Slingshot 2_0\TestResults.xml
]]></output>
                </test-case>
              </test-suite>
            </test-suite>
          </test-suite>
        </test-suite>
      </test-suite>
    </test-suite>
  </test-suite>
</test-run>