<?xml version="1.0" encoding="utf-8"?>
<test-run id="2" testcasecount="164" result="Failed(Child)" total="164" passed="156" failed="7" inconclusive="0" skipped="1" asserts="0" engine-version="3.5.0.0" clr-version="4.0.30319.42000" start-time="2026-08-01 16:18:40Z" end-time="2026-08-01 16:19:23Z" duration="43.1373908">
  <test-suite type="TestSuite" id="1000" name="Slingshot 2.0" fullname="Slingshot 2.0" runstate="Runnable" testcasecount="281" result="Failed" site="Child" start-time="2026-08-01 16:18:40Z" end-time="2026-08-01 16:19:23Z" duration="43.137391" total="164" passed="156" failed="7" inconclusive="0" skipped="1" asserts="0">
    <properties>
      <property name="platform" value="EditMode" />
    </properties>
    <failure>
      <message><![CDATA[One or more child tests had errors]]></message>
    </failure>
    <test-suite type="Assembly" id="1193" name="Lunarlight.Hovercraft.V3.EditorTests.dll" fullname="D:/Projects/Unity/Slingshot2/Slingshot-2.0/Slingshot 2.0/Library/ScriptAssemblies/Lunarlight.Hovercraft.V3.EditorTests.dll" runstate="Runnable" testcasecount="164" result="Failed" site="Child" start-time="2026-08-01 16:18:40Z" end-time="2026-08-01 16:19:23Z" duration="43.076178" total="164" passed="156" failed="7" inconclusive="0" skipped="1" asserts="0">
      <properties>
        <property name="_PID" value="140296" />
        <property name="_APPDOMAIN" value="Unity Child Domain" />
        <property name="platform" value="EditMode" />
        <property name="EditorOnly" value="True" />
      </properties>
      <failure>
        <message><![CDATA[One or more child tests had errors]]></message>
      </failure>
      <test-suite type="TestSuite" id="1194" name="Lunarlight" fullname="Lunarlight" runstate="Runnable" testcasecount="164" result="Failed" site="Child" start-time="2026-08-01 16:18:40Z" end-time="2026-08-01 16:19:23Z" duration="43.072121" total="164" passed="156" failed="7" inconclusive="0" skipped="1" asserts="0">
        <properties />
        <failure>
          <message><![CDATA[One or more child tests had errors]]></message>
        </failure>
        <test-suite type="TestSuite" id="1195" name="Hovercraft" fullname="Lunarlight.Hovercraft" runstate="Runnable" testcasecount="164" result="Failed" site="Child" start-time="2026-08-01 16:18:40Z" end-time="2026-08-01 16:19:23Z" duration="43.068690" total="164" passed="156" failed="7" inconclusive="0" skipped="1" asserts="0">
          <properties />
          <failure>
            <message><![CDATA[One or more child tests had errors]]></message>
          </failure>
          <test-suite type="TestSuite" id="1196" name="V3" fullname="Lunarlight.Hovercraft.V3" runstate="Runnable" testcasecount="164" result="Failed" site="Child" start-time="2026-08-01 16:18:40Z" end-time="2026-08-01 16:19:23Z" duration="43.068238" total="164" passed="156" failed="7" inconclusive="0" skipped="1" asserts="0">
            <properties />
            <failure>
              <message><![CDATA[One or more child tests had errors]]></message>
            </failure>
            <test-suite type="TestSuite" id="1197" name="Tests" fullname="Lunarlight.Hovercraft.V3.Tests" runstate="Runnable" testcasecount="164" result="Failed" site="Child" start-time="2026-08-01 16:18:40Z" end-time="2026-08-01 16:19:23Z" duration="43.066253" total="164" passed="156" failed="7" inconclusive="0" skipped="1" asserts="0">
              <properties />
              <failure>
                <message><![CDATA[One or more child tests had errors]]></message>
              </failure>
              <test-suite type="TestFixture" id="1001" name="CraftBuildValidatorTests" fullname="Lunarlight.Hovercraft.V3.Tests.CraftBuildValidatorTests" classname="Lunarlight.Hovercraft.V3.Tests.CraftBuildValidatorTests" runstate="Runnable" testcasecount="5" result="Passed" start-time="2026-08-01 16:15:17Z" end-time="2026-08-01 16:15:17Z" duration="0.024190" total="5" passed="5" failed="0" inconclusive="0" skipped="0" asserts="0">
                <properties />
                <test-case id="1006" name="ConnectorChain_CombinedMassOverParentLimit_IsRejected" fullname="Lunarlight.Hovercraft.V3.Tests.CraftBuildValidatorTests.ConnectorChain_CombinedMassOverParentLimit_IsRejected" methodname="ConnectorChain_CombinedMassOverParentLimit_IsRejected" classname="Lunarlight.Hovercraft.V3.Tests.CraftBuildValidatorTests" runstate="Runnable" seed="1637634317" result="Passed" start-time="2026-08-01 16:15:17Z" end-time="2026-08-01 16:15:17Z" duration="0.012971" asserts="0">
                  <properties />
                </test-case>
                <test-case id="1005" name="ConnectorChain_OverChildMassLimit_IsRejected" fullname="Lunarlight.Hovercraft.V3.Tests.CraftBuildValidatorTests.ConnectorChain_OverChildMassLimit_IsRejected" methodname="ConnectorChain_OverChildMassLimit_IsRejected" classname="Lunarlight.Hovercraft.V3.Tests.CraftBuildValidatorTests" runstate="Runnable" seed="756766644" result="Passed" start-time="2026-08-01 16:15:17Z" end-time="2026-08-01 16:15:17Z" duration="0.000972" asserts="0">
                  <properties />
                </test-case>
                <test-case id="1004" name="ConnectorChain_WithCompatibleChild_IsCompatible" fullname="Lunarlight.Hovercraft.V3.Tests.CraftBuildValidatorTests.ConnectorChain_WithCompatibleChild_IsCompatible" methodname="ConnectorChain_WithCompatibleChild_IsCompatible" classname="Lunarlight.Hovercraft.V3.Tests.CraftBuildValidatorTests" runstate="Runnable" seed="280204910" result="Passed" start-time="2026-08-01 16:15:17Z" end-time="2026-08-01 16:15:17Z" duration="0.000897" asserts="0">
                  <properties />
                </test-case>
                <test-case id="1003" name="DirectEndpoint_OverForceLimit_IsRejected" fullname="Lunarlight.Hovercraft.V3.Tests.CraftBuildValidatorTests.DirectEndpoint_OverForceLimit_IsRejected" methodname="DirectEndpoint_OverForceLimit_IsRejected" classname="Lunarlight.Hovercraft.V3.Tests.CraftBuildValidatorTests" runstate="Runnable" seed="320686168" result="Passed" start-time="2026-08-01 16:15:17Z" end-time="2026-08-01 16:15:17Z" duration="0.000870" asserts="0">
                  <properties />
                </test-case>
                <test-case id="1002" name="DirectEndpoint_WithMatchingLimits_IsCompatible" fullname="Lunarlight.Hovercraft.V3.Tests.CraftBuildValidatorTests.DirectEndpoint_WithMatchingLimits_IsCompatible" methodname="DirectEndpoint_WithMatchingLimits_IsCompatible" classname="Lunarlight.Hovercraft.V3.Tests.CraftBuildValidatorTests" runstate="Runnable" seed="692959293" result="Passed" start-time="2026-08-01 16:15:17Z" end-time="2026-08-01 16:15:17Z" duration="0.000764" asserts="0">
                  <properties />
                </test-case>
              </test-suite>
              <test-suite type="TestFixture" id="1129" name="V2ReferencePrototypeTests" fullname="Lunarlight.Hovercraft.V3.Tests.V2ReferencePrototypeTests" classname="Lunarlight.Hovercraft.V3.Tests.V2ReferencePrototypeTests" runstate="Runnable" testcasecount="12" result="Passed" start-time="2026-08-01 16:15:17Z" end-time="2026-08-01 16:15:17Z" duration="0.062083" total="12" passed="12" failed="0" inconclusive="0" skipped="0" asserts="0">
                <properties />
                <test-case id="1140" name="ControllerPipeline_ForwardCommandUsesPoweredMainThrusterPath" fullname="Lunarlight.Hovercraft.V3.Tests.V2ReferencePrototypeTests.ControllerPipeline_ForwardCommandUsesPoweredMainThrusterPath" methodname="ControllerPipeline_ForwardCommandUsesPoweredMainThrusterPath" classname="Lunarlight.Hovercraft.V3.Tests.V2ReferencePrototypeTests" runstate="Runnable" seed="1284239718" result="Passed" start-time="2026-08-01 16:15:17Z" end-time="2026-08-01 16:15:17Z" duration="0.046292" asserts="0">
                  <properties />
                </test-case>
                <test-case id="1141" name="ControllerPipeline_LosesAuthorityWhenControlPartIsDisabled" fullname="Lunarlight.Hovercraft.V3.Tests.V2ReferencePrototypeTests.ControllerPipeline_LosesAuthorityWhenControlPartIsDisabled" methodname="ControllerPipeline_LosesAuthorityWhenControlPartIsDisabled" classname="Lunarlight.Hovercraft.V3.Tests.V2ReferencePrototypeTests" runstate="Runnable" seed="129525464" result="Passed" start-time="2026-08-01 16:15:17Z" end-time="2026-08-01 16:15:17Z" duration="0.003065" asserts="0">
                  <properties />
                </test-case>
                <test-case id="1139" name="GimbalVariation_ThrusterAndVisualFollowActuatedMountOutsideHull" fullname="Lunarlight.Hovercraft.V3.Tests.V2ReferencePrototypeTests.GimbalVariation_ThrusterAndVisualFollowActuatedMountOutsideHull" methodname="GimbalVariation_ThrusterAndVisualFollowActuatedMountOutsideHull" classname="Lunarlight.Hovercraft.V3.Tests.V2ReferencePrototypeTests" runstate="Runnable" seed="877009154" result="Passed" start-time="2026-08-01 16:15:17Z" end-time="2026-08-01 16:15:17Z" duration="0.003812" asserts="0">
                  <properties />
                </test-case>
                <test-case id="1137" name="GimbalVariation_UsesSameMainThrusterThroughConnector" fullname="Lunarlight.Hovercraft.V3.Tests.V2ReferencePrototypeTests.GimbalVariation_UsesSameMainThrusterThroughConnector" methodname="GimbalVariation_UsesSameMainThrusterThroughConnector" classname="Lunarlight.Hovercraft.V3.Tests.V2ReferencePrototypeTests" runstate="Runnable" seed="1892556293" result="Passed" start-time="2026-08-01 16:15:17Z" end-time="2026-08-01 16:15:17Z" duration="0.000787" asserts="0">
                  <properties />
                </test-case>
                <test-case id="1136" name="ReferenceActuators_ExposePhysicalParityAuthority" fullname="Lunarlight.Hovercraft.V3.Tests.V2ReferencePrototypeTests.ReferenceActuators_ExposePhysicalParityAuthority" methodname="ReferenceActuators_ExposePhysicalParityAuthority" classname="Lunarlight.Hovercraft.V3.Tests.V2ReferencePrototypeTests" runstate="Runnable" seed="1612904516" result="Passed" start-time="2026-08-01 16:15:17Z" end-time="2026-08-01 16:15:17Z" duration="0.000260" asserts="0">
                  <properties />
                </test-case>
                <test-case id="1135" name="ReferenceBuild_CalculatedCenterOfMassMatchesV2" fullname="Lunarlight.Hovercraft.V3.Tests.V2ReferencePrototypeTests.ReferenceBuild_CalculatedCenterOfMassMatchesV2" methodname="ReferenceBuild_CalculatedCenterOfMassMatchesV2" classname="Lunarlight.Hovercraft.V3.Tests.V2ReferencePrototypeTests" runstate="Runnable" seed="1011487248" result="Passed" start-time="2026-08-01 16:15:17Z" end-time="2026-08-01 16:15:17Z" duration="0.000466" asserts="0">
                  <properties />
                </test-case>
                <test-case id="1130" name="ReferenceBuild_IsValid" fullname="Lunarlight.Hovercraft.V3.Tests.V2ReferencePrototypeTests.ReferenceBuild_IsValid" methodname="ReferenceBuild_IsValid" classname="Lunarlight.Hovercraft.V3.Tests.V2ReferencePrototypeTests" runstate="Runnable" seed="8369429" result="Passed" start-time="2026-08-01 16:15:17Z" end-time="2026-08-01 16:15:17Z" duration="0.000152" asserts="0">
                  <properties />
                </test-case>
                <test-case id="1134" name="ReferenceBuild_MassIsElevenThousandKg" fullname="Lunarlight.Hovercraft.V3.Tests.V2ReferencePrototypeTests.ReferenceBuild_MassIsElevenThousandKg" methodname="ReferenceBuild_MassIsElevenThousandKg" classname="Lunarlight.Hovercraft.V3.Tests.V2ReferencePrototypeTests" runstate="Runnable" seed="386902601" result="Passed" start-time="2026-08-01 16:15:17Z" end-time="2026-08-01 16:15:17Z" duration="0.000087" asserts="0">
                  <properties />
                </test-case>
                <test-case id="1133" name="ReferenceChassis_HasFourDroneStyleVerticalThrusterOutriggers" fullname="Lunarlight.Hovercraft.V3.Tests.V2ReferencePrototypeTests.ReferenceChassis_HasFourDroneStyleVerticalThrusterOutriggers" methodname="ReferenceChassis_HasFourDroneStyleVerticalThrusterOutriggers" classname="Lunarlight.Hovercraft.V3.Tests.V2ReferencePrototypeTests" runstate="Runnable" seed="117296323" result="Passed" start-time="2026-08-01 16:15:17Z" end-time="2026-08-01 16:15:17Z" duration="0.000812" asserts="0">
                  <properties />
                </test-case>
                <test-case id="1131" name="ReferenceChassis_HasSixteenStableSockets" fullname="Lunarlight.Hovercraft.V3.Tests.V2ReferencePrototypeTests.ReferenceChassis_HasSixteenStableSockets" methodname="ReferenceChassis_HasSixteenStableSockets" classname="Lunarlight.Hovercraft.V3.Tests.V2ReferencePrototypeTests" runstate="Runnable" seed="1043430777" result="Passed" start-time="2026-08-01 16:15:17Z" end-time="2026-08-01 16:15:17Z" duration="0.000484" asserts="0">
                  <properties />
                </test-case>
                <test-case id="1132" name="ReferenceChassis_ThrusterSocketsExposeOutwardMounts" fullname="Lunarlight.Hovercraft.V3.Tests.V2ReferencePrototypeTests.ReferenceChassis_ThrusterSocketsExposeOutwardMounts" methodname="ReferenceChassis_ThrusterSocketsExposeOutwardMounts" classname="Lunarlight.Hovercraft.V3.Tests.V2ReferencePrototypeTests" runstate="Runnable" seed="1293445583" result="Passed" start-time="2026-08-01 16:15:17Z" end-time="2026-08-01 16:15:17Z" duration="0.000613" asserts="0">
                  <properties />
                </test-case>
                <test-case id="1138" name="RuntimeAssembler_RebuildsReferenceWithOneRigidbody" fullname="Lunarlight.Hovercraft.V3.Tests.V2ReferencePrototypeTests.RuntimeAssembler_RebuildsReferenceWithOneRigidbody" methodname="RuntimeAssembler_RebuildsReferenceWithOneRigidbody" classname="Lunarlight.Hovercraft.V3.Tests.V2ReferencePrototypeTests" runstate="Runnable" seed="2037781026" result="Passed" start-time="2026-08-01 16:15:17Z" end-time="2026-08-01 16:15:17Z" duration="0.003802" asserts="0">
                  <properties />
                </test-case>
              </test-suite>
              <test-suite type="TestFixture" id="1027" name="V3ControlledDynamicsTests" fullname="Lunarlight.Hovercraft.V3.Tests.V3ControlledDynamicsTests" classname="Lunarlight.Hovercraft.V3.Tests.V3ControlledDynamicsTests" runstate="Runnable" testcasecount="5" result="Passed" start-time="2026-08-01 16:15:17Z" end-time="2026-08-01 16:15:17Z" duration="0.017893" total="5" passed="5" failed="0" inconclusive="0" skipped="0" asserts="0">
                <properties />
                <test-case id="1031" name="Assertions_EvaluateNumericEventTransitionAndBuildIdentity" fullname="Lunarlight.Hovercraft.V3.Tests.V3ControlledDynamicsTests.Assertions_EvaluateNumericEventTransitionAndBuildIdentity" methodname="Assertions_EvaluateNumericEventTransitionAndBuildIdentity" classname="Lunarlight.Hovercraft.V3.Tests.V3ControlledDynamicsTests" runstate="Runnable" seed="255277325" result="Passed" start-time="2026-08-01 16:15:17Z" end-time="2026-08-01 16:15:17Z" duration="0.013692" asserts="0">
                  <properties />
                </test-case>
                <test-case id="1030" name="ControlledInput_UsesExclusiveOwnerAndNormalPilotCommand" fullname="Lunarlight.Hovercraft.V3.Tests.V3ControlledDynamicsTests.ControlledInput_UsesExclusiveOwnerAndNormalPilotCommand" methodname="ControlledInput_UsesExclusiveOwnerAndNormalPilotCommand" classname="Lunarlight.Hovercraft.V3.Tests.V3ControlledDynamicsTests" runstate="Runnable" seed="812428392" result="Passed" start-time="2026-08-01 16:15:17Z" end-time="2026-08-01 16:15:17Z" duration="0.000599" asserts="0">
                  <properties />
                </test-case>
                <test-case id="1028" name="Definition_ValidatesSchemaBuildCommandsAndSignals" fullname="Lunarlight.Hovercraft.V3.Tests.V3ControlledDynamicsTests.Definition_ValidatesSchemaBuildCommandsAndSignals" methodname="Definition_ValidatesSchemaBuildCommandsAndSignals" classname="Lunarlight.Hovercraft.V3.Tests.V3ControlledDynamicsTests" runstate="Runnable" seed="527114279" result="Passed" start-time="2026-08-01 16:15:17Z" end-time="2026-08-01 16:15:17Z" duration="0.001268" asserts="0">
                  <properties />
                </test-case>
                <test-case id="1029" name="Registry_RejectsDuplicateStableTestIds" fullname="Lunarlight.Hovercraft.V3.Tests.V3ControlledDynamicsTests.Registry_RejectsDuplicateStableTestIds" methodname="Registry_RejectsDuplicateStableTestIds" classname="Lunarlight.Hovercraft.V3.Tests.V3ControlledDynamicsTests" runstate="Runnable" seed="1054168284" result="Passed" start-time="2026-08-01 16:15:17Z" end-time="2026-08-01 16:15:17Z" duration="0.000753" asserts="0">
                  <properties />
                </test-case>
                <test-case id="1032" name="RuntimeOverride_IsRejectedForGeneratedBuild" fullname="Lunarlight.Hovercraft.V3.Tests.V3ControlledDynamicsTests.RuntimeOverride_IsRejectedForGeneratedBuild" methodname="RuntimeOverride_IsRejectedForGeneratedBuild" classname="Lunarlight.Hovercraft.V3.Tests.V3ControlledDynamicsTests" runstate="Runnable" seed="1817275463" result="Passed" start-time="2026-08-01 16:15:17Z" end-time="2026-08-01 16:15:17Z" duration="0.000598" asserts="0">
                  <properties />
                </test-case>
              </test-suite>
              <test-suite type="TestFixture" id="1007" name="V3CraftKernelServicesTests" fullname="Lunarlight.Hovercraft.V3.Tests.V3CraftKernelServicesTests" classname="Lunarlight.Hovercraft.V3.Tests.V3CraftKernelServicesTests" runstate="Runnable" testcasecount="5" result="Passed" start-time="2026-08-01 16:15:17Z" end-time="2026-08-01 16:15:17Z" duration="0.027037" total="5" passed="5" failed="0" inconclusive="0" skipped="0" asserts="0">
                <properties />
                <test-suite type="ParameterizedMethod" id="1011" name="ConnectorVariations_IncludeConnectorMassExactlyOnce" fullname="Lunarlight.Hovercraft.V3.Tests.V3CraftKernelServicesTests.ConnectorVariations_IncludeConnectorMassExactlyOnce" classname="Lunarlight.Hovercraft.V3.Tests.V3CraftKernelServicesTests" runstate="Runnable" testcasecount="2" result="Passed" start-time="2026-08-01 16:15:17Z" end-time="2026-08-01 16:15:17Z" duration="0.010334" total="2" passed="2" failed="0" inconclusive="0" skipped="0" asserts="0">
                  <properties />
                  <test-case id="1009" name="ConnectorVariations_IncludeConnectorMassExactlyOnce(&quot;Assets/HovercraftV3/Generated/ReferenceCrafts/V2Parity/Builds/ApexV3_MainGimbalDemo.asset&quot;,11120.0f,2690.0f,120.0f,&quot;Connector.Gimbal.Main.V2Reference&quot;)" fullname="Lunarlight.Hovercraft.V3.Tests.V3CraftKernelServicesTests.ConnectorVariations_IncludeConnectorMassExactlyOnce(&quot;Assets/HovercraftV3/Generated/ReferenceCrafts/V2Parity/Builds/ApexV3_MainGimbalDemo.asset&quot;,11120.0f,2690.0f,120.0f,&quot;Connector.Gimbal.Main.V2Reference&quot;)" methodname="ConnectorVariations_IncludeConnectorMassExactlyOnce" classname="Lunarlight.Hovercraft.V3.Tests.V3CraftKernelServicesTests" runstate="Runnable" seed="1565034346" result="Passed" start-time="2026-08-01 16:15:17Z" end-time="2026-08-01 16:15:17Z" duration="0.003634" asserts="0">
                    <properties />
                  </test-case>
                  <test-case id="1010" name="ConnectorVariations_IncludeConnectorMassExactlyOnce(&quot;Assets/HovercraftV3/Generated/ReferenceCrafts/V2Parity/Builds/ApexV3_HoverSpringDemo.asset&quot;,11035.0f,2605.0f,35.0f,&quot;Connector.Spring.Hover.V2Reference&quot;)" fullname="Lunarlight.Hovercraft.V3.Tests.V3CraftKernelServicesTests.ConnectorVariations_IncludeConnectorMassExactlyOnce(&quot;Assets/HovercraftV3/Generated/ReferenceCrafts/V2Parity/Builds/ApexV3_HoverSpringDemo.asset&quot;,11035.0f,2605.0f,35.0f,&quot;Connector.Spring.Hover.V2Reference&quot;)" methodname="ConnectorVariations_IncludeConnectorMassExactlyOnce" classname="Lunarlight.Hovercraft.V3.Tests.V3CraftKernelServicesTests" runstate="Runnable" seed="353425798" result="Passed" start-time="2026-08-01 16:15:17Z" end-time="2026-08-01 16:15:17Z" duration="0.006341" asserts="0">
                    <properties />
                  </test-case>
                </test-suite>
                <test-case id="1013" name="ControllerFreeCraft_StillOwnsMassAndValidationKernel" fullname="Lunarlight.Hovercraft.V3.Tests.V3CraftKernelServicesTests.ControllerFreeCraft_StillOwnsMassAndValidationKernel" methodname="ControllerFreeCraft_StillOwnsMassAndValidationKernel" classname="Lunarlight.Hovercraft.V3.Tests.V3CraftKernelServicesTests" runstate="Runnable" seed="1513792483" result="Passed" start-time="2026-08-01 16:15:17Z" end-time="2026-08-01 16:15:17Z" duration="0.003417" asserts="0">
                  <properties />
                </test-case>
                <test-case id="1008" name="ReferenceCraft_UsesAuditableMassAndValidationServices" fullname="Lunarlight.Hovercraft.V3.Tests.V3CraftKernelServicesTests.ReferenceCraft_UsesAuditableMassAndValidationServices" methodname="ReferenceCraft_UsesAuditableMassAndValidationServices" classname="Lunarlight.Hovercraft.V3.Tests.V3CraftKernelServicesTests" runstate="Runnable" seed="1954755721" result="Passed" start-time="2026-08-01 16:15:17Z" end-time="2026-08-01 16:15:17Z" duration="0.005064" asserts="0">
                  <properties />
                </test-case>
                <test-case id="1012" name="RuntimeValidator_DetectsAndRecoversFromMassCorruption" fullname="Lunarlight.Hovercraft.V3.Tests.V3CraftKernelServicesTests.RuntimeValidator_DetectsAndRecoversFromMassCorruption" methodname="RuntimeValidator_DetectsAndRecoversFromMassCorruption" classname="Lunarlight.Hovercraft.V3.Tests.V3CraftKernelServicesTests" runstate="Runnable" seed="1282694090" result="Passed" start-time="2026-08-01 16:15:17Z" end-time="2026-08-01 16:15:17Z" duration="0.007355" asserts="0">
                  <properties />
                </test-case>
              </test-suite>
              <test-suite type="TestFixture" id="1014" name="V3CraftRegistryTests" fullname="Lunarlight.Hovercraft.V3.Tests.V3CraftRegistryTests" classname="Lunarlight.Hovercraft.V3.Tests.V3CraftRegistryTests" runstate="Runnable" testcasecount="5" result="Passed" start-time="2026-08-01 16:15:17Z" end-time="2026-08-01 16:15:17Z" duration="0.010578" total="5" passed="5" failed="0" inconclusive="0" skipped="0" asserts="0">
                <properties />
                <test-case id="1019" name="AuthoredVariant_DeepCopiesLocalTuningAndSharesProducts" fullname="Lunarlight.Hovercraft.V3.Tests.V3CraftRegistryTests.AuthoredVariant_DeepCopiesLocalTuningAndSharesProducts" methodname="AuthoredVariant_DeepCopiesLocalTuningAndSharesProducts" classname="Lunarlight.Hovercraft.V3.Tests.V3CraftRegistryTests" runstate="Runnable" seed="1026265354" result="Passed" start-time="2026-08-01 16:15:17Z" end-time="2026-08-01 16:15:17Z" duration="0.001915" asserts="0">
                  <properties />
                </test-case>
                <test-case id="1017" name="BuildValidation_AllowsRequirementProvidedByAnotherPart" fullname="Lunarlight.Hovercraft.V3.Tests.V3CraftRegistryTests.BuildValidation_AllowsRequirementProvidedByAnotherPart" methodname="BuildValidation_AllowsRequirementProvidedByAnotherPart" classname="Lunarlight.Hovercraft.V3.Tests.V3CraftRegistryTests" runstate="Runnable" seed="569388821" result="Passed" start-time="2026-08-01 16:15:17Z" end-time="2026-08-01 16:15:17Z" duration="0.001087" asserts="0">
                  <properties />
                </test-case>
                <test-case id="1018" name="BuildValidation_RejectsMissingGlobalCapability" fullname="Lunarlight.Hovercraft.V3.Tests.V3CraftRegistryTests.BuildValidation_RejectsMissingGlobalCapability" methodname="BuildValidation_RejectsMissingGlobalCapability" classname="Lunarlight.Hovercraft.V3.Tests.V3CraftRegistryTests" runstate="Runnable" seed="264655778" result="Passed" start-time="2026-08-01 16:15:17Z" end-time="2026-08-01 16:15:17Z" duration="0.000708" asserts="0">
                  <properties />
                </test-case>
                <test-case id="1016" name="GimbalCraft_IndexesConnectorAndEndpointAtSameSocket" fullname="Lunarlight.Hovercraft.V3.Tests.V3CraftRegistryTests.GimbalCraft_IndexesConnectorAndEndpointAtSameSocket" methodname="GimbalCraft_IndexesConnectorAndEndpointAtSameSocket" classname="Lunarlight.Hovercraft.V3.Tests.V3CraftRegistryTests" runstate="Runnable" seed="1250906366" result="Passed" start-time="2026-08-01 16:15:17Z" end-time="2026-08-01 16:15:17Z" duration="0.002761" asserts="0">
                  <properties />
                </test-case>
                <test-case id="1015" name="ReferenceCraft_IndexesSocketsPartsAndCapabilities" fullname="Lunarlight.Hovercraft.V3.Tests.V3CraftRegistryTests.ReferenceCraft_IndexesSocketsPartsAndCapabilities" methodname="ReferenceCraft_IndexesSocketsPartsAndCapabilities" classname="Lunarlight.Hovercraft.V3.Tests.V3CraftRegistryTests" runstate="Runnable" seed="1124284810" result="Passed" start-time="2026-08-01 16:15:17Z" end-time="2026-08-01 16:15:17Z" duration="0.003090" asserts="0">
                  <properties />
                </test-case>
              </test-suite>
              <test-suite type="TestFixture" id="1059" name="V3CraftTelemetryHubTests" fullname="Lunarlight.Hovercraft.V3.Tests.V3CraftTelemetryHubTests" classname="Lunarlight.Hovercraft.V3.Tests.V3CraftTelemetryHubTests" runstate="Runnable" testcasecount="4" result="Failed" site="Child" start-time="2026-08-01 16:15:17Z" end-time="2026-08-01 16:15:17Z" duration="0.017079" total="4" passed="3" failed="1" inconclusive="0" skipped="0" asserts="0">
                <properties />
                <failure>
                  <message><![CDATA[One or more child tests had errors]]></message>
                </failure>
                <test-case id="1061" name="CapturedSnapshot_IsStableAfterLiveStateAndModeChange" fullname="Lunarlight.Hovercraft.V3.Tests.V3CraftTelemetryHubTests.CapturedSnapshot_IsStableAfterLiveStateAndModeChange" methodname="CapturedSnapshot_IsStableAfterLiveStateAndModeChange" classname="Lunarlight.Hovercraft.V3.Tests.V3CraftTelemetryHubTests" runstate="Runnable" seed="1530426070" result="Failed" start-time="2026-08-01 16:15:17Z" end-time="2026-08-01 16:15:17Z" duration="0.005863" asserts="0">
                  <properties />
                  <failure>
                    <message><![CDATA[  Expected: Propulsion
  But was:  Balanced
]]></message>
                    <stack-trace><![CDATA[at Lunarlight.Hovercraft.V3.Tests.V3CraftTelemetryHubTests.CapturedSnapshot_IsStableAfterLiveStateAndModeChange () [0x0012c] in D:\Projects\Unity\Slingshot2\Slingshot-2.0\Slingshot 2.0\Assets\HovercraftV3\Tests\Editor\Integration\V3CraftTelemetryHubTests.cs:155
]]></stack-trace>
                  </failure>
                </test-case>
                <test-case id="1062" name="NestedConnectorSnapshot_PreservesBothPartsAtOneSocket" fullname="Lunarlight.Hovercraft.V3.Tests.V3CraftTelemetryHubTests.NestedConnectorSnapshot_PreservesBothPartsAtOneSocket" methodname="NestedConnectorSnapshot_PreservesBothPartsAtOneSocket" classname="Lunarlight.Hovercraft.V3.Tests.V3CraftTelemetryHubTests" runstate="Runnable" seed="1089279505" result="Passed" start-time="2026-08-01 16:15:17Z" end-time="2026-08-01 16:15:17Z" duration="0.003609" asserts="0">
                  <properties />
                </test-case>
                <test-case id="1060" name="ReferenceSnapshot_ConsolidatesIdentityMotionPowerAndParts" fullname="Lunarlight.Hovercraft.V3.Tests.V3CraftTelemetryHubTests.ReferenceSnapshot_ConsolidatesIdentityMotionPowerAndParts" methodname="ReferenceSnapshot_ConsolidatesIdentityMotionPowerAndParts" classname="Lunarlight.Hovercraft.V3.Tests.V3CraftTelemetryHubTests" runstate="Runnable" seed="96850564" result="Passed" start-time="2026-08-01 16:15:17Z" end-time="2026-08-01 16:15:17Z" duration="0.004102" asserts="0">
                  <properties />
                </test-case>
                <test-case id="1063" name="RuntimeWithoutReferenceControllers_StillInstallsTelemetryKernel" fullname="Lunarlight.Hovercraft.V3.Tests.V3CraftTelemetryHubTests.RuntimeWithoutReferenceControllers_StillInstallsTelemetryKernel" methodname="RuntimeWithoutReferenceControllers_StillInstallsTelemetryKernel" classname="Lunarlight.Hovercraft.V3.Tests.V3CraftTelemetryHubTests" runstate="Runnable" seed="305953593" result="Passed" start-time="2026-08-01 16:15:17Z" end-time="2026-08-01 16:15:17Z" duration="0.002432" asserts="0">
                  <properties />
                </test-case>
              </test-suite>
              <test-suite type="TestFixture" id="1033" name="V3DiagnosticFoundationTests" fullname="Lunarlight.Hovercraft.V3.Tests.V3DiagnosticFoundationTests" classname="Lunarlight.Hovercraft.V3.Tests.V3DiagnosticFoundationTests" runstate="Runnable" testcasecount="6" result="Passed" start-time="2026-08-01 16:15:17Z" end-time="2026-08-01 16:15:17Z" duration="0.041406" total="6" passed="6" failed="0" inconclusive="0" skipped="0" asserts="0">
                <properties />
                <test-case id="1034" name="ChannelRegistry_CanonicalIdsAreUniqueAndVersioned" fullname="Lunarlight.Hovercraft.V3.Tests.V3DiagnosticFoundationTests.ChannelRegistry_CanonicalIdsAreUniqueAndVersioned" methodname="ChannelRegistry_CanonicalIdsAreUniqueAndVersioned" classname="Lunarlight.Hovercraft.V3.Tests.V3DiagnosticFoundationTests" runstate="Runnable" seed="2001466361" result="Passed" start-time="2026-08-01 16:15:17Z" end-time="2026-08-01 16:15:17Z" duration="0.000608" asserts="0">
                  <properties />
                </test-case>
                <test-case id="1035" name="Clock_ProducesMonotonicCanonicalIdentityAndPhaseStamp" fullname="Lunarlight.Hovercraft.V3.Tests.V3DiagnosticFoundationTests.Clock_ProducesMonotonicCanonicalIdentityAndPhaseStamp" methodname="Clock_ProducesMonotonicCanonicalIdentityAndPhaseStamp" classname="Lunarlight.Hovercraft.V3.Tests.V3DiagnosticFoundationTests" runstate="Runnable" seed="1686825064" result="Passed" start-time="2026-08-01 16:15:17Z" end-time="2026-08-01 16:15:17Z" duration="0.000875" asserts="0">
                  <properties />
                </test-case>
                <test-case id="1036" name="Clock_ReducedRateSamplesRetainPhysicalTickIdentity" fullname="Lunarlight.Hovercraft.V3.Tests.V3DiagnosticFoundationTests.Clock_ReducedRateSamplesRetainPhysicalTickIdentity" methodname="Clock_ReducedRateSamplesRetainPhysicalTickIdentity" classname="Lunarlight.Hovercraft.V3.Tests.V3DiagnosticFoundationTests" runstate="Runnable" seed="1444345564" result="Passed" start-time="2026-08-01 16:15:17Z" end-time="2026-08-01 16:15:17Z" duration="0.000144" asserts="0">
                  <properties />
                </test-case>
                <test-case id="1039" name="Export_WritesRequiredFoundationPackageAndChecksum" fullname="Lunarlight.Hovercraft.V3.Tests.V3DiagnosticFoundationTests.Export_WritesRequiredFoundationPackageAndChecksum" methodname="Export_WritesRequiredFoundationPackageAndChecksum" classname="Lunarlight.Hovercraft.V3.Tests.V3DiagnosticFoundationTests" runstate="Runnable" seed="1696454975" result="Passed" start-time="2026-08-01 16:15:17Z" end-time="2026-08-01 16:15:17Z" duration="0.038010" asserts="0">
                  <properties />
                </test-case>
                <test-case id="1037" name="Session_ReducedRateProfilePublishesSamplingMetadata" fullname="Lunarlight.Hovercraft.V3.Tests.V3DiagnosticFoundationTests.Session_ReducedRateProfilePublishesSamplingMetadata" methodname="Session_ReducedRateProfilePublishesSamplingMetadata" classname="Lunarlight.Hovercraft.V3.Tests.V3DiagnosticFoundationTests" runstate="Runnable" seed="1140663495" result="Passed" start-time="2026-08-01 16:15:17Z" end-time="2026-08-01 16:15:17Z" duration="0.000417" asserts="0">
                  <properties />
                </test-case>
                <test-case id="1038" name="Session_UsesBoundedPreallocatedSlotsAndReportsOverflow" fullname="Lunarlight.Hovercraft.V3.Tests.V3DiagnosticFoundationTests.Session_UsesBoundedPreallocatedSlotsAndReportsOverflow" methodname="Session_UsesBoundedPreallocatedSlotsAndReportsOverflow" classname="Lunarlight.Hovercraft.V3.Tests.V3DiagnosticFoundationTests" runstate="Runnable" seed="769135836" result="Passed" start-time="2026-08-01 16:15:17Z" end-time="2026-08-01 16:15:17Z" duration="0.000409" asserts="0">
                  <properties />
                </test-case>
              </test-suite>
              <test-suite type="TestFixture" id="1040" name="V3DiagnosticLedgerEventReportTests" fullname="Lunarlight.Hovercraft.V3.Tests.V3DiagnosticLedgerEventReportTests" classname="Lunarlight.Hovercraft.V3.Tests.V3DiagnosticLedgerEventReportTests" runstate="Runnable" testcasecount="5" result="Failed" site="Child" start-time="2026-08-01 16:15:17Z" end-time="2026-08-01 16:15:17Z" duration="0.025129" total="5" passed="2" failed="3" inconclusive="0" skipped="0" asserts="0">
                <properties />
                <failure>
                  <message><![CDATA[One or more child tests had errors]]></message>
                </failure>
                <test-case id="1042" name="EventDetector_RecordsTransitionWithRollingSampleContext" fullname="Lunarlight.Hovercraft.V3.Tests.V3DiagnosticLedgerEventReportTests.EventDetector_RecordsTransitionWithRollingSampleContext" methodname="EventDetector_RecordsTransitionWithRollingSampleContext" classname="Lunarlight.Hovercraft.V3.Tests.V3DiagnosticLedgerEventReportTests" runstate="Runnable" seed="45442292" result="Failed" start-time="2026-08-01 16:15:17Z" end-time="2026-08-01 16:15:17Z" duration="0.001523" asserts="0">
                  <properties />
                  <failure>
                    <message><![CDATA[  Expected: True
  But was:  False
]]></message>
                    <stack-trace><![CDATA[at Lunarlight.Hovercraft.V3.Tests.V3DiagnosticLedgerEventReportTests.EventDetector_RecordsTransitionWithRollingSampleContext () [0x00138] in D:\Projects\Unity\Slingshot2\Slingshot-2.0\Slingshot 2.0\Assets\HovercraftV3\Tests\Editor\Diagnostics\V3DiagnosticLedgerEventReportTests.cs:72
]]></stack-trace>
                  </failure>
                </test-case>
                <test-case id="1041" name="ForceLedger_ReconcilesKnownPhysicalForcesWithObservedAcceleration" fullname="Lunarlight.Hovercraft.V3.Tests.V3DiagnosticLedgerEventReportTests.ForceLedger_ReconcilesKnownPhysicalForcesWithObservedAcceleration" methodname="ForceLedger_ReconcilesKnownPhysicalForcesWithObservedAcceleration" classname="Lunarlight.Hovercraft.V3.Tests.V3DiagnosticLedgerEventReportTests" runstate="Runnable" seed="1378185585" result="Passed" start-time="2026-08-01 16:15:17Z" end-time="2026-08-01 16:15:17Z" duration="0.002370" asserts="0">
                  <properties />
                </test-case>
                <test-case id="1045" name="KnownMismatchBenchmark_ExportsEvidencePackageWithoutClaimingCause" fullname="Lunarlight.Hovercraft.V3.Tests.V3DiagnosticLedgerEventReportTests.KnownMismatchBenchmark_ExportsEvidencePackageWithoutClaimingCause" methodname="KnownMismatchBenchmark_ExportsEvidencePackageWithoutClaimingCause" classname="Lunarlight.Hovercraft.V3.Tests.V3DiagnosticLedgerEventReportTests" runstate="Runnable" seed="998468665" result="Failed" start-time="2026-08-01 16:15:17Z" end-time="2026-08-01 16:15:17Z" duration="0.014247" asserts="0">
                  <properties />
                  <failure>
                    <message><![CDATA[  Expected: String containing "3 samples disagreed"
  But was:  "# Hovercraft V3 Diagnostic Run Report

## Executive summary

Captured 3 synchronized physics samples over 0.06 seconds. Data quality: Degraded. Evidence includes 0 unexpected-airborne samples, 0 world/belief disagreement samples, and 0 power-limited samples. These counts identify review windows, not causes.

No gameplay authority was assigned to the recorder. Automated findings identify evidence windows and do not assert causation.

## Session identity

Session: `analysis-test`  
Profile: `FullForensic`

## Craft configuration

Build: ``  
Mass: 0 kg  
Hover configuration: `` v0  
Target / minimum / maximum range: 0 / 0 / 0 m  
Hover strength / damping: 0 / 0; gravity compensation: disabled x0  
Compression / extension limits: 0 / 0 m.  
Surface curvature feed-forward / response / cap: 0 / 0 / 0 m/s2.  
Roof capture strength / damping / cap / deadband: 0 / 0 / 0 m/s2 / 0 m.

## World configuration

Scene: ``  
World root: ``  
Profile: `` (``)  
Gravity: (0.00, 0.00, 0.00) m/s2  
Sea-level atmosphere: 0.0 C, 0 Pa, 0.000 kg/m3  
Fixed timestep: 0 s; environment zones: 0.

## Track overview

See `track_report.json` and `track_sections.csv`.

## Data quality

Degraded. Dropped samples: 0; dropped events: 0.

## Driving attempt summary

Resets create a new attempt. Teleport discontinuity samples are retained in raw data but excluded from dynamics aggregates.

| Attempt | Samples | Duration (s) | Max distance (m) | Mean speed (m/s) | Max speed (m/s) | Min ride height (m) | Events |
|---:|---:|---:|---:|---:|---:|---:|---:|
|0|3|0.04|1864.4|40|40|2.4|2|

## Lap summary

| Lap | Samples | Duration (s) | Mean speed (m/s) | Max speed (m/s) | Events |
|---:|---:|---:|---:|---:|---:|

## Section summary

| Section | Samples | Mean speed | Max lateral offset | Min ride height | Events |
|---|---:|---:|---:|---:|---:|

## Event timeline

| Event type | Count | Max severity |
|---|---:|---:|
|SensorWorldDisagreement|2|2|

## World truth versus craft belief

0 samples disagreed on grounded/contact classification.

## Sensor accuracy

| Sensor | Samples | Hits | Comparable | Mean abs distance error (m) | Mean normal error (deg) | Misses |
|---|---:|---:|---:|---:|---:|---:|

## System execution

| Task | Role | Requested Hz | Granted Hz | Measured Hz | Skipped | Below minimum samples | Fault samples |
|---|---|---:|---:|---:|---:|---:|---:|

## Router and actuator behavior

| Device | Type | Mean requested | Mean actual | Mean grant | Peak force (N) | Peak temp (C) | Limits | Faults |
|---|---|---:|---:|---:|---:|---:|---:|---:|

## Force and torque analysis

| Category | Mean magnitude (N) | Peak magnitude (N) | Mean gravity-vertical (N) |
|---|---:|---:|---:|
|gravity|0|0|0|
|propulsion|0|0|0|
|braking|0|0|0|
|hover|0|0|0|
|roof|0|0|0|
|lateral|0|0|0|
|aerodynamic|0|0|0|
|contact|0|0|0|
|expected_net|0|0|0|
|observed_net|0|0|0|
|residual|0|0|0|

Maximum residual force: 0 N; maximum residual torque: 0 Nm.
Contact-free residual (valid dynamics only): mean 0 N; p95 0 N; max 0 N across 0 samples.

## Power and thermal analysis

0 samples were power-limited; 0 per-device samples were thermally derated.

## Atmosphere and aerodynamics

Invalid world samples: 3; samples inside zones: 0. Density range: 0.000 to 0.000 kg/m3. Temperature range: 0.0 to 0.0 C. Maximum Mach: 0.000; maximum dynamic pressure: 0 Pa.

## Airborne/contact analysis

0 samples were classified unexpected-airborne.

## Repeated issue locations

| Section | Distance window (m) | Events | Max severity | Types |
|---|---:|---:|---:|---|
|section_S06|1860–1870|2|2|SensorWorldDisagreement|

## Evidence tables

The tables below are derived from synchronized samples; raw records remain authoritative.

## Potential investigation areas

- World environment sampling was invalid for one or more samples; review root/profile validation flags.

## Raw-data files

`channel_schema.json`, `events.json`, `event_context.ndjson`, `track_report.json`, `samples.ndjson`, `samples_compact.bin`, `samples_compact.bin.crc32`, `samples_core.csv`, `device_samples.csv`, `attempt_summary.csv`.

"
]]></message>
                    <stack-trace><![CDATA[at Lunarlight.Hovercraft.V3.Tests.V3DiagnosticLedgerEventReportTests.KnownMismatchBenchmark_ExportsEvidencePackageWithoutClaimingCause () [0x00328] in D:\Projects\Unity\Slingshot2\Slingshot-2.0\Slingshot 2.0\Assets\HovercraftV3\Tests\Editor\Diagnostics\V3DiagnosticLedgerEventReportTests.cs:261
]]></stack-trace>
                  </failure>
                </test-case>
                <test-case id="1043" name="ReportBuilder_ProducesSectionDeviceSystemSensorAndForceEvidence" fullname="Lunarlight.Hovercraft.V3.Tests.V3DiagnosticLedgerEventReportTests.ReportBuilder_ProducesSectionDeviceSystemSensorAndForceEvidence" methodname="ReportBuilder_ProducesSectionDeviceSystemSensorAndForceEvidence" classname="Lunarlight.Hovercraft.V3.Tests.V3DiagnosticLedgerEventReportTests" runstate="Runnable" seed="1469832143" result="Failed" start-time="2026-08-01 16:15:17Z" end-time="2026-08-01 16:15:17Z" duration="0.000958" asserts="0">
                  <properties />
                  <failure>
                    <message><![CDATA[  Expected: property Length equal to 1
  But was:  0
]]></message>
                    <stack-trace><![CDATA[at Lunarlight.Hovercraft.V3.Tests.V3DiagnosticLedgerEventReportTests.ReportBuilder_ProducesSectionDeviceSystemSensorAndForceEvidence () [0x002c9] in D:\Projects\Unity\Slingshot2\Slingshot-2.0\Slingshot 2.0\Assets\HovercraftV3\Tests\Editor\Diagnostics\V3DiagnosticLedgerEventReportTests.cs:135
]]></stack-trace>
                  </failure>
                </test-case>
                <test-case id="1044" name="ReportBuilder_SplitsAttemptsAndExcludesResetDiscontinuity" fullname="Lunarlight.Hovercraft.V3.Tests.V3DiagnosticLedgerEventReportTests.ReportBuilder_SplitsAttemptsAndExcludesResetDiscontinuity" methodname="ReportBuilder_SplitsAttemptsAndExcludesResetDiscontinuity" classname="Lunarlight.Hovercraft.V3.Tests.V3DiagnosticLedgerEventReportTests" runstate="Runnable" seed="1658265244" result="Passed" start-time="2026-08-01 16:15:17Z" end-time="2026-08-01 16:15:17Z" duration="0.002098" asserts="0">
                  <properties />
                </test-case>
              </test-suite>
              <test-suite type="TestFixture" id="1046" name="V3DiagnosticTruthAndSensorTests" fullname="Lunarlight.Hovercraft.V3.Tests.V3DiagnosticTruthAndSensorTests" classname="Lunarlight.Hovercraft.V3.Tests.V3DiagnosticTruthAndSensorTests" runstate="Runnable" testcasecount="12" result="Failed" site="Child" start-time="2026-08-01 16:15:17Z" end-time="2026-08-01 16:15:18Z" duration="0.088404" total="12" passed="11" failed="1" inconclusive="0" skipped="0" asserts="0">
                <properties />
                <failure>
                  <message><![CDATA[One or more child tests had errors]]></message>
                </failure>
                <test-case id="1056" name="BeliefRecorder_CapturesMainframeAndHoverInterpretedState" fullname="Lunarlight.Hovercraft.V3.Tests.V3DiagnosticTruthAndSensorTests.BeliefRecorder_CapturesMainframeAndHoverInterpretedState" methodname="BeliefRecorder_CapturesMainframeAndHoverInterpretedState" classname="Lunarlight.Hovercraft.V3.Tests.V3DiagnosticTruthAndSensorTests" runstate="Runnable" seed="1753840961" result="Passed" start-time="2026-08-01 16:15:17Z" end-time="2026-08-01 16:15:17Z" duration="0.015370" asserts="0">
                  <properties />
                </test-case>
                <test-case id="1058" name="DeviceRecorder_PreservesRequestAllocationExecutionChain" fullname="Lunarlight.Hovercraft.V3.Tests.V3DiagnosticTruthAndSensorTests.DeviceRecorder_PreservesRequestAllocationExecutionChain" methodname="DeviceRecorder_PreservesRequestAllocationExecutionChain" classname="Lunarlight.Hovercraft.V3.Tests.V3DiagnosticTruthAndSensorTests" runstate="Runnable" seed="1669780860" result="Passed" start-time="2026-08-01 16:15:17Z" end-time="2026-08-01 16:15:17Z" duration="0.016759" asserts="0">
                  <properties />
                  <output><![CDATA[Hovercraft V3 could not sample an authoritative World Simulation. World-dependent sensors and aerodynamics are invalid; Unity Rigidbody gravity remains as the documented compatibility fallback.
]]></output>
                </test-case>
                <test-case id="1053" name="EventDetector_IgnoresRoundingOnlyPowerDeficits" fullname="Lunarlight.Hovercraft.V3.Tests.V3DiagnosticTruthAndSensorTests.EventDetector_IgnoresRoundingOnlyPowerDeficits" methodname="EventDetector_IgnoresRoundingOnlyPowerDeficits" classname="Lunarlight.Hovercraft.V3.Tests.V3DiagnosticTruthAndSensorTests" runstate="Runnable" seed="1945936107" result="Passed" start-time="2026-08-01 16:15:17Z" end-time="2026-08-01 16:15:17Z" duration="0.000308" asserts="0">
                  <properties />
                </test-case>
                <test-case id="1052" name="EventDetector_UsesLocalTrackNormalForLoopRollover" fullname="Lunarlight.Hovercraft.V3.Tests.V3DiagnosticTruthAndSensorTests.EventDetector_UsesLocalTrackNormalForLoopRollover" methodname="EventDetector_UsesLocalTrackNormalForLoopRollover" classname="Lunarlight.Hovercraft.V3.Tests.V3DiagnosticTruthAndSensorTests" runstate="Runnable" seed="530643881" result="Passed" start-time="2026-08-01 16:15:17Z" end-time="2026-08-01 16:15:17Z" duration="0.005031" asserts="0">
                  <properties />
                </test-case>
                <test-case id="1050" name="EventDetector_UsesPhysicalTakeoffAndContactLandingVocabulary" fullname="Lunarlight.Hovercraft.V3.Tests.V3DiagnosticTruthAndSensorTests.EventDetector_UsesPhysicalTakeoffAndContactLandingVocabulary" methodname="EventDetector_UsesPhysicalTakeoffAndContactLandingVocabulary" classname="Lunarlight.Hovercraft.V3.Tests.V3DiagnosticTruthAndSensorTests" runstate="Runnable" seed="86272347" result="Passed" start-time="2026-08-01 16:15:17Z" end-time="2026-08-01 16:15:17Z" duration="0.000300" asserts="0">
                  <properties />
                </test-case>
                <test-case id="1057" name="ExecutionRecorder_CapturesSchedulerRequestsAndPower" fullname="Lunarlight.Hovercraft.V3.Tests.V3DiagnosticTruthAndSensorTests.ExecutionRecorder_CapturesSchedulerRequestsAndPower" methodname="ExecutionRecorder_CapturesSchedulerRequestsAndPower" classname="Lunarlight.Hovercraft.V3.Tests.V3DiagnosticTruthAndSensorTests" runstate="Runnable" seed="200670268" result="Passed" start-time="2026-08-01 16:15:17Z" end-time="2026-08-01 16:15:17Z" duration="0.006016" asserts="0">
                  <properties />
                  <output><![CDATA[Hovercraft V3 could not sample an authoritative World Simulation. World-dependent sensors and aerodynamics are invalid; Unity Rigidbody gravity remains as the documented compatibility fallback.
]]></output>
                </test-case>
                <test-case id="1055" name="SensorRecorder_RecordsPhysicalMountsAndExplicitMissingTruth" fullname="Lunarlight.Hovercraft.V3.Tests.V3DiagnosticTruthAndSensorTests.SensorRecorder_RecordsPhysicalMountsAndExplicitMissingTruth" methodname="SensorRecorder_RecordsPhysicalMountsAndExplicitMissingTruth" classname="Lunarlight.Hovercraft.V3.Tests.V3DiagnosticTruthAndSensorTests" runstate="Runnable" seed="227847973" result="Passed" start-time="2026-08-01 16:15:17Z" end-time="2026-08-01 16:15:17Z" duration="0.006151" asserts="0">
                  <properties />
                </test-case>
                <test-case id="1054" name="TrackAnalyzer_MapsWorldPoseIntoTrackFrameWithoutMutatingBody" fullname="Lunarlight.Hovercraft.V3.Tests.V3DiagnosticTruthAndSensorTests.TrackAnalyzer_MapsWorldPoseIntoTrackFrameWithoutMutatingBody" methodname="TrackAnalyzer_MapsWorldPoseIntoTrackFrameWithoutMutatingBody" classname="Lunarlight.Hovercraft.V3.Tests.V3DiagnosticTruthAndSensorTests" runstate="Runnable" seed="406966947" result="Passed" start-time="2026-08-01 16:15:17Z" end-time="2026-08-01 16:15:18Z" duration="0.013367" asserts="0">
                  <properties />
                </test-case>
                <test-case id="1051" name="WorldContact_UsesConfiguredEightMetreHoverEnvelope" fullname="Lunarlight.Hovercraft.V3.Tests.V3DiagnosticTruthAndSensorTests.WorldContact_UsesConfiguredEightMetreHoverEnvelope" methodname="WorldContact_UsesConfiguredEightMetreHoverEnvelope" classname="Lunarlight.Hovercraft.V3.Tests.V3DiagnosticTruthAndSensorTests" runstate="Runnable" seed="44850608" result="Failed" start-time="2026-08-01 16:15:18Z" end-time="2026-08-01 16:15:18Z" duration="0.005208" asserts="0">
                  <properties />
                  <failure>
                    <message><![CDATA[  Expected: HoveringNearSurface
  But was:  AirborneUnexpected
]]></message>
                    <stack-trace><![CDATA[at Lunarlight.Hovercraft.V3.Tests.V3DiagnosticTruthAndSensorTests.WorldContact_UsesConfiguredEightMetreHoverEnvelope () [0x0008c] in D:\Projects\Unity\Slingshot2\Slingshot-2.0\Slingshot 2.0\Assets\HovercraftV3\Tests\Editor\Diagnostics\V3DiagnosticTruthAndSensorTests.cs:192
]]></stack-trace>
                  </failure>
                </test-case>
                <test-case id="1047" name="WorldTruth_DerivesAccelerationFromCanonicalFixedDelta" fullname="Lunarlight.Hovercraft.V3.Tests.V3DiagnosticTruthAndSensorTests.WorldTruth_DerivesAccelerationFromCanonicalFixedDelta" methodname="WorldTruth_DerivesAccelerationFromCanonicalFixedDelta" classname="Lunarlight.Hovercraft.V3.Tests.V3DiagnosticTruthAndSensorTests" runstate="Runnable" seed="1709465759" result="Passed" start-time="2026-08-01 16:15:18Z" end-time="2026-08-01 16:15:18Z" duration="0.004637" asserts="0">
                  <properties />
                </test-case>
                <test-case id="1048" name="WorldTruth_PreservesDistinctCraftAndWorldTickIdentities" fullname="Lunarlight.Hovercraft.V3.Tests.V3DiagnosticTruthAndSensorTests.WorldTruth_PreservesDistinctCraftAndWorldTickIdentities" methodname="WorldTruth_PreservesDistinctCraftAndWorldTickIdentities" classname="Lunarlight.Hovercraft.V3.Tests.V3DiagnosticTruthAndSensorTests" runstate="Runnable" seed="976693751" result="Passed" start-time="2026-08-01 16:15:18Z" end-time="2026-08-01 16:15:18Z" duration="0.006600" asserts="0">
                  <properties />
                </test-case>
                <test-case id="1049" name="WorldTruth_ResetBoundaryDoesNotCreateTeleportAcceleration" fullname="Lunarlight.Hovercraft.V3.Tests.V3DiagnosticTruthAndSensorTests.WorldTruth_ResetBoundaryDoesNotCreateTeleportAcceleration" methodname="WorldTruth_ResetBoundaryDoesNotCreateTeleportAcceleration" classname="Lunarlight.Hovercraft.V3.Tests.V3DiagnosticTruthAndSensorTests" runstate="Runnable" seed="1173764392" result="Passed" start-time="2026-08-01 16:15:18Z" end-time="2026-08-01 16:15:18Z" duration="0.007136" asserts="0">
                  <properties />
                </test-case>
              </test-suite>
              <test-suite type="TestFixture" id="1118" name="V3GimbalVariationTests" fullname="Lunarlight.Hovercraft.V3.Tests.V3GimbalVariationTests" classname="Lunarlight.Hovercraft.V3.Tests.V3GimbalVariationTests" runstate="Runnable" testcasecount="4" result="Passed" start-time="2026-08-01 16:15:18Z" end-time="2026-08-01 16:15:18Z" duration="0.029231" total="4" passed="4" failed="0" inconclusive="0" skipped="0" asserts="0">
                <properties />
                <test-case id="1120" name="GimbalInput_HoldsTransientMouseCommandBeforeRecentering" fullname="Lunarlight.Hovercraft.V3.Tests.V3GimbalVariationTests.GimbalInput_HoldsTransientMouseCommandBeforeRecentering" methodname="GimbalInput_HoldsTransientMouseCommandBeforeRecentering" classname="Lunarlight.Hovercraft.V3.Tests.V3GimbalVariationTests" runstate="Runnable" seed="1778802121" result="Passed" start-time="2026-08-01 16:15:18Z" end-time="2026-08-01 16:15:18Z" duration="0.000333" asserts="0">
                  <properties />
                </test-case>
                <test-case id="1119" name="GimbalServo_UsesAuthoredAccelerationAndSpeedLimits" fullname="Lunarlight.Hovercraft.V3.Tests.V3GimbalVariationTests.GimbalServo_UsesAuthoredAccelerationAndSpeedLimits" methodname="GimbalServo_UsesAuthoredAccelerationAndSpeedLimits" classname="Lunarlight.Hovercraft.V3.Tests.V3GimbalVariationTests" runstate="Runnable" seed="1090712431" result="Passed" start-time="2026-08-01 16:15:18Z" end-time="2026-08-01 16:15:18Z" duration="0.000149" asserts="0">
                  <properties />
                </test-case>
                <test-case id="1122" name="GimbalVariation_PhysicalSimulationAddsNaturalYawAuthority" fullname="Lunarlight.Hovercraft.V3.Tests.V3GimbalVariationTests.GimbalVariation_PhysicalSimulationAddsNaturalYawAuthority" methodname="GimbalVariation_PhysicalSimulationAddsNaturalYawAuthority" classname="Lunarlight.Hovercraft.V3.Tests.V3GimbalVariationTests" runstate="Runnable" seed="1529179539" result="Passed" start-time="2026-08-01 16:15:18Z" end-time="2026-08-01 16:15:18Z" duration="0.018615" asserts="0">
                  <properties />
                </test-case>
                <test-case id="1121" name="GimbalVariation_SameThrusterGainsPoweredYawDeflection" fullname="Lunarlight.Hovercraft.V3.Tests.V3GimbalVariationTests.GimbalVariation_SameThrusterGainsPoweredYawDeflection" methodname="GimbalVariation_SameThrusterGainsPoweredYawDeflection" classname="Lunarlight.Hovercraft.V3.Tests.V3GimbalVariationTests" runstate="Runnable" seed="2121058284" result="Passed" start-time="2026-08-01 16:15:18Z" end-time="2026-08-01 16:15:18Z" duration="0.007812" asserts="0">
                  <properties />
                </test-case>
              </test-suite>
              <test-suite type="TestFixture" id="1149" name="V3HandlingControllerTests" fullname="Lunarlight.Hovercraft.V3.Tests.V3HandlingControllerTests" classname="Lunarlight.Hovercraft.V3.Tests.V3HandlingControllerTests" runstate="Runnable" testcasecount="18" result="Passed" start-time="2026-08-01 16:15:18Z" end-time="2026-08-01 16:15:18Z" duration="0.015516" total="18" passed="18" failed="0" inconclusive="0" skipped="0" asserts="0">
                <properties />
                <test-case id="1162" name="ActuatorAllocator_ProducesYawTorqueFromBalancedStrafeThrusters" fullname="Lunarlight.Hovercraft.V3.Tests.V3HandlingControllerTests.ActuatorAllocator_ProducesYawTorqueFromBalancedStrafeThrusters" methodname="ActuatorAllocator_ProducesYawTorqueFromBalancedStrafeThrusters" classname="Lunarlight.Hovercraft.V3.Tests.V3HandlingControllerTests" runstate="Runnable" seed="591581213" result="Passed" start-time="2026-08-01 16:15:18Z" end-time="2026-08-01 16:15:18Z" duration="0.002746" asserts="0">
                  <properties />
                </test-case>
                <test-case id="1163" name="AngularAcceleration_IsConvertedThroughTheRigidbodyInertiaTensor" fullname="Lunarlight.Hovercraft.V3.Tests.V3HandlingControllerTests.AngularAcceleration_IsConvertedThroughTheRigidbodyInertiaTensor" methodname="AngularAcceleration_IsConvertedThroughTheRigidbodyInertiaTensor" classname="Lunarlight.Hovercraft.V3.Tests.V3HandlingControllerTests" runstate="Runnable" seed="1042853059" result="Passed" start-time="2026-08-01 16:15:18Z" end-time="2026-08-01 16:15:18Z" duration="0.000632" asserts="0">
                  <properties />
                </test-case>
                <test-case id="1164" name="FinCoefficientModel_UsesAoAStallDragAndReverseFlow" fullname="Lunarlight.Hovercraft.V3.Tests.V3HandlingControllerTests.FinCoefficientModel_UsesAoAStallDragAndReverseFlow" methodname="FinCoefficientModel_UsesAoAStallDragAndReverseFlow" classname="Lunarlight.Hovercraft.V3.Tests.V3HandlingControllerTests" runstate="Runnable" seed="441015233" result="Passed" start-time="2026-08-01 16:15:18Z" end-time="2026-08-01 16:15:18Z" duration="0.000787" asserts="0">
                  <properties />
                </test-case>
                <test-case id="1150" name="HandlingControllers_CannotApplyForcesDirectlyToRigidbody" fullname="Lunarlight.Hovercraft.V3.Tests.V3HandlingControllerTests.HandlingControllers_CannotApplyForcesDirectlyToRigidbody" methodname="HandlingControllers_CannotApplyForcesDirectlyToRigidbody" classname="Lunarlight.Hovercraft.V3.Tests.V3HandlingControllerTests" runstate="Runnable" seed="241945658" result="Passed" start-time="2026-08-01 16:15:18Z" end-time="2026-08-01 16:15:18Z" duration="0.000972" asserts="0">
                  <properties />
                </test-case>
                <test-case id="1155" name="HoverDamping_IgnoresForwardSpeedParallelToSurface" fullname="Lunarlight.Hovercraft.V3.Tests.V3HandlingControllerTests.HoverDamping_IgnoresForwardSpeedParallelToSurface" methodname="HoverDamping_IgnoresForwardSpeedParallelToSurface" classname="Lunarlight.Hovercraft.V3.Tests.V3HandlingControllerTests" runstate="Runnable" seed="576716783" result="Passed" start-time="2026-08-01 16:15:18Z" end-time="2026-08-01 16:15:18Z" duration="0.000225" asserts="0">
                  <properties />
                </test-case>
                <test-case id="1156" name="HoverDamping_UsesVelocityAlongDetectedSurfaceNormal" fullname="Lunarlight.Hovercraft.V3.Tests.V3HandlingControllerTests.HoverDamping_UsesVelocityAlongDetectedSurfaceNormal" methodname="HoverDamping_UsesVelocityAlongDetectedSurfaceNormal" classname="Lunarlight.Hovercraft.V3.Tests.V3HandlingControllerTests" runstate="Runnable" seed="484147854" result="Passed" start-time="2026-08-01 16:15:18Z" end-time="2026-08-01 16:15:18Z" duration="0.000152" asserts="0">
                  <properties />
                </test-case>
                <test-case id="1153" name="HoverFallback_ProjectsMissedProbeOntoDetectedSurface" fullname="Lunarlight.Hovercraft.V3.Tests.V3HandlingControllerTests.HoverFallback_ProjectsMissedProbeOntoDetectedSurface" methodname="HoverFallback_ProjectsMissedProbeOntoDetectedSurface" classname="Lunarlight.Hovercraft.V3.Tests.V3HandlingControllerTests" runstate="Runnable" seed="1279979048" result="Passed" start-time="2026-08-01 16:15:18Z" end-time="2026-08-01 16:15:18Z" duration="0.000321" asserts="0">
                  <properties />
                </test-case>
                <test-case id="1154" name="HoverFallback_RejectsSurfaceBehindProbe" fullname="Lunarlight.Hovercraft.V3.Tests.V3HandlingControllerTests.HoverFallback_RejectsSurfaceBehindProbe" methodname="HoverFallback_RejectsSurfaceBehindProbe" classname="Lunarlight.Hovercraft.V3.Tests.V3HandlingControllerTests" runstate="Runnable" seed="1610620173" result="Passed" start-time="2026-08-01 16:15:18Z" end-time="2026-08-01 16:15:18Z" duration="0.000076" asserts="0">
                  <properties />
                </test-case>
                <test-case id="1165" name="InertiaHelpers_RoundTripTorqueAndAddDistributedMass" fullname="Lunarlight.Hovercraft.V3.Tests.V3HandlingControllerTests.InertiaHelpers_RoundTripTorqueAndAddDistributedMass" methodname="InertiaHelpers_RoundTripTorqueAndAddDistributedMass" classname="Lunarlight.Hovercraft.V3.Tests.V3HandlingControllerTests" runstate="Runnable" seed="35689221" result="Passed" start-time="2026-08-01 16:15:18Z" end-time="2026-08-01 16:15:18Z" duration="0.001006" asserts="0">
                  <properties />
                </test-case>
                <test-case id="1158" name="RoofCapture_RespondsToSeparationWithoutVirtualAdhesion" fullname="Lunarlight.Hovercraft.V3.Tests.V3HandlingControllerTests.RoofCapture_RespondsToSeparationWithoutVirtualAdhesion" methodname="RoofCapture_RespondsToSeparationWithoutVirtualAdhesion" classname="Lunarlight.Hovercraft.V3.Tests.V3HandlingControllerTests" runstate="Runnable" seed="8848971" result="Passed" start-time="2026-08-01 16:15:18Z" end-time="2026-08-01 16:15:18Z" duration="0.000150" asserts="0">
                  <properties />
                </test-case>
                <test-case id="1152" name="SurfaceAlignment_DampsExistingRollPitchRate" fullname="Lunarlight.Hovercraft.V3.Tests.V3HandlingControllerTests.SurfaceAlignment_DampsExistingRollPitchRate" methodname="SurfaceAlignment_DampsExistingRollPitchRate" classname="Lunarlight.Hovercraft.V3.Tests.V3HandlingControllerTests" runstate="Runnable" seed="1022663429" result="Passed" start-time="2026-08-01 16:15:18Z" end-time="2026-08-01 16:15:18Z" duration="0.000487" asserts="0">
                  <properties />
                </test-case>
                <test-case id="1151" name="SurfaceAlignment_ProducesBoundedRollPitchCorrectionWithoutYaw" fullname="Lunarlight.Hovercraft.V3.Tests.V3HandlingControllerTests.SurfaceAlignment_ProducesBoundedRollPitchCorrectionWithoutYaw" methodname="SurfaceAlignment_ProducesBoundedRollPitchCorrectionWithoutYaw" classname="Lunarlight.Hovercraft.V3.Tests.V3HandlingControllerTests" runstate="Runnable" seed="1214457697" result="Passed" start-time="2026-08-01 16:15:18Z" end-time="2026-08-01 16:15:18Z" duration="0.000202" asserts="0">
                  <properties />
                </test-case>
                <test-case id="1157" name="SurfaceTracking_ConvertsSensedNormalRotationIntoBoundedAcceleration" fullname="Lunarlight.Hovercraft.V3.Tests.V3HandlingControllerTests.SurfaceTracking_ConvertsSensedNormalRotationIntoBoundedAcceleration" methodname="SurfaceTracking_ConvertsSensedNormalRotationIntoBoundedAcceleration" classname="Lunarlight.Hovercraft.V3.Tests.V3HandlingControllerTests" runstate="Runnable" seed="1963688164" result="Passed" start-time="2026-08-01 16:15:18Z" end-time="2026-08-01 16:15:18Z" duration="0.000390" asserts="0">
                  <properties />
                </test-case>
                <test-case id="1159" name="SystemsCraft_RoofCaptureSubmitsOnlyPhysicalThrusterRequests" fullname="Lunarlight.Hovercraft.V3.Tests.V3HandlingControllerTests.SystemsCraft_RoofCaptureSubmitsOnlyPhysicalThrusterRequests" methodname="SystemsCraft_RoofCaptureSubmitsOnlyPhysicalThrusterRequests" classname="Lunarlight.Hovercraft.V3.Tests.V3HandlingControllerTests" runstate="Runnable" seed="1053231694" result="Passed" start-time="2026-08-01 16:15:18Z" end-time="2026-08-01 16:15:18Z" duration="0.004741" asserts="0">
                  <properties />
                </test-case>
                <test-case id="1166" name="Traction_CoastsLaterallyAndLongitudinally" fullname="Lunarlight.Hovercraft.V3.Tests.V3HandlingControllerTests.Traction_CoastsLaterallyAndLongitudinally" methodname="Traction_CoastsLaterallyAndLongitudinally" classname="Lunarlight.Hovercraft.V3.Tests.V3HandlingControllerTests" runstate="Runnable" seed="610366898" result="Passed" start-time="2026-08-01 16:15:18Z" end-time="2026-08-01 16:15:18Z" duration="0.000322" asserts="0">
                  <properties />
                </test-case>
                <test-case id="1167" name="Traction_OnlyAddsLongitudinalGripAgainstTrajectory" fullname="Lunarlight.Hovercraft.V3.Tests.V3HandlingControllerTests.Traction_OnlyAddsLongitudinalGripAgainstTrajectory" methodname="Traction_OnlyAddsLongitudinalGripAgainstTrajectory" classname="Lunarlight.Hovercraft.V3.Tests.V3HandlingControllerTests" runstate="Runnable" seed="1406486009" result="Passed" start-time="2026-08-01 16:15:18Z" end-time="2026-08-01 16:15:18Z" duration="0.000113" asserts="0">
                  <properties />
                </test-case>
                <test-case id="1160" name="Vectoring_SeparatesPilotYawFromPhysicalRateDampingIntent" fullname="Lunarlight.Hovercraft.V3.Tests.V3HandlingControllerTests.Vectoring_SeparatesPilotYawFromPhysicalRateDampingIntent" methodname="Vectoring_SeparatesPilotYawFromPhysicalRateDampingIntent" classname="Lunarlight.Hovercraft.V3.Tests.V3HandlingControllerTests" runstate="Runnable" seed="1411268677" result="Passed" start-time="2026-08-01 16:15:18Z" end-time="2026-08-01 16:15:18Z" duration="0.000090" asserts="0">
                  <properties />
                </test-case>
                <test-case id="1161" name="Vectoring_StrafeCalibrationPreservesReferenceForce" fullname="Lunarlight.Hovercraft.V3.Tests.V3HandlingControllerTests.Vectoring_StrafeCalibrationPreservesReferenceForce" methodname="Vectoring_StrafeCalibrationPreservesReferenceForce" classname="Lunarlight.Hovercraft.V3.Tests.V3HandlingControllerTests" runstate="Runnable" seed="312407505" result="Passed" start-time="2026-08-01 16:15:18Z" end-time="2026-08-01 16:15:18Z" duration="0.000073" asserts="0">
                  <properties />
                </test-case>
              </test-suite>
              <test-suite type="TestFixture" id="1168" name="V3MainframeFoundationTests" fullname="Lunarlight.Hovercraft.V3.Tests.V3MainframeFoundationTests" classname="Lunarlight.Hovercraft.V3.Tests.V3MainframeFoundationTests" runstate="Runnable" testcasecount="5" result="Passed" start-time="2026-08-01 16:15:18Z" end-time="2026-08-01 16:15:18Z" duration="0.002571" total="5" passed="5" failed="0" inconclusive="0" skipped="0" asserts="0">
                <properties />
                <test-case id="1172" name="DirectionalSensor_UsesSixDistinctChassisAxes" fullname="Lunarlight.Hovercraft.V3.Tests.V3MainframeFoundationTests.DirectionalSensor_UsesSixDistinctChassisAxes" methodname="DirectionalSensor_UsesSixDistinctChassisAxes" classname="Lunarlight.Hovercraft.V3.Tests.V3MainframeFoundationTests" runstate="Runnable" seed="2140678005" result="Passed" start-time="2026-08-01 16:15:18Z" end-time="2026-08-01 16:15:18Z" duration="0.000293" asserts="0">
                  <properties />
                </test-case>
                <test-case id="1170" name="IntentBus_PreservesHighLevelPilotIntent" fullname="Lunarlight.Hovercraft.V3.Tests.V3MainframeFoundationTests.IntentBus_PreservesHighLevelPilotIntent" methodname="IntentBus_PreservesHighLevelPilotIntent" classname="Lunarlight.Hovercraft.V3.Tests.V3MainframeFoundationTests" runstate="Runnable" seed="1751322072" result="Passed" start-time="2026-08-01 16:15:18Z" end-time="2026-08-01 16:15:18Z" duration="0.000170" asserts="0">
                  <properties />
                </test-case>
                <test-case id="1173" name="LegacyReferenceChassis_HasNoIntegratedMainframe" fullname="Lunarlight.Hovercraft.V3.Tests.V3MainframeFoundationTests.LegacyReferenceChassis_HasNoIntegratedMainframe" methodname="LegacyReferenceChassis_HasNoIntegratedMainframe" classname="Lunarlight.Hovercraft.V3.Tests.V3MainframeFoundationTests" runstate="Runnable" seed="1576089117" result="Passed" start-time="2026-08-01 16:15:18Z" end-time="2026-08-01 16:15:18Z" duration="0.000171" asserts="0">
                  <properties />
                </test-case>
                <test-case id="1169" name="ObservationBus_ReplacesOnlyMatchingTypedSource" fullname="Lunarlight.Hovercraft.V3.Tests.V3MainframeFoundationTests.ObservationBus_ReplacesOnlyMatchingTypedSource" methodname="ObservationBus_ReplacesOnlyMatchingTypedSource" classname="Lunarlight.Hovercraft.V3.Tests.V3MainframeFoundationTests" runstate="Runnable" seed="1837460912" result="Passed" start-time="2026-08-01 16:15:18Z" end-time="2026-08-01 16:15:18Z" duration="0.000957" asserts="0">
                  <properties />
                </test-case>
                <test-case id="1171" name="SystemRequest_ExpiresAtDeclaredValidityBoundary" fullname="Lunarlight.Hovercraft.V3.Tests.V3MainframeFoundationTests.SystemRequest_ExpiresAtDeclaredValidityBoundary" methodname="SystemRequest_ExpiresAtDeclaredValidityBoundary" classname="Lunarlight.Hovercraft.V3.Tests.V3MainframeFoundationTests" runstate="Runnable" seed="1595926178" result="Passed" start-time="2026-08-01 16:15:18Z" end-time="2026-08-01 16:15:18Z" duration="0.000172" asserts="0">
                  <properties />
                </test-case>
              </test-suite>
              <test-suite type="TestFixture" id="1174" name="V3OverloadProtectionTests" fullname="Lunarlight.Hovercraft.V3.Tests.V3OverloadProtectionTests" classname="Lunarlight.Hovercraft.V3.Tests.V3OverloadProtectionTests" runstate="Runnable" testcasecount="2" result="Failed" site="Child" start-time="2026-08-01 16:15:18Z" end-time="2026-08-01 16:15:18Z" duration="0.004241" total="2" passed="1" failed="1" inconclusive="0" skipped="0" asserts="0">
                <properties />
                <failure>
                  <message><![CDATA[One or more child tests had errors]]></message>
                </failure>
                <test-case id="1175" name="EmergencyOverload_RaisesOutputPowerAndHeatWithoutChangingNormal" fullname="Lunarlight.Hovercraft.V3.Tests.V3OverloadProtectionTests.EmergencyOverload_RaisesOutputPowerAndHeatWithoutChangingNormal" methodname="EmergencyOverload_RaisesOutputPowerAndHeatWithoutChangingNormal" classname="Lunarlight.Hovercraft.V3.Tests.V3OverloadProtectionTests" runstate="Runnable" seed="2099181496" result="Failed" start-time="2026-08-01 16:15:18Z" end-time="2026-08-01 16:15:18Z" duration="0.002668" asserts="0">
                  <properties />
                  <failure>
                    <message><![CDATA[  Expected: True
  But was:  False
]]></message>
                    <stack-trace><![CDATA[at Lunarlight.Hovercraft.V3.Tests.V3OverloadProtectionTests.EmergencyOverload_RaisesOutputPowerAndHeatWithoutChangingNormal () [0x00121] in D:\Projects\Unity\Slingshot2\Slingshot-2.0\Slingshot 2.0\Assets\HovercraftV3\Tests\Editor\Systems\V3OverloadProtectionTests.cs:55
]]></stack-trace>
                  </failure>
                </test-case>
                <test-case id="1176" name="ThermalProtection_DeratesLocksOutCoolsAndRestarts" fullname="Lunarlight.Hovercraft.V3.Tests.V3OverloadProtectionTests.ThermalProtection_DeratesLocksOutCoolsAndRestarts" methodname="ThermalProtection_DeratesLocksOutCoolsAndRestarts" classname="Lunarlight.Hovercraft.V3.Tests.V3OverloadProtectionTests" runstate="Runnable" seed="401448651" result="Passed" start-time="2026-08-01 16:15:18Z" end-time="2026-08-01 16:15:18Z" duration="0.001084" asserts="0">
                  <properties />
                </test-case>
              </test-suite>
              <test-suite type="TestFixture" id="1142" name="V3ParityHarnessTests" fullname="Lunarlight.Hovercraft.V3.Tests.V3ParityHarnessTests" classname="Lunarlight.Hovercraft.V3.Tests.V3ParityHarnessTests" runstate="Runnable" testcasecount="6" result="Skipped" label="Ignored" start-time="2026-08-01 16:15:20Z" end-time="2026-08-01 16:15:20Z" duration="0.071943" total="6" passed="5" failed="0" inconclusive="0" skipped="1" asserts="0">
                <properties />
                <reason>
                  <message><![CDATA[One or more child tests were ignored]]></message>
                </reason>
                <test-case id="1144" name="CommandProfile_EvaluatesSegmentBoundariesDeterministically" fullname="Lunarlight.Hovercraft.V3.Tests.V3ParityHarnessTests.CommandProfile_EvaluatesSegmentBoundariesDeterministically" methodname="CommandProfile_EvaluatesSegmentBoundariesDeterministically" classname="Lunarlight.Hovercraft.V3.Tests.V3ParityHarnessTests" runstate="Runnable" seed="1474266192" result="Passed" start-time="2026-08-01 16:15:18Z" end-time="2026-08-01 16:15:18Z" duration="0.000701" asserts="0">
                  <properties />
                </test-case>
                <test-case id="1143" name="GeneratedProfile_CoversReferenceMeasurementSegments" fullname="Lunarlight.Hovercraft.V3.Tests.V3ParityHarnessTests.GeneratedProfile_CoversReferenceMeasurementSegments" methodname="GeneratedProfile_CoversReferenceMeasurementSegments" classname="Lunarlight.Hovercraft.V3.Tests.V3ParityHarnessTests" runstate="Runnable" seed="849660528" result="Passed" start-time="2026-08-01 16:15:18Z" end-time="2026-08-01 16:15:18Z" duration="0.000834" asserts="0">
                  <properties />
                </test-case>
                <test-case id="1148" name="ParityScene_CompletesFullProfileAndExportsTelemetry" fullname="Lunarlight.Hovercraft.V3.Tests.V3ParityHarnessTests.ParityScene_CompletesFullProfileAndExportsTelemetry" methodname="ParityScene_CompletesFullProfileAndExportsTelemetry" classname="Lunarlight.Hovercraft.V3.Tests.V3ParityHarnessTests" runstate="Runnable" seed="1697319543" result="Skipped" label="Ignored" start-time="2026-08-01 16:15:18Z" end-time="2026-08-01 16:15:18Z" duration="0.002396" asserts="0">
                  <properties>
                    <property name="_JOINTYPE" value="UnityCombinatorial" />
                    <property name="Category" value="ParityCapture" />
                  </properties>
                  <reason>
                    <message><![CDATA[Set HOVERCRAFT_V3_RUN_PARITY_CAPTURE=1 to run the 78-second real-time Gate 3 capture.]]></message>
                  </reason>
                </test-case>
                <test-case id="1147" name="ParityScene_StartsScriptedRunInPlayMode" fullname="Lunarlight.Hovercraft.V3.Tests.V3ParityHarnessTests.ParityScene_StartsScriptedRunInPlayMode" methodname="ParityScene_StartsScriptedRunInPlayMode" classname="Lunarlight.Hovercraft.V3.Tests.V3ParityHarnessTests" runstate="Runnable" seed="900428695" result="Passed" start-time="2026-08-01 16:15:18Z" end-time="2026-08-01 16:15:20Z" duration="2.433539" asserts="0">
                  <properties>
                    <property name="_JOINTYPE" value="UnityCombinatorial" />
                  </properties>
                </test-case>
                <test-case id="1146" name="Summary_DoesNotTreatPresetScenarioSpeedAsAccelerationMaximum" fullname="Lunarlight.Hovercraft.V3.Tests.V3ParityHarnessTests.Summary_DoesNotTreatPresetScenarioSpeedAsAccelerationMaximum" methodname="Summary_DoesNotTreatPresetScenarioSpeedAsAccelerationMaximum" classname="Lunarlight.Hovercraft.V3.Tests.V3ParityHarnessTests" runstate="Runnable" seed="967215902" result="Passed" start-time="2026-08-01 16:15:20Z" end-time="2026-08-01 16:15:20Z" duration="0.004128" asserts="0">
                  <properties />
                </test-case>
                <test-case id="1145" name="V2Fingerprint_RejectsPlaceholderAndAcceptsReferenceMassLayout" fullname="Lunarlight.Hovercraft.V3.Tests.V3ParityHarnessTests.V2Fingerprint_RejectsPlaceholderAndAcceptsReferenceMassLayout" methodname="V2Fingerprint_RejectsPlaceholderAndAcceptsReferenceMassLayout" classname="Lunarlight.Hovercraft.V3.Tests.V3ParityHarnessTests" runstate="Runnable" seed="1908943708" result="Passed" start-time="2026-08-01 16:15:20Z" end-time="2026-08-01 16:15:20Z" duration="0.000970" asserts="0">
                  <properties />
                </test-case>
              </test-suite>
              <test-suite type="TestFixture" id="1064" name="V3PlayerFeedbackAndRecoveryTests" fullname="Lunarlight.Hovercraft.V3.Tests.V3PlayerFeedbackAndRecoveryTests" classname="Lunarlight.Hovercraft.V3.Tests.V3PlayerFeedbackAndRecoveryTests" runstate="Runnable" testcasecount="9" result="Failed" site="Child" start-time="2026-08-01 16:15:20Z" end-time="2026-08-01 16:15:20Z" duration="0.070871" total="9" passed="8" failed="1" inconclusive="0" skipped="0" asserts="0">
                <properties />
                <failure>
                  <message><![CDATA[One or more child tests had errors]]></message>
                </failure>
                <test-case id="1072" name="AirborneRecovery_RejectsFalseGroundAndProvidesLiftAuthority" fullname="Lunarlight.Hovercraft.V3.Tests.V3PlayerFeedbackAndRecoveryTests.AirborneRecovery_RejectsFalseGroundAndProvidesLiftAuthority" methodname="AirborneRecovery_RejectsFalseGroundAndProvidesLiftAuthority" classname="Lunarlight.Hovercraft.V3.Tests.V3PlayerFeedbackAndRecoveryTests" runstate="Runnable" seed="1346538345" result="Passed" start-time="2026-08-01 16:15:20Z" end-time="2026-08-01 16:15:20Z" duration="0.007825" asserts="0">
                  <properties />
                </test-case>
                <test-case id="1070" name="CockpitWarnings_ReportOverloadDeratingAndLockout" fullname="Lunarlight.Hovercraft.V3.Tests.V3PlayerFeedbackAndRecoveryTests.CockpitWarnings_ReportOverloadDeratingAndLockout" methodname="CockpitWarnings_ReportOverloadDeratingAndLockout" classname="Lunarlight.Hovercraft.V3.Tests.V3PlayerFeedbackAndRecoveryTests" runstate="Runnable" seed="2055762020" result="Failed" start-time="2026-08-01 16:15:20Z" end-time="2026-08-01 16:15:20Z" duration="0.007493" asserts="0">
                  <properties />
                  <failure>
                    <message><![CDATA[  Expected: True
  But was:  False
]]></message>
                    <stack-trace><![CDATA[at Lunarlight.Hovercraft.V3.Tests.V3PlayerFeedbackAndRecoveryTests.CockpitWarnings_ReportOverloadDeratingAndLockout () [0x00146] in D:\Projects\Unity\Slingshot2\Slingshot-2.0\Slingshot 2.0\Assets\HovercraftV3\Tests\Editor\Integration\V3PlayerFeedbackAndRecoveryTests.cs:138
]]></stack-trace>
                  </failure>
                </test-case>
                <test-case id="1074" name="FreeDriveScene_HasPlayableCraftCameraHudAndCourse" fullname="Lunarlight.Hovercraft.V3.Tests.V3PlayerFeedbackAndRecoveryTests.FreeDriveScene_HasPlayableCraftCameraHudAndCourse" methodname="FreeDriveScene_HasPlayableCraftCameraHudAndCourse" classname="Lunarlight.Hovercraft.V3.Tests.V3PlayerFeedbackAndRecoveryTests" runstate="Runnable" seed="770279081" result="Passed" start-time="2026-08-01 16:15:20Z" end-time="2026-08-01 16:15:20Z" duration="0.018739" asserts="0">
                  <properties />
                </test-case>
                <test-case id="1073" name="FreeDriveSession_BindsAndResetsReferenceCraft" fullname="Lunarlight.Hovercraft.V3.Tests.V3PlayerFeedbackAndRecoveryTests.FreeDriveSession_BindsAndResetsReferenceCraft" methodname="FreeDriveSession_BindsAndResetsReferenceCraft" classname="Lunarlight.Hovercraft.V3.Tests.V3PlayerFeedbackAndRecoveryTests" runstate="Runnable" seed="889219482" result="Passed" start-time="2026-08-01 16:15:20Z" end-time="2026-08-01 16:15:20Z" duration="0.004809" asserts="0">
                  <properties />
                </test-case>
                <test-case id="1065" name="PilotInput_UsesRebindableKeyboardAndGamepadActions" fullname="Lunarlight.Hovercraft.V3.Tests.V3PlayerFeedbackAndRecoveryTests.PilotInput_UsesRebindableKeyboardAndGamepadActions" methodname="PilotInput_UsesRebindableKeyboardAndGamepadActions" classname="Lunarlight.Hovercraft.V3.Tests.V3PlayerFeedbackAndRecoveryTests" runstate="Runnable" seed="1445284108" result="Passed" start-time="2026-08-01 16:15:20Z" end-time="2026-08-01 16:15:20Z" duration="0.002904" asserts="0">
                  <properties />
                </test-case>
                <test-suite type="ParameterizedMethod" id="1069" name="PresetBuilds_ExposePlayerFacingVehicleIdentity" fullname="Lunarlight.Hovercraft.V3.Tests.V3PlayerFeedbackAndRecoveryTests.PresetBuilds_ExposePlayerFacingVehicleIdentity" classname="Lunarlight.Hovercraft.V3.Tests.V3PlayerFeedbackAndRecoveryTests" runstate="Runnable" testcasecount="3" result="Passed" start-time="2026-08-01 16:15:20Z" end-time="2026-08-01 16:15:20Z" duration="0.002389" total="3" passed="3" failed="0" inconclusive="0" skipped="0" asserts="0">
                  <properties />
                  <test-case id="1066" name="PresetBuilds_ExposePlayerFacingVehicleIdentity(&quot;Assets/HovercraftV3/Generated/ReferenceCrafts/V2Parity/Builds/ApexV3_V2Reference.asset&quot;,&quot;Apex V3 Reference&quot;,&quot;Direct-Mount / Balanced&quot;)" fullname="Lunarlight.Hovercraft.V3.Tests.V3PlayerFeedbackAndRecoveryTests.PresetBuilds_ExposePlayerFacingVehicleIdentity(&quot;Assets/HovercraftV3/Generated/ReferenceCrafts/V2Parity/Builds/ApexV3_V2Reference.asset&quot;,&quot;Apex V3 Reference&quot;,&quot;Direct-Mount / Balanced&quot;)" methodname="PresetBuilds_ExposePlayerFacingVehicleIdentity" classname="Lunarlight.Hovercraft.V3.Tests.V3PlayerFeedbackAndRecoveryTests" runstate="Runnable" seed="162274686" result="Passed" start-time="2026-08-01 16:15:20Z" end-time="2026-08-01 16:15:20Z" duration="0.000572" asserts="0">
                    <properties />
                  </test-case>
[...]
                  <properties />
                </test-case>
                <test-case id="1105" name="CompleteCraft_ContainsRequiredPhysicalSystems" fullname="Lunarlight.Hovercraft.V3.Tests.V3SystemsIntegrationTests.CompleteCraft_ContainsRequiredPhysicalSystems" methodname="CompleteCraft_ContainsRequiredPhysicalSystems" classname="Lunarlight.Hovercraft.V3.Tests.V3SystemsIntegrationTests" runstate="Runnable" seed="1090915268" result="Passed" start-time="2026-08-01 16:18:19Z" end-time="2026-08-01 16:18:19Z" duration="0.003898" asserts="0">
                  <properties />
                </test-case>
                <test-case id="1106" name="CompleteCraft_DoesNotInstallDuplicateSystemsOverlay" fullname="Lunarlight.Hovercraft.V3.Tests.V3SystemsIntegrationTests.CompleteCraft_DoesNotInstallDuplicateSystemsOverlay" methodname="CompleteCraft_DoesNotInstallDuplicateSystemsOverlay" classname="Lunarlight.Hovercraft.V3.Tests.V3SystemsIntegrationTests" runstate="Runnable" seed="2024091713" result="Passed" start-time="2026-08-01 16:18:19Z" end-time="2026-08-01 16:18:19Z" duration="0.003688" asserts="0">
                  <properties />
                </test-case>
                <test-case id="1101" name="GeneratedBuild_IsValidAndHasStableIdentity" fullname="Lunarlight.Hovercraft.V3.Tests.V3SystemsIntegrationTests.GeneratedBuild_IsValidAndHasStableIdentity" methodname="GeneratedBuild_IsValidAndHasStableIdentity" classname="Lunarlight.Hovercraft.V3.Tests.V3SystemsIntegrationTests" runstate="Runnable" seed="793520731" result="Passed" start-time="2026-08-01 16:18:19Z" end-time="2026-08-01 16:18:19Z" duration="0.000253" asserts="0">
                  <properties />
                </test-case>
                <test-case id="1108" name="MainframeTick_RunsSoftwareAndRoutesStandardRequests" fullname="Lunarlight.Hovercraft.V3.Tests.V3SystemsIntegrationTests.MainframeTick_RunsSoftwareAndRoutesStandardRequests" methodname="MainframeTick_RunsSoftwareAndRoutesStandardRequests" classname="Lunarlight.Hovercraft.V3.Tests.V3SystemsIntegrationTests" runstate="Runnable" seed="534827486" result="Passed" start-time="2026-08-01 16:18:19Z" end-time="2026-08-01 16:18:19Z" duration="0.007149" asserts="0">
                  <properties />
                </test-case>
                <test-case id="1107" name="SensorsAndFins_AreCompactAndMountedOnChassisSurfaces" fullname="Lunarlight.Hovercraft.V3.Tests.V3SystemsIntegrationTests.SensorsAndFins_AreCompactAndMountedOnChassisSurfaces" methodname="SensorsAndFins_AreCompactAndMountedOnChassisSurfaces" classname="Lunarlight.Hovercraft.V3.Tests.V3SystemsIntegrationTests" runstate="Runnable" seed="2105773966" result="Passed" start-time="2026-08-01 16:18:19Z" end-time="2026-08-01 16:18:19Z" duration="0.001060" asserts="0">
                  <properties />
                </test-case>
                <test-case id="1111" name="SystemsRuntime_SurvivesTenMinutesOfVirtualFixedTicks" fullname="Lunarlight.Hovercraft.V3.Tests.V3SystemsIntegrationTests.SystemsRuntime_SurvivesTenMinutesOfVirtualFixedTicks" methodname="SystemsRuntime_SurvivesTenMinutesOfVirtualFixedTicks" classname="Lunarlight.Hovercraft.V3.Tests.V3SystemsIntegrationTests" runstate="Runnable" seed="1812663658" result="Passed" start-time="2026-08-01 16:18:19Z" end-time="2026-08-01 16:18:21Z" duration="2.579709" asserts="0">
                  <properties />
                </test-case>
                <test-case id="1110" name="V2ReferenceBuild_RemainsExactLegacyMass" fullname="Lunarlight.Hovercraft.V3.Tests.V3SystemsIntegrationTests.V2ReferenceBuild_RemainsExactLegacyMass" methodname="V2ReferenceBuild_RemainsExactLegacyMass" classname="Lunarlight.Hovercraft.V3.Tests.V3SystemsIntegrationTests" runstate="Runnable" seed="802848410" result="Passed" start-time="2026-08-01 16:18:21Z" end-time="2026-08-01 16:18:21Z" duration="0.000387" asserts="0">
                  <properties />
                </test-case>
              </test-suite>
              <test-suite type="TestFixture" id="1020" name="V3ThermalFoundationTests" fullname="Lunarlight.Hovercraft.V3.Tests.V3ThermalFoundationTests" classname="Lunarlight.Hovercraft.V3.Tests.V3ThermalFoundationTests" runstate="Runnable" testcasecount="6" result="Passed" start-time="2026-08-01 16:18:21Z" end-time="2026-08-01 16:18:21Z" duration="0.012472" total="6" passed="6" failed="0" inconclusive="0" skipped="0" asserts="0">
                <properties />
                <test-case id="1023" name="EnergyCore_ReportsCraftPowerUtilizationAndLoadHeat" fullname="Lunarlight.Hovercraft.V3.Tests.V3ThermalFoundationTests.EnergyCore_ReportsCraftPowerUtilizationAndLoadHeat" methodname="EnergyCore_ReportsCraftPowerUtilizationAndLoadHeat" classname="Lunarlight.Hovercraft.V3.Tests.V3ThermalFoundationTests" runstate="Runnable" seed="171318507" result="Passed" start-time="2026-08-01 16:18:21Z" end-time="2026-08-01 16:18:21Z" duration="0.003029" asserts="0">
                  <properties />
                </test-case>
                <test-case id="1026" name="OverheatThreshold_EntersProtectionWithoutChangingManualEnable" fullname="Lunarlight.Hovercraft.V3.Tests.V3ThermalFoundationTests.OverheatThreshold_EntersProtectionWithoutChangingManualEnable" methodname="OverheatThreshold_EntersProtectionWithoutChangingManualEnable" classname="Lunarlight.Hovercraft.V3.Tests.V3ThermalFoundationTests" runstate="Runnable" seed="1078461633" result="Passed" start-time="2026-08-01 16:18:21Z" end-time="2026-08-01 16:18:21Z" duration="0.001256" asserts="0">
                  <properties />
                </test-case>
                <test-case id="1022" name="ThermalController_LoadedThrusterHeatsFasterThenCoolsUnloaded" fullname="Lunarlight.Hovercraft.V3.Tests.V3ThermalFoundationTests.ThermalController_LoadedThrusterHeatsFasterThenCoolsUnloaded" methodname="ThermalController_LoadedThrusterHeatsFasterThenCoolsUnloaded" classname="Lunarlight.Hovercraft.V3.Tests.V3ThermalFoundationTests" runstate="Runnable" seed="1526855916" result="Passed" start-time="2026-08-01 16:18:21Z" end-time="2026-08-01 16:18:21Z" duration="0.003267" asserts="0">
                  <properties />
                </test-case>
                <test-case id="1021" name="ThermalController_TracksEveryRelevantInstalledPart" fullname="Lunarlight.Hovercraft.V3.Tests.V3ThermalFoundationTests.ThermalController_TracksEveryRelevantInstalledPart" methodname="ThermalController_TracksEveryRelevantInstalledPart" classname="Lunarlight.Hovercraft.V3.Tests.V3ThermalFoundationTests" runstate="Runnable" seed="220793798" result="Passed" start-time="2026-08-01 16:18:21Z" end-time="2026-08-01 16:18:21Z" duration="0.002892" asserts="0">
                  <properties />
                </test-case>
                <test-case id="1024" name="ThermalModel_OverloadOutputUsesReservedHeatMultiplier" fullname="Lunarlight.Hovercraft.V3.Tests.V3ThermalFoundationTests.ThermalModel_OverloadOutputUsesReservedHeatMultiplier" methodname="ThermalModel_OverloadOutputUsesReservedHeatMultiplier" classname="Lunarlight.Hovercraft.V3.Tests.V3ThermalFoundationTests" runstate="Runnable" seed="1766151710" result="Passed" start-time="2026-08-01 16:18:21Z" end-time="2026-08-01 16:18:21Z" duration="0.000245" asserts="0">
                  <properties />
                </test-case>
                <test-case id="1025" name="ThrusterDebugColor_ProgressesFromCoolToSafeToOverheat" fullname="Lunarlight.Hovercraft.V3.Tests.V3ThermalFoundationTests.ThrusterDebugColor_ProgressesFromCoolToSafeToOverheat" methodname="ThrusterDebugColor_ProgressesFromCoolToSafeToOverheat" classname="Lunarlight.Hovercraft.V3.Tests.V3ThermalFoundationTests" runstate="Runnable" seed="1190971201" result="Passed" start-time="2026-08-01 16:18:21Z" end-time="2026-08-01 16:18:21Z" duration="0.000348" asserts="0">
                  <properties />
                </test-case>
              </test-suite>
              <test-suite type="TestFixture" id="1112" name="V3TrackTestSceneIntegrationTests" fullname="Lunarlight.Hovercraft.V3.Tests.V3TrackTestSceneIntegrationTests" classname="Lunarlight.Hovercraft.V3.Tests.V3TrackTestSceneIntegrationTests" runstate="Runnable" testcasecount="2" result="Passed" start-time="2026-08-01 16:18:40Z" end-time="2026-08-01 16:18:40Z" duration="0.356408" total="2" passed="2" failed="0" inconclusive="0" skipped="0" asserts="0">
                <properties />
                <test-case id="1114" name="TrackTestScene_PlayModeAdoptsCachedTrackAndPlacesCraft" fullname="Lunarlight.Hovercraft.V3.Tests.V3TrackTestSceneIntegrationTests.TrackTestScene_PlayModeAdoptsCachedTrackAndPlacesCraft" methodname="TrackTestScene_PlayModeAdoptsCachedTrackAndPlacesCraft" classname="Lunarlight.Hovercraft.V3.Tests.V3TrackTestSceneIntegrationTests" runstate="Explicit" seed="662878869" result="Passed" start-time="2026-08-01 16:18:21Z" end-time="2026-08-01 16:18:40Z" duration="18.727315" asserts="0">
                  <properties>
                    <property name="_JOINTYPE" value="UnityCombinatorial" />
                    <property name="_SKIPREASON" value="Generates the full procedural track and is intentionally reserved for focused Track Test scene validation." />
                    <property name="retryIteration" value="0" />
                    <property name="repeatIteration" value="0" />
                  </properties>
                </test-case>
                <test-case id="1113" name="TrackTestScene_UsesGeneratorOwnedV3StartPose" fullname="Lunarlight.Hovercraft.V3.Tests.V3TrackTestSceneIntegrationTests.TrackTestScene_UsesGeneratorOwnedV3StartPose" methodname="TrackTestScene_UsesGeneratorOwnedV3StartPose" classname="Lunarlight.Hovercraft.V3.Tests.V3TrackTestSceneIntegrationTests" runstate="Runnable" seed="179156306" result="Passed" start-time="2026-08-01 16:18:40Z" end-time="2026-08-01 16:18:40Z" duration="0.151270" asserts="0">
                  <properties>
                    <property name="retryIteration" value="0" />
                    <property name="repeatIteration" value="0" />
                  </properties>
                </test-case>
              </test-suite>
              <test-suite type="TestFixture" id="1115" name="V3WorldClockAndHoverConfigurationTests" fullname="Lunarlight.Hovercraft.V3.Tests.V3WorldClockAndHoverConfigurationTests" classname="Lunarlight.Hovercraft.V3.Tests.V3WorldClockAndHoverConfigurationTests" runstate="Runnable" testcasecount="2" result="Passed" start-time="2026-08-01 16:18:40Z" end-time="2026-08-01 16:18:40Z" duration="0.075074" total="2" passed="2" failed="0" inconclusive="0" skipped="0" asserts="0">
                <properties />
                <test-case id="1117" name="CaptureEnvelope_DecaysAndFallbackCannotReachFullAuthority" fullname="Lunarlight.Hovercraft.V3.Tests.V3WorldClockAndHoverConfigurationTests.CaptureEnvelope_DecaysAndFallbackCannotReachFullAuthority" methodname="CaptureEnvelope_DecaysAndFallbackCannotReachFullAuthority" classname="Lunarlight.Hovercraft.V3.Tests.V3WorldClockAndHoverConfigurationTests" runstate="Runnable" seed="1942179693" result="Passed" start-time="2026-08-01 16:18:40Z" end-time="2026-08-01 16:18:40Z" duration="0.000430" asserts="0">
                  <properties>
                    <property name="retryIteration" value="0" />
                    <property name="repeatIteration" value="0" />
                  </properties>
                </test-case>
                <test-case id="1116" name="SerializedHoverConfiguration_PersistsAndReassemblesExactly" fullname="Lunarlight.Hovercraft.V3.Tests.V3WorldClockAndHoverConfigurationTests.SerializedHoverConfiguration_PersistsAndReassemblesExactly" methodname="SerializedHoverConfiguration_PersistsAndReassemblesExactly" classname="Lunarlight.Hovercraft.V3.Tests.V3WorldClockAndHoverConfigurationTests" runstate="Runnable" seed="1230649507" result="Passed" start-time="2026-08-01 16:18:40Z" end-time="2026-08-01 16:18:40Z" duration="0.073603" asserts="0">
                  <properties>
                    <property name="retryIteration" value="0" />
                    <property name="repeatIteration" value="0" />
                  </properties>
                </test-case>
              </test-suite>
              <test-suite type="TestFixture" id="1183" name="V3WorldSimulationTests" fullname="Lunarlight.Hovercraft.V3.Tests.V3WorldSimulationTests" classname="Lunarlight.Hovercraft.V3.Tests.V3WorldSimulationTests" runstate="Runnable" testcasecount="9" result="Passed" start-time="2026-08-01 16:18:40Z" end-time="2026-08-01 16:19:23Z" duration="42.618691" total="9" passed="9" failed="0" inconclusive="0" skipped="0" asserts="0">
                <properties />
                <test-case id="1190" name="CrosswindAndHotZones_BlendAirflowDensityAndCooling" fullname="Lunarlight.Hovercraft.V3.Tests.V3WorldSimulationTests.CrosswindAndHotZones_BlendAirflowDensityAndCooling" methodname="CrosswindAndHotZones_BlendAirflowDensityAndCooling" classname="Lunarlight.Hovercraft.V3.Tests.V3WorldSimulationTests" runstate="Runnable" seed="791964557" result="Passed" start-time="2026-08-01 16:18:40Z" end-time="2026-08-01 16:18:40Z" duration="0.020269" asserts="0">
                  <properties>
                    <property name="retryIteration" value="0" />
                    <property name="repeatIteration" value="0" />
                  </properties>
                </test-case>
                <test-case id="1192" name="DevelopmentScenes_HaveExactlyOneConfiguredWorldRoot" fullname="Lunarlight.Hovercraft.V3.Tests.V3WorldSimulationTests.DevelopmentScenes_HaveExactlyOneConfiguredWorldRoot" methodname="DevelopmentScenes_HaveExactlyOneConfiguredWorldRoot" classname="Lunarlight.Hovercraft.V3.Tests.V3WorldSimulationTests" runstate="Runnable" seed="1228681435" result="Passed" start-time="2026-08-01 16:18:40Z" end-time="2026-08-01 16:19:23Z" duration="42.420883" asserts="0">
                  <properties>
                    <property name="retryIteration" value="0" />
                    <property name="repeatIteration" value="0" />
                  </properties>
                </test-case>
                <test-case id="1191" name="DifferentCraftInitializationTimes_ShareOneWorldClockAndFields" fullname="Lunarlight.Hovercraft.V3.Tests.V3WorldSimulationTests.DifferentCraftInitializationTimes_ShareOneWorldClockAndFields" methodname="DifferentCraftInitializationTimes_ShareOneWorldClockAndFields" classname="Lunarlight.Hovercraft.V3.Tests.V3WorldSimulationTests" runstate="Runnable" seed="878791094" result="Passed" start-time="2026-08-01 16:19:23Z" end-time="2026-08-01 16:19:23Z" duration="0.140532" asserts="0">
                  <properties>
                    <property name="retryIteration" value="0" />
                    <property name="repeatIteration" value="0" />
                  </properties>
                </test-case>
                <test-case id="1184" name="EarthProfile_ProducesCoherentSeaLevelAndAltitudeSamples" fullname="Lunarlight.Hovercraft.V3.Tests.V3WorldSimulationTests.EarthProfile_ProducesCoherentSeaLevelAndAltitudeSamples" methodname="EarthProfile_ProducesCoherentSeaLevelAndAltitudeSamples" classname="Lunarlight.Hovercraft.V3.Tests.V3WorldSimulationTests" runstate="Runnable" seed="1854887334" result="Passed" start-time="2026-08-01 16:19:23Z" end-time="2026-08-01 16:19:23Z" duration="0.005920" asserts="0">
                  <properties>
                    <property name="retryIteration" value="0" />
                    <property name="repeatIteration" value="0" />
                  </properties>
                </test-case>
                <test-case id="1187" name="QueryService_ReportsMissingAndDuplicateWorlds" fullname="Lunarlight.Hovercraft.V3.Tests.V3WorldSimulationTests.QueryService_ReportsMissingAndDuplicateWorlds" methodname="QueryService_ReportsMissingAndDuplicateWorlds" classname="Lunarlight.Hovercraft.V3.Tests.V3WorldSimulationTests" runstate="Runnable" seed="1888352508" result="Passed" start-time="2026-08-01 16:19:23Z" end-time="2026-08-01 16:19:23Z" duration="0.007196" asserts="0">
                  <properties>
                    <property name="retryIteration" value="0" />
                    <property name="repeatIteration" value="0" />
                  </properties>
                  <output><![CDATA[Hovercraft V3 requires exactly one active World Simulation root in scene ''. Multiple roots are active.
]]></output>
                </test-case>
                <test-case id="1189" name="RelativeAirflow_HeadwindAndTailwindChangeDynamicPressure" fullname="Lunarlight.Hovercraft.V3.Tests.V3WorldSimulationTests.RelativeAirflow_HeadwindAndTailwindChangeDynamicPressure" methodname="RelativeAirflow_HeadwindAndTailwindChangeDynamicPressure" classname="Lunarlight.Hovercraft.V3.Tests.V3WorldSimulationTests" runstate="Runnable" seed="1809775479" result="Passed" start-time="2026-08-01 16:19:23Z" end-time="2026-08-01 16:19:23Z" duration="0.005280" asserts="0">
                  <properties>
                    <property name="retryIteration" value="0" />
                    <property name="repeatIteration" value="0" />
                  </properties>
                </test-case>
                <test-case id="1188" name="ThermalInput_UsesDensityAirspeedAndWorldMultiplier" fullname="Lunarlight.Hovercraft.V3.Tests.V3WorldSimulationTests.ThermalInput_UsesDensityAirspeedAndWorldMultiplier" methodname="ThermalInput_UsesDensityAirspeedAndWorldMultiplier" classname="Lunarlight.Hovercraft.V3.Tests.V3WorldSimulationTests" runstate="Runnable" seed="144848575" result="Passed" start-time="2026-08-01 16:19:23Z" end-time="2026-08-01 16:19:23Z" duration="0.005344" asserts="0">
                  <properties>
                    <property name="retryIteration" value="0" />
                    <property name="repeatIteration" value="0" />
                  </properties>
                </test-case>
                <test-case id="1185" name="WindGustAndTurbulence_AreDeterministicAndSmooth" fullname="Lunarlight.Hovercraft.V3.Tests.V3WorldSimulationTests.WindGustAndTurbulence_AreDeterministicAndSmooth" methodname="WindGustAndTurbulence_AreDeterministicAndSmooth" classname="Lunarlight.Hovercraft.V3.Tests.V3WorldSimulationTests" runstate="Runnable" seed="673051954" result="Passed" start-time="2026-08-01 16:19:23Z" end-time="2026-08-01 16:19:23Z" duration="0.005656" asserts="0">
                  <properties>
                    <property name="retryIteration" value="0" />
                    <property name="repeatIteration" value="0" />
                  </properties>
                </test-case>
                <test-case id="1186" name="Zones_BlendAndHigherPriorityOverrideWins" fullname="Lunarlight.Hovercraft.V3.Tests.V3WorldSimulationTests.Zones_BlendAndHigherPriorityOverrideWins" methodname="Zones_BlendAndHigherPriorityOverrideWins" classname="Lunarlight.Hovercraft.V3.Tests.V3WorldSimulationTests" runstate="Runnable" seed="2094207893" result="Passed" start-time="2026-08-01 16:19:23Z" end-time="2026-08-01 16:19:23Z" duration="0.005561" asserts="0">
                  <properties>
                    <property name="retryIteration" value="0" />
                    <property name="repeatIteration" value="0" />
                  </properties>
                  <output><![CDATA[Saving results to: C:/Users/Jack_/AppData/LocalLow/DefaultCompany/Slingshot 2_0\TestResults.xml
]]></output>
                </test-case>
              </test-suite>
            </test-suite>
          </test-suite>
        </test-suite>
      </test-suite>
    </test-suite>
  </test-suite>
</test-run>