<?xml version="1.0" encoding="utf-8"?>
<test-run id="2" testcasecount="1" result="Passed" total="1" passed="1" failed="0" inconclusive="0" skipped="0" asserts="0" engine-version="3.5.0.0" clr-version="4.0.30319.42000" start-time="2026-08-01 17:07:55Z" end-time="2026-08-01 17:07:57Z" duration="1.6780057">
  <test-suite type="TestSuite" id="1000" name="Slingshot 2.0" fullname="Slingshot 2.0" runstate="Runnable" testcasecount="284" result="Passed" start-time="2026-08-01 17:07:55Z" end-time="2026-08-01 17:07:57Z" duration="1.678006" total="1" passed="1" failed="0" inconclusive="0" skipped="0" asserts="0">
    <properties>
      <property name="platform" value="EditMode" />
    </properties>
    <test-suite type="Assembly" id="1196" name="Lunarlight.Hovercraft.V3.EditorTests.dll" fullname="D:/Projects/Unity/Slingshot2/Slingshot-2.0/Slingshot 2.0/Library/ScriptAssemblies/Lunarlight.Hovercraft.V3.EditorTests.dll" runstate="Runnable" testcasecount="167" result="Passed" start-time="2026-08-01 17:07:55Z" end-time="2026-08-01 17:07:57Z" duration="1.632226" total="1" passed="1" failed="0" inconclusive="0" skipped="0" asserts="0">
      <properties>
        <property name="_PID" value="139932" />
        <property name="_APPDOMAIN" value="Unity Child Domain" />
        <property name="platform" value="EditMode" />
        <property name="EditorOnly" value="True" />
      </properties>
      <test-suite type="TestSuite" id="1197" name="Lunarlight" fullname="Lunarlight" runstate="Runnable" testcasecount="167" result="Passed" start-time="2026-08-01 17:07:55Z" end-time="2026-08-01 17:07:57Z" duration="1.631395" total="1" passed="1" failed="0" inconclusive="0" skipped="0" asserts="0">
        <properties />
        <test-suite type="TestSuite" id="1198" name="Hovercraft" fullname="Lunarlight.Hovercraft" runstate="Runnable" testcasecount="167" result="Passed" start-time="2026-08-01 17:07:55Z" end-time="2026-08-01 17:07:57Z" duration="1.631031" total="1" passed="1" failed="0" inconclusive="0" skipped="0" asserts="0">
          <properties />
          <test-suite type="TestSuite" id="1199" name="V3" fullname="Lunarlight.Hovercraft.V3" runstate="Runnable" testcasecount="167" result="Passed" start-time="2026-08-01 17:07:55Z" end-time="2026-08-01 17:07:57Z" duration="1.630720" total="1" passed="1" failed="0" inconclusive="0" skipped="0" asserts="0">
            <properties />
            <test-suite type="TestSuite" id="1200" name="Tests" fullname="Lunarlight.Hovercraft.V3.Tests" runstate="Runnable" testcasecount="167" result="Passed" start-time="2026-08-01 17:07:55Z" end-time="2026-08-01 17:07:57Z" duration="1.627189" total="1" passed="1" failed="0" inconclusive="0" skipped="0" asserts="0">
              <properties />
              <test-suite type="TestFixture" id="1027" name="V3ControlledDynamicsTests" fullname="Lunarlight.Hovercraft.V3.Tests.V3ControlledDynamicsTests" classname="Lunarlight.Hovercraft.V3.Tests.V3ControlledDynamicsTests" runstate="Runnable" testcasecount="8" result="Passed" start-time="2026-08-01 17:07:55Z" end-time="2026-08-01 17:07:57Z" duration="1.622162" total="1" passed="1" failed="0" inconclusive="0" skipped="0" asserts="0">
                <properties />
                <test-case id="1035" name="SelectedScenario_RunsThroughSerializedSceneAndExports" fullname="Lunarlight.Hovercraft.V3.Tests.V3ControlledDynamicsTests.SelectedScenario_RunsThroughSerializedSceneAndExports" methodname="SelectedScenario_RunsThroughSerializedSceneAndExports" classname="Lunarlight.Hovercraft.V3.Tests.V3ControlledDynamicsTests" runstate="Runnable" seed="526818269" result="Passed" start-time="2026-08-01 17:07:53Z" end-time="2026-08-01 17:07:57Z" duration="4.033816" asserts="0">
                  <properties>
                    <property name="_JOINTYPE" value="UnityCombinatorial" />
                    <property name="Category" value="ControlledCapture" />
                    <property name="retryIteration" value="0" />
                    <property name="repeatIteration" value="0" />
                  </properties>
                  <output><![CDATA[Controlled selected-scenario package: D:\Projects\Unity\Slingshot2\Slingshot-2.0\Slingshot 2.0\TestDriveReports\HovercraftV3\Controlled\2026-08-01_170756_test.v3.authored_variant.persistence.01_20260801_170755_850f50f4a5f5
Saving results to: C:/Users/Jack_/AppData/LocalLow/DefaultCompany/Slingshot 2_0\TestResults.xml
]]></output>
                </test-case>
              </test-suite>
            </test-suite>
          </test-suite>
        </test-suite>
      </test-suite>
    </test-suite>
  </test-suite>
</test-run>