<?xml version="1.0" encoding="utf-8"?>
<test-run id="2" testcasecount="98" result="Failed(Child)" total="98" passed="94" failed="3" inconclusive="0" skipped="1" asserts="0" engine-version="3.5.0.0" clr-version="4.0.30319.42000" start-time="2026-07-29 09:58:51Z" end-time="2026-07-29 09:58:53Z" duration="2.0055772">
  <test-suite type="TestSuite" id="1000" name="Slingshot 2.0" fullname="Slingshot 2.0" runstate="Runnable" testcasecount="213" result="Failed" site="Child" start-time="2026-07-29 09:58:51Z" end-time="2026-07-29 09:58:53Z" duration="2.005577" total="98" passed="94" failed="3" inconclusive="0" skipped="1" asserts="0">
    <properties>
      <property name="platform" value="EditMode" />
    </properties>
    <failure>
      <message><![CDATA[One or more child tests had errors]]></message>
    </failure>
    <test-suite type="Assembly" id="1117" name="Lunarlight.Hovercraft.V3.EditorTests.dll" fullname="D:/Projects/Unity/Slingshot2/Slingshot-2.0/Slingshot 2.0/Library/ScriptAssemblies/Lunarlight.Hovercraft.V3.EditorTests.dll" runstate="Runnable" testcasecount="98" result="Failed" site="Child" start-time="2026-07-29 09:58:51Z" end-time="2026-07-29 09:58:53Z" duration="1.946510" total="98" passed="94" failed="3" inconclusive="0" skipped="1" asserts="0">
      <properties>
        <property name="_PID" value="68924" />
        <property name="_APPDOMAIN" value="Unity Child Domain" />
        <property name="platform" value="EditMode" />
        <property name="EditorOnly" value="True" />
      </properties>
      <failure>
        <message><![CDATA[One or more child tests had errors]]></message>
      </failure>
      <test-suite type="TestSuite" id="1118" name="Lunarlight" fullname="Lunarlight" runstate="Runnable" testcasecount="98" result="Failed" site="Child" start-time="2026-07-29 09:58:51Z" end-time="2026-07-29 09:58:53Z" duration="1.945964" total="98" passed="94" failed="3" inconclusive="0" skipped="1" asserts="0">
        <properties />
        <failure>
          <message><![CDATA[One or more child tests had errors]]></message>
        </failure>
        <test-suite type="TestSuite" id="1119" name="Hovercraft" fullname="Lunarlight.Hovercraft" runstate="Runnable" testcasecount="98" result="Failed" site="Child" start-time="2026-07-29 09:58:51Z" end-time="2026-07-29 09:58:53Z" duration="1.945353" total="98" passed="94" failed="3" inconclusive="0" skipped="1" asserts="0">
          <properties />
          <failure>
            <message><![CDATA[One or more child tests had errors]]></message>
          </failure>
          <test-suite type="TestSuite" id="1120" name="V3" fullname="Lunarlight.Hovercraft.V3" runstate="Runnable" testcasecount="98" result="Failed" site="Child" start-time="2026-07-29 09:58:51Z" end-time="2026-07-29 09:58:53Z" duration="1.944906" total="98" passed="94" failed="3" inconclusive="0" skipped="1" asserts="0">
            <properties />
            <failure>
              <message><![CDATA[One or more child tests had errors]]></message>
            </failure>
            <test-suite type="TestSuite" id="1121" name="Tests" fullname="Lunarlight.Hovercraft.V3.Tests" runstate="Runnable" testcasecount="98" result="Failed" site="Child" start-time="2026-07-29 09:58:51Z" end-time="2026-07-29 09:58:53Z" duration="1.943894" total="98" passed="94" failed="3" inconclusive="0" skipped="1" asserts="0">
              <properties />
              <failure>
                <message><![CDATA[One or more child tests had errors]]></message>
              </failure>
              <test-suite type="TestFixture" id="1001" name="CraftBuildValidatorTests" fullname="Lunarlight.Hovercraft.V3.Tests.CraftBuildValidatorTests" classname="Lunarlight.Hovercraft.V3.Tests.CraftBuildValidatorTests" runstate="Runnable" testcasecount="5" result="Passed" start-time="2026-07-29 09:58:48Z" end-time="2026-07-29 09:58:48Z" duration="0.027783" total="5" passed="5" failed="0" inconclusive="0" skipped="0" asserts="0">
                <properties />
                <test-case id="1006" name="ConnectorChain_CombinedMassOverParentLimit_IsRejected" fullname="Lunarlight.Hovercraft.V3.Tests.CraftBuildValidatorTests.ConnectorChain_CombinedMassOverParentLimit_IsRejected" methodname="ConnectorChain_CombinedMassOverParentLimit_IsRejected" classname="Lunarlight.Hovercraft.V3.Tests.CraftBuildValidatorTests" runstate="Runnable" seed="1107242695" result="Passed" start-time="2026-07-29 09:58:48Z" end-time="2026-07-29 09:58:48Z" duration="0.014667" asserts="0">
                  <properties />
                </test-case>
                <test-case id="1005" name="ConnectorChain_OverChildMassLimit_IsRejected" fullname="Lunarlight.Hovercraft.V3.Tests.CraftBuildValidatorTests.ConnectorChain_OverChildMassLimit_IsRejected" methodname="ConnectorChain_OverChildMassLimit_IsRejected" classname="Lunarlight.Hovercraft.V3.Tests.CraftBuildValidatorTests" runstate="Runnable" seed="1126283527" result="Passed" start-time="2026-07-29 09:58:48Z" end-time="2026-07-29 09:58:48Z" duration="0.001088" asserts="0">
                  <properties />
                </test-case>
                <test-case id="1004" name="ConnectorChain_WithCompatibleChild_IsCompatible" fullname="Lunarlight.Hovercraft.V3.Tests.CraftBuildValidatorTests.ConnectorChain_WithCompatibleChild_IsCompatible" methodname="ConnectorChain_WithCompatibleChild_IsCompatible" classname="Lunarlight.Hovercraft.V3.Tests.CraftBuildValidatorTests" runstate="Runnable" seed="436455739" result="Passed" start-time="2026-07-29 09:58:48Z" end-time="2026-07-29 09:58:48Z" duration="0.001364" asserts="0">
                  <properties />
                </test-case>
                <test-case id="1003" name="DirectEndpoint_OverForceLimit_IsRejected" fullname="Lunarlight.Hovercraft.V3.Tests.CraftBuildValidatorTests.DirectEndpoint_OverForceLimit_IsRejected" methodname="DirectEndpoint_OverForceLimit_IsRejected" classname="Lunarlight.Hovercraft.V3.Tests.CraftBuildValidatorTests" runstate="Runnable" seed="1743573264" result="Passed" start-time="2026-07-29 09:58:48Z" end-time="2026-07-29 09:58:48Z" duration="0.001114" asserts="0">
                  <properties />
                </test-case>
                <test-case id="1002" name="DirectEndpoint_WithMatchingLimits_IsCompatible" fullname="Lunarlight.Hovercraft.V3.Tests.CraftBuildValidatorTests.DirectEndpoint_WithMatchingLimits_IsCompatible" methodname="DirectEndpoint_WithMatchingLimits_IsCompatible" classname="Lunarlight.Hovercraft.V3.Tests.CraftBuildValidatorTests" runstate="Runnable" seed="1571146490" result="Passed" start-time="2026-07-29 09:58:48Z" end-time="2026-07-29 09:58:48Z" duration="0.000887" asserts="0">
                  <properties />
                </test-case>
              </test-suite>
              <test-suite type="TestFixture" id="1068" name="V2ReferencePrototypeTests" fullname="Lunarlight.Hovercraft.V3.Tests.V2ReferencePrototypeTests" classname="Lunarlight.Hovercraft.V3.Tests.V2ReferencePrototypeTests" runstate="Runnable" testcasecount="12" result="Passed" start-time="2026-07-29 09:58:48Z" end-time="2026-07-29 09:58:48Z" duration="0.079045" total="12" passed="12" failed="0" inconclusive="0" skipped="0" asserts="0">
                <properties />
                <test-case id="1079" name="ControllerPipeline_ForwardCommandUsesPoweredMainThrusterPath" fullname="Lunarlight.Hovercraft.V3.Tests.V2ReferencePrototypeTests.ControllerPipeline_ForwardCommandUsesPoweredMainThrusterPath" methodname="ControllerPipeline_ForwardCommandUsesPoweredMainThrusterPath" classname="Lunarlight.Hovercraft.V3.Tests.V2ReferencePrototypeTests" runstate="Runnable" seed="66014172" result="Passed" start-time="2026-07-29 09:58:48Z" end-time="2026-07-29 09:58:48Z" duration="0.051157" asserts="0">
                  <properties />
                </test-case>
                <test-case id="1080" name="ControllerPipeline_LosesAuthorityWhenControlPartIsDisabled" fullname="Lunarlight.Hovercraft.V3.Tests.V2ReferencePrototypeTests.ControllerPipeline_LosesAuthorityWhenControlPartIsDisabled" methodname="ControllerPipeline_LosesAuthorityWhenControlPartIsDisabled" classname="Lunarlight.Hovercraft.V3.Tests.V2ReferencePrototypeTests" runstate="Runnable" seed="234435524" result="Passed" start-time="2026-07-29 09:58:48Z" end-time="2026-07-29 09:58:48Z" duration="0.006828" asserts="0">
                  <properties />
                </test-case>
                <test-case id="1078" name="GimbalVariation_ThrusterAndVisualFollowActuatedMountOutsideHull" fullname="Lunarlight.Hovercraft.V3.Tests.V2ReferencePrototypeTests.GimbalVariation_ThrusterAndVisualFollowActuatedMountOutsideHull" methodname="GimbalVariation_ThrusterAndVisualFollowActuatedMountOutsideHull" classname="Lunarlight.Hovercraft.V3.Tests.V2ReferencePrototypeTests" runstate="Runnable" seed="1291687964" result="Passed" start-time="2026-07-29 09:58:48Z" end-time="2026-07-29 09:58:48Z" duration="0.005582" asserts="0">
                  <properties />
                </test-case>
                <test-case id="1076" name="GimbalVariation_UsesSameMainThrusterThroughConnector" fullname="Lunarlight.Hovercraft.V3.Tests.V2ReferencePrototypeTests.GimbalVariation_UsesSameMainThrusterThroughConnector" methodname="GimbalVariation_UsesSameMainThrusterThroughConnector" classname="Lunarlight.Hovercraft.V3.Tests.V2ReferencePrototypeTests" runstate="Runnable" seed="1812086534" result="Passed" start-time="2026-07-29 09:58:48Z" end-time="2026-07-29 09:58:48Z" duration="0.001073" asserts="0">
                  <properties />
                </test-case>
                <test-case id="1075" name="ReferenceActuators_ExposePhysicalParityAuthority" fullname="Lunarlight.Hovercraft.V3.Tests.V2ReferencePrototypeTests.ReferenceActuators_ExposePhysicalParityAuthority" methodname="ReferenceActuators_ExposePhysicalParityAuthority" classname="Lunarlight.Hovercraft.V3.Tests.V2ReferencePrototypeTests" runstate="Runnable" seed="1975198165" result="Passed" start-time="2026-07-29 09:58:48Z" end-time="2026-07-29 09:58:48Z" duration="0.000238" asserts="0">
                  <properties />
                </test-case>
                <test-case id="1074" name="ReferenceBuild_CalculatedCenterOfMassMatchesV2" fullname="Lunarlight.Hovercraft.V3.Tests.V2ReferencePrototypeTests.ReferenceBuild_CalculatedCenterOfMassMatchesV2" methodname="ReferenceBuild_CalculatedCenterOfMassMatchesV2" classname="Lunarlight.Hovercraft.V3.Tests.V2ReferencePrototypeTests" runstate="Runnable" seed="1905272261" result="Passed" start-time="2026-07-29 09:58:48Z" end-time="2026-07-29 09:58:48Z" duration="0.000465" asserts="0">
                  <properties />
                </test-case>
                <test-case id="1069" name="ReferenceBuild_IsValid" fullname="Lunarlight.Hovercraft.V3.Tests.V2ReferencePrototypeTests.ReferenceBuild_IsValid" methodname="ReferenceBuild_IsValid" classname="Lunarlight.Hovercraft.V3.Tests.V2ReferencePrototypeTests" runstate="Runnable" seed="465886681" result="Passed" start-time="2026-07-29 09:58:48Z" end-time="2026-07-29 09:58:48Z" duration="0.000150" asserts="0">
                  <properties />
                </test-case>
                <test-case id="1073" name="ReferenceBuild_MassIsElevenThousandKg" fullname="Lunarlight.Hovercraft.V3.Tests.V2ReferencePrototypeTests.ReferenceBuild_MassIsElevenThousandKg" methodname="ReferenceBuild_MassIsElevenThousandKg" classname="Lunarlight.Hovercraft.V3.Tests.V2ReferencePrototypeTests" runstate="Runnable" seed="1860132962" result="Passed" start-time="2026-07-29 09:58:48Z" end-time="2026-07-29 09:58:48Z" duration="0.000092" asserts="0">
                  <properties />
                </test-case>
                <test-case id="1072" name="ReferenceChassis_HasFourDroneStyleVerticalThrusterOutriggers" fullname="Lunarlight.Hovercraft.V3.Tests.V2ReferencePrototypeTests.ReferenceChassis_HasFourDroneStyleVerticalThrusterOutriggers" methodname="ReferenceChassis_HasFourDroneStyleVerticalThrusterOutriggers" classname="Lunarlight.Hovercraft.V3.Tests.V2ReferencePrototypeTests" runstate="Runnable" seed="148274119" result="Passed" start-time="2026-07-29 09:58:48Z" end-time="2026-07-29 09:58:48Z" duration="0.001531" asserts="0">
                  <properties />
                </test-case>
                <test-case id="1070" name="ReferenceChassis_HasSixteenStableSockets" fullname="Lunarlight.Hovercraft.V3.Tests.V2ReferencePrototypeTests.ReferenceChassis_HasSixteenStableSockets" methodname="ReferenceChassis_HasSixteenStableSockets" classname="Lunarlight.Hovercraft.V3.Tests.V2ReferencePrototypeTests" runstate="Runnable" seed="1385307335" result="Passed" start-time="2026-07-29 09:58:48Z" end-time="2026-07-29 09:58:48Z" duration="0.000711" asserts="0">
                  <properties />
                </test-case>
                <test-case id="1071" name="ReferenceChassis_ThrusterSocketsExposeOutwardMounts" fullname="Lunarlight.Hovercraft.V3.Tests.V2ReferencePrototypeTests.ReferenceChassis_ThrusterSocketsExposeOutwardMounts" methodname="ReferenceChassis_ThrusterSocketsExposeOutwardMounts" classname="Lunarlight.Hovercraft.V3.Tests.V2ReferencePrototypeTests" runstate="Runnable" seed="833525297" result="Passed" start-time="2026-07-29 09:58:48Z" end-time="2026-07-29 09:58:48Z" duration="0.004435" asserts="0">
                  <properties />
                </test-case>
                <test-case id="1077" name="RuntimeAssembler_RebuildsReferenceWithOneRigidbody" fullname="Lunarlight.Hovercraft.V3.Tests.V2ReferencePrototypeTests.RuntimeAssembler_RebuildsReferenceWithOneRigidbody" methodname="RuntimeAssembler_RebuildsReferenceWithOneRigidbody" classname="Lunarlight.Hovercraft.V3.Tests.V2ReferencePrototypeTests" runstate="Runnable" seed="1211553507" result="Passed" start-time="2026-07-29 09:58:48Z" end-time="2026-07-29 09:58:48Z" duration="0.004433" asserts="0">
                  <properties />
                </test-case>
              </test-suite>
              <test-suite type="TestFixture" id="1007" name="V3CraftKernelServicesTests" fullname="Lunarlight.Hovercraft.V3.Tests.V3CraftKernelServicesTests" classname="Lunarlight.Hovercraft.V3.Tests.V3CraftKernelServicesTests" runstate="Runnable" testcasecount="5" result="Passed" start-time="2026-07-29 09:58:48Z" end-time="2026-07-29 09:58:48Z" duration="0.022557" total="5" passed="5" failed="0" inconclusive="0" skipped="0" asserts="0">
                <properties />
                <test-suite type="ParameterizedMethod" id="1011" name="ConnectorVariations_IncludeConnectorMassExactlyOnce" fullname="Lunarlight.Hovercraft.V3.Tests.V3CraftKernelServicesTests.ConnectorVariations_IncludeConnectorMassExactlyOnce" classname="Lunarlight.Hovercraft.V3.Tests.V3CraftKernelServicesTests" runstate="Runnable" testcasecount="2" result="Passed" start-time="2026-07-29 09:58:48Z" end-time="2026-07-29 09:58:48Z" duration="0.007544" total="2" passed="2" failed="0" inconclusive="0" skipped="0" asserts="0">
                  <properties />
                  <test-case id="1009" name="ConnectorVariations_IncludeConnectorMassExactlyOnce(&quot;Assets/HovercraftV3/Generated/ReferenceCrafts/V2Parity/Builds/ApexV3_MainGimbalDemo.asset&quot;,11120.0f,2690.0f,120.0f,&quot;Connector.Gimbal.Main.V2Reference&quot;)" fullname="Lunarlight.Hovercraft.V3.Tests.V3CraftKernelServicesTests.ConnectorVariations_IncludeConnectorMassExactlyOnce(&quot;Assets/HovercraftV3/Generated/ReferenceCrafts/V2Parity/Builds/ApexV3_MainGimbalDemo.asset&quot;,11120.0f,2690.0f,120.0f,&quot;Connector.Gimbal.Main.V2Reference&quot;)" methodname="ConnectorVariations_IncludeConnectorMassExactlyOnce" classname="Lunarlight.Hovercraft.V3.Tests.V3CraftKernelServicesTests" runstate="Runnable" seed="1259345057" result="Passed" start-time="2026-07-29 09:58:48Z" end-time="2026-07-29 09:58:48Z" duration="0.003868" asserts="0">
                    <properties />
                  </test-case>
                  <test-case id="1010" name="ConnectorVariations_IncludeConnectorMassExactlyOnce(&quot;Assets/HovercraftV3/Generated/ReferenceCrafts/V2Parity/Builds/ApexV3_HoverSpringDemo.asset&quot;,11035.0f,2605.0f,35.0f,&quot;Connector.Spring.Hover.V2Reference&quot;)" fullname="Lunarlight.Hovercraft.V3.Tests.V3CraftKernelServicesTests.ConnectorVariations_IncludeConnectorMassExactlyOnce(&quot;Assets/HovercraftV3/Generated/ReferenceCrafts/V2Parity/Builds/ApexV3_HoverSpringDemo.asset&quot;,11035.0f,2605.0f,35.0f,&quot;Connector.Spring.Hover.V2Reference&quot;)" methodname="ConnectorVariations_IncludeConnectorMassExactlyOnce" classname="Lunarlight.Hovercraft.V3.Tests.V3CraftKernelServicesTests" runstate="Runnable" seed="955284192" result="Passed" start-time="2026-07-29 09:58:48Z" end-time="2026-07-29 09:58:48Z" duration="0.003289" asserts="0">
                    <properties />
                  </test-case>
                </test-suite>
                <test-case id="1013" name="ControllerFreeCraft_StillOwnsMassAndValidationKernel" fullname="Lunarlight.Hovercraft.V3.Tests.V3CraftKernelServicesTests.ControllerFreeCraft_StillOwnsMassAndValidationKernel" methodname="ControllerFreeCraft_StillOwnsMassAndValidationKernel" classname="Lunarlight.Hovercraft.V3.Tests.V3CraftKernelServicesTests" runstate="Runnable" seed="2123193144" result="Passed" start-time="2026-07-29 09:58:48Z" end-time="2026-07-29 09:58:48Z" duration="0.003141" asserts="0">
                  <properties />
                </test-case>
                <test-case id="1008" name="ReferenceCraft_UsesAuditableMassAndValidationServices" fullname="Lunarlight.Hovercraft.V3.Tests.V3CraftKernelServicesTests.ReferenceCraft_UsesAuditableMassAndValidationServices" methodname="ReferenceCraft_UsesAuditableMassAndValidationServices" classname="Lunarlight.Hovercraft.V3.Tests.V3CraftKernelServicesTests" runstate="Runnable" seed="28659030" result="Passed" start-time="2026-07-29 09:58:48Z" end-time="2026-07-29 09:58:48Z" duration="0.005593" asserts="0">
                  <properties />
                </test-case>
                <test-case id="1012" name="RuntimeValidator_DetectsAndRecoversFromMassCorruption" fullname="Lunarlight.Hovercraft.V3.Tests.V3CraftKernelServicesTests.RuntimeValidator_DetectsAndRecoversFromMassCorruption" methodname="RuntimeValidator_DetectsAndRecoversFromMassCorruption" classname="Lunarlight.Hovercraft.V3.Tests.V3CraftKernelServicesTests" runstate="Runnable" seed="357013559" result="Passed" start-time="2026-07-29 09:58:48Z" end-time="2026-07-29 09:58:48Z" duration="0.005006" asserts="0">
                  <properties />
                </test-case>
              </test-suite>
              <test-suite type="TestFixture" id="1014" name="V3CraftRegistryTests" fullname="Lunarlight.Hovercraft.V3.Tests.V3CraftRegistryTests" classname="Lunarlight.Hovercraft.V3.Tests.V3CraftRegistryTests" runstate="Runnable" testcasecount="4" result="Passed" start-time="2026-07-29 09:58:48Z" end-time="2026-07-29 09:58:48Z" duration="0.010897" total="4" passed="4" failed="0" inconclusive="0" skipped="0" asserts="0">
                <properties />
                <test-case id="1017" name="BuildValidation_AllowsRequirementProvidedByAnotherPart" fullname="Lunarlight.Hovercraft.V3.Tests.V3CraftRegistryTests.BuildValidation_AllowsRequirementProvidedByAnotherPart" methodname="BuildValidation_AllowsRequirementProvidedByAnotherPart" classname="Lunarlight.Hovercraft.V3.Tests.V3CraftRegistryTests" runstate="Runnable" seed="1329014175" result="Passed" start-time="2026-07-29 09:58:48Z" end-time="2026-07-29 09:58:48Z" duration="0.001671" asserts="0">
                  <properties />
                </test-case>
                <test-case id="1018" name="BuildValidation_RejectsMissingGlobalCapability" fullname="Lunarlight.Hovercraft.V3.Tests.V3CraftRegistryTests.BuildValidation_RejectsMissingGlobalCapability" methodname="BuildValidation_RejectsMissingGlobalCapability" classname="Lunarlight.Hovercraft.V3.Tests.V3CraftRegistryTests" runstate="Runnable" seed="553309911" result="Passed" start-time="2026-07-29 09:58:48Z" end-time="2026-07-29 09:58:48Z" duration="0.001408" asserts="0">
                  <properties />
                </test-case>
                <test-case id="1016" name="GimbalCraft_IndexesConnectorAndEndpointAtSameSocket" fullname="Lunarlight.Hovercraft.V3.Tests.V3CraftRegistryTests.GimbalCraft_IndexesConnectorAndEndpointAtSameSocket" methodname="GimbalCraft_IndexesConnectorAndEndpointAtSameSocket" classname="Lunarlight.Hovercraft.V3.Tests.V3CraftRegistryTests" runstate="Runnable" seed="1566432714" result="Passed" start-time="2026-07-29 09:58:48Z" end-time="2026-07-29 09:58:48Z" duration="0.003149" asserts="0">
                  <properties />
                </test-case>
                <test-case id="1015" name="ReferenceCraft_IndexesSocketsPartsAndCapabilities" fullname="Lunarlight.Hovercraft.V3.Tests.V3CraftRegistryTests.ReferenceCraft_IndexesSocketsPartsAndCapabilities" methodname="ReferenceCraft_IndexesSocketsPartsAndCapabilities" classname="Lunarlight.Hovercraft.V3.Tests.V3CraftRegistryTests" runstate="Runnable" seed="1755071321" result="Passed" start-time="2026-07-29 09:58:48Z" end-time="2026-07-29 09:58:48Z" duration="0.003491" asserts="0">
                  <properties />
                </test-case>
              </test-suite>
              <test-suite type="TestFixture" id="1026" name="V3CraftTelemetryHubTests" fullname="Lunarlight.Hovercraft.V3.Tests.V3CraftTelemetryHubTests" classname="Lunarlight.Hovercraft.V3.Tests.V3CraftTelemetryHubTests" runstate="Runnable" testcasecount="4" result="Passed" start-time="2026-07-29 09:58:48Z" end-time="2026-07-29 09:58:48Z" duration="0.018727" total="4" passed="4" failed="0" inconclusive="0" skipped="0" asserts="0">
                <properties />
                <test-case id="1028" name="CapturedSnapshot_IsStableAfterLiveStateAndModeChange" fullname="Lunarlight.Hovercraft.V3.Tests.V3CraftTelemetryHubTests.CapturedSnapshot_IsStableAfterLiveStateAndModeChange" methodname="CapturedSnapshot_IsStableAfterLiveStateAndModeChange" classname="Lunarlight.Hovercraft.V3.Tests.V3CraftTelemetryHubTests" runstate="Runnable" seed="722245323" result="Passed" start-time="2026-07-29 09:58:48Z" end-time="2026-07-29 09:58:48Z" duration="0.005046" asserts="0">
                  <properties />
                </test-case>
                <test-case id="1029" name="NestedConnectorSnapshot_PreservesBothPartsAtOneSocket" fullname="Lunarlight.Hovercraft.V3.Tests.V3CraftTelemetryHubTests.NestedConnectorSnapshot_PreservesBothPartsAtOneSocket" methodname="NestedConnectorSnapshot_PreservesBothPartsAtOneSocket" classname="Lunarlight.Hovercraft.V3.Tests.V3CraftTelemetryHubTests" runstate="Runnable" seed="1327750036" result="Passed" start-time="2026-07-29 09:58:48Z" end-time="2026-07-29 09:58:48Z" duration="0.004684" asserts="0">
                  <properties />
                </test-case>
                <test-case id="1027" name="ReferenceSnapshot_ConsolidatesIdentityMotionPowerAndParts" fullname="Lunarlight.Hovercraft.V3.Tests.V3CraftTelemetryHubTests.ReferenceSnapshot_ConsolidatesIdentityMotionPowerAndParts" methodname="ReferenceSnapshot_ConsolidatesIdentityMotionPowerAndParts" classname="Lunarlight.Hovercraft.V3.Tests.V3CraftTelemetryHubTests" runstate="Runnable" seed="1623855453" result="Passed" start-time="2026-07-29 09:58:48Z" end-time="2026-07-29 09:58:48Z" duration="0.005066" asserts="0">
                  <properties />
                </test-case>
                <test-case id="1030" name="RuntimeWithoutReferenceControllers_StillInstallsTelemetryKernel" fullname="Lunarlight.Hovercraft.V3.Tests.V3CraftTelemetryHubTests.RuntimeWithoutReferenceControllers_StillInstallsTelemetryKernel" methodname="RuntimeWithoutReferenceControllers_StillInstallsTelemetryKernel" classname="Lunarlight.Hovercraft.V3.Tests.V3CraftTelemetryHubTests" runstate="Runnable" seed="643028013" result="Passed" start-time="2026-07-29 09:58:48Z" end-time="2026-07-29 09:58:48Z" duration="0.002522" asserts="0">
                  <properties />
                </test-case>
              </test-suite>
              <test-suite type="TestFixture" id="1057" name="V3GimbalVariationTests" fullname="Lunarlight.Hovercraft.V3.Tests.V3GimbalVariationTests" classname="Lunarlight.Hovercraft.V3.Tests.V3GimbalVariationTests" runstate="Runnable" testcasecount="4" result="Passed" start-time="2026-07-29 09:58:48Z" end-time="2026-07-29 09:58:48Z" duration="0.024501" total="4" passed="4" failed="0" inconclusive="0" skipped="0" asserts="0">
                <properties />
                <test-case id="1059" name="GimbalInput_HoldsTransientMouseCommandBeforeRecentering" fullname="Lunarlight.Hovercraft.V3.Tests.V3GimbalVariationTests.GimbalInput_HoldsTransientMouseCommandBeforeRecentering" methodname="GimbalInput_HoldsTransientMouseCommandBeforeRecentering" classname="Lunarlight.Hovercraft.V3.Tests.V3GimbalVariationTests" runstate="Runnable" seed="857288227" result="Passed" start-time="2026-07-29 09:58:48Z" end-time="2026-07-29 09:58:48Z" duration="0.000174" asserts="0">
                  <properties />
                </test-case>
                <test-case id="1058" name="GimbalServo_UsesAuthoredAccelerationAndSpeedLimits" fullname="Lunarlight.Hovercraft.V3.Tests.V3GimbalVariationTests.GimbalServo_UsesAuthoredAccelerationAndSpeedLimits" methodname="GimbalServo_UsesAuthoredAccelerationAndSpeedLimits" classname="Lunarlight.Hovercraft.V3.Tests.V3GimbalVariationTests" runstate="Runnable" seed="39415837" result="Passed" start-time="2026-07-29 09:58:48Z" end-time="2026-07-29 09:58:48Z" duration="0.000067" asserts="0">
                  <properties />
                </test-case>
                <test-case id="1061" name="GimbalVariation_PhysicalSimulationAddsNaturalYawAuthority" fullname="Lunarlight.Hovercraft.V3.Tests.V3GimbalVariationTests.GimbalVariation_PhysicalSimulationAddsNaturalYawAuthority" methodname="GimbalVariation_PhysicalSimulationAddsNaturalYawAuthority" classname="Lunarlight.Hovercraft.V3.Tests.V3GimbalVariationTests" runstate="Runnable" seed="8815438" result="Passed" start-time="2026-07-29 09:58:48Z" end-time="2026-07-29 09:58:48Z" duration="0.013975" asserts="0">
                  <properties />
                </test-case>
                <test-case id="1060" name="GimbalVariation_SameThrusterGainsPoweredYawDeflection" fullname="Lunarlight.Hovercraft.V3.Tests.V3GimbalVariationTests.GimbalVariation_SameThrusterGainsPoweredYawDeflection" methodname="GimbalVariation_SameThrusterGainsPoweredYawDeflection" classname="Lunarlight.Hovercraft.V3.Tests.V3GimbalVariationTests" runstate="Runnable" seed="741113277" result="Passed" start-time="2026-07-29 09:58:48Z" end-time="2026-07-29 09:58:48Z" duration="0.008647" asserts="0">
                  <properties />
                </test-case>
              </test-suite>
              <test-suite type="TestFixture" id="1088" name="V3HandlingControllerTests" fullname="Lunarlight.Hovercraft.V3.Tests.V3HandlingControllerTests" classname="Lunarlight.Hovercraft.V3.Tests.V3HandlingControllerTests" runstate="Runnable" testcasecount="13" result="Failed" site="Child" start-time="2026-07-29 09:58:48Z" end-time="2026-07-29 09:58:48Z" duration="0.012154" total="13" passed="12" failed="1" inconclusive="0" skipped="0" asserts="0">
                <properties />
                <failure>
                  <message><![CDATA[One or more child tests had errors]]></message>
                </failure>
                <test-case id="1098" name="ActuatorAllocator_ProducesYawTorqueFromBalancedStrafeThrusters" fullname="Lunarlight.Hovercraft.V3.Tests.V3HandlingControllerTests.ActuatorAllocator_ProducesYawTorqueFromBalancedStrafeThrusters" methodname="ActuatorAllocator_ProducesYawTorqueFromBalancedStrafeThrusters" classname="Lunarlight.Hovercraft.V3.Tests.V3HandlingControllerTests" runstate="Runnable" seed="2014037119" result="Passed" start-time="2026-07-29 09:58:48Z" end-time="2026-07-29 09:58:48Z" duration="0.003376" asserts="0">
                  <properties />
                </test-case>
                <test-case id="1099" name="AngularAcceleration_IsConvertedThroughTheRigidbodyInertiaTensor" fullname="Lunarlight.Hovercraft.V3.Tests.V3HandlingControllerTests.AngularAcceleration_IsConvertedThroughTheRigidbodyInertiaTensor" methodname="AngularAcceleration_IsConvertedThroughTheRigidbodyInertiaTensor" classname="Lunarlight.Hovercraft.V3.Tests.V3HandlingControllerTests" runstate="Runnable" seed="1804946577" result="Passed" start-time="2026-07-29 09:58:48Z" end-time="2026-07-29 09:58:48Z" duration="0.000556" asserts="0">
                  <properties />
                </test-case>
                <test-case id="1089" name="HandlingControllers_CannotApplyForcesDirectlyToRigidbody" fullname="Lunarlight.Hovercraft.V3.Tests.V3HandlingControllerTests.HandlingControllers_CannotApplyForcesDirectlyToRigidbody" methodname="HandlingControllers_CannotApplyForcesDirectlyToRigidbody" classname="Lunarlight.Hovercraft.V3.Tests.V3HandlingControllerTests" runstate="Runnable" seed="989213927" result="Failed" label="Error" start-time="2026-07-29 09:58:48Z" end-time="2026-07-29 09:58:48Z" duration="0.003565" asserts="0">
                  <properties />
                  <failure>
                    <message><![CDATA[System.IO.DirectoryNotFoundException : Could not find a part of the path "D:\Projects\Unity\Slingshot2\Slingshot-2.0\Slingshot 2.0\Assets\HovercraftV3\Runtime\Runtime\V3DriveController.cs".]]></message>
                    <stack-trace><![CDATA[  at System.IO.FileStream..ctor (System.String path, System.IO.FileMode mode, System.IO.FileAccess access, System.IO.FileShare share, System.Int32 bufferSize, System.Boolean anonymous, System.IO.FileOptions options) [0x00164] in <816f70bc2a9c4332b0bd119906a8d40e>:0 
  at System.IO.FileStream..ctor (System.String path, System.IO.FileMode mode, System.IO.FileAccess access, System.IO.FileShare share, System.Int32 bufferSize, System.IO.FileOptions options) [0x00000] in <816f70bc2a9c4332b0bd119906a8d40e>:0 
  at (wrapper remoting-invoke-with-check) System.IO.FileStream..ctor(string,System.IO.FileMode,System.IO.FileAccess,System.IO.FileShare,int,System.IO.FileOptions)
  at System.IO.StreamReader..ctor (System.String path, System.Text.Encoding encoding, System.Boolean detectEncodingFromByteOrderMarks, System.Int32 bufferSize) [0x00055] in <816f70bc2a9c4332b0bd119906a8d40e>:0 
  at System.IO.StreamReader..ctor (System.String path, System.Text.Encoding encoding, System.Boolean detectEncodingFromByteOrderMarks) [0x00000] in <816f70bc2a9c4332b0bd119906a8d40e>:0 
  at (wrapper remoting-invoke-with-check) System.IO.StreamReader..ctor(string,System.Text.Encoding,bool)
  at System.IO.File.InternalReadAllText (System.String path, System.Text.Encoding encoding) [0x00000] in <816f70bc2a9c4332b0bd119906a8d40e>:0 
  at System.IO.File.ReadAllText (System.String path) [0x0002c] in <816f70bc2a9c4332b0bd119906a8d40e>:0 
  at Lunarlight.Hovercraft.V3.Tests.V3HandlingControllerTests.HandlingControllers_CannotApplyForcesDirectlyToRigidbody () [0x00055] in D:\Projects\Unity\Slingshot2\Slingshot-2.0\Slingshot 2.0\Assets\HovercraftV3\Tests\Editor\Systems\V3HandlingControllerTests.cs:30 
  at (wrapper managed-to-native) System.Reflection.RuntimeMethodInfo.InternalInvoke(System.Reflection.RuntimeMethodInfo,object,object[],System.Exception&)
  at System.Reflection.RuntimeMethodInfo.Invoke (System.Object obj, System.Reflection.BindingFlags invokeAttr, System.Reflection.Binder binder, System.Object[] parameters, System.Globalization.CultureInfo culture) [0x0006a] in <816f70bc2a9c4332b0bd119906a8d40e>:0 ]]></stack-trace>
                  </failure>
                </test-case>
                <test-case id="1094" name="HoverDamping_IgnoresForwardSpeedParallelToSurface" fullname="Lunarlight.Hovercraft.V3.Tests.V3HandlingControllerTests.HoverDamping_IgnoresForwardSpeedParallelToSurface" methodname="HoverDamping_IgnoresForwardSpeedParallelToSurface" classname="Lunarlight.Hovercraft.V3.Tests.V3HandlingControllerTests" runstate="Runnable" seed="1997387928" result="Passed" start-time="2026-07-29 09:58:48Z" end-time="2026-07-29 09:58:48Z" duration="0.000366" asserts="0">
                  <properties />
                </test-case>
                <test-case id="1095" name="HoverDamping_UsesVelocityAlongDetectedSurfaceNormal" fullname="Lunarlight.Hovercraft.V3.Tests.V3HandlingControllerTests.HoverDamping_UsesVelocityAlongDetectedSurfaceNormal" methodname="HoverDamping_UsesVelocityAlongDetectedSurfaceNormal" classname="Lunarlight.Hovercraft.V3.Tests.V3HandlingControllerTests" runstate="Runnable" seed="1539943564" result="Passed" start-time="2026-07-29 09:58:48Z" end-time="2026-07-29 09:58:48Z" duration="0.000251" asserts="0">
                  <properties />
                </test-case>
                <test-case id="1092" name="HoverFallback_ProjectsMissedProbeOntoDetectedSurface" fullname="Lunarlight.Hovercraft.V3.Tests.V3HandlingControllerTests.HoverFallback_ProjectsMissedProbeOntoDetectedSurface" methodname="HoverFallback_ProjectsMissedProbeOntoDetectedSurface" classname="Lunarlight.Hovercraft.V3.Tests.V3HandlingControllerTests" runstate="Runnable" seed="1631235831" result="Passed" start-time="2026-07-29 09:58:48Z" end-time="2026-07-29 09:58:48Z" duration="0.000409" asserts="0">
                  <properties />
                </test-case>
                <test-case id="1093" name="HoverFallback_RejectsSurfaceBehindProbe" fullname="Lunarlight.Hovercraft.V3.Tests.V3HandlingControllerTests.HoverFallback_RejectsSurfaceBehindProbe" methodname="HoverFallback_RejectsSurfaceBehindProbe" classname="Lunarlight.Hovercraft.V3.Tests.V3HandlingControllerTests" runstate="Runnable" seed="307386266" result="Passed" start-time="2026-07-29 09:58:48Z" end-time="2026-07-29 09:58:48Z" duration="0.000116" asserts="0">
                  <properties />
                </test-case>
                <test-case id="1091" name="SurfaceAlignment_DampsExistingRollPitchRate" fullname="Lunarlight.Hovercraft.V3.Tests.V3HandlingControllerTests.SurfaceAlignment_DampsExistingRollPitchRate" methodname="SurfaceAlignment_DampsExistingRollPitchRate" classname="Lunarlight.Hovercraft.V3.Tests.V3HandlingControllerTests" runstate="Runnable" seed="577270125" result="Passed" start-time="2026-07-29 09:58:48Z" end-time="2026-07-29 09:58:48Z" duration="0.000633" asserts="0">
                  <properties />
                </test-case>
                <test-case id="1090" name="SurfaceAlignment_ProducesBoundedRollPitchCorrectionWithoutYaw" fullname="Lunarlight.Hovercraft.V3.Tests.V3HandlingControllerTests.SurfaceAlignment_ProducesBoundedRollPitchCorrectionWithoutYaw" methodname="SurfaceAlignment_ProducesBoundedRollPitchCorrectionWithoutYaw" classname="Lunarlight.Hovercraft.V3.Tests.V3HandlingControllerTests" runstate="Runnable" seed="1347450528" result="Passed" start-time="2026-07-29 09:58:48Z" end-time="2026-07-29 09:58:48Z" duration="0.000328" asserts="0">
                  <properties />
                </test-case>
                <test-case id="1100" name="Traction_CoastsLaterallyAndLongitudinally" fullname="Lunarlight.Hovercraft.V3.Tests.V3HandlingControllerTests.Traction_CoastsLaterallyAndLongitudinally" methodname="Traction_CoastsLaterallyAndLongitudinally" classname="Lunarlight.Hovercraft.V3.Tests.V3HandlingControllerTests" runstate="Runnable" seed="802109665" result="Passed" start-time="2026-07-29 09:58:48Z" end-time="2026-07-29 09:58:48Z" duration="0.000468" asserts="0">
                  <properties />
                </test-case>
                <test-case id="1101" name="Traction_OnlyAddsLongitudinalGripAgainstTrajectory" fullname="Lunarlight.Hovercraft.V3.Tests.V3HandlingControllerTests.Traction_OnlyAddsLongitudinalGripAgainstTrajectory" methodname="Traction_OnlyAddsLongitudinalGripAgainstTrajectory" classname="Lunarlight.Hovercraft.V3.Tests.V3HandlingControllerTests" runstate="Runnable" seed="1219201127" result="Passed" start-time="2026-07-29 09:58:48Z" end-time="2026-07-29 09:58:48Z" duration="0.000121" asserts="0">
                  <properties />
                </test-case>
                <test-case id="1096" name="Vectoring_SeparatesPilotYawFromPhysicalRateDampingIntent" fullname="Lunarlight.Hovercraft.V3.Tests.V3HandlingControllerTests.Vectoring_SeparatesPilotYawFromPhysicalRateDampingIntent" methodname="Vectoring_SeparatesPilotYawFromPhysicalRateDampingIntent" classname="Lunarlight.Hovercraft.V3.Tests.V3HandlingControllerTests" runstate="Runnable" seed="966570575" result="Passed" start-time="2026-07-29 09:58:48Z" end-time="2026-07-29 09:58:48Z" duration="0.000090" asserts="0">
                  <properties />
                </test-case>
                <test-case id="1097" name="Vectoring_StrafeCalibrationPreservesReferenceForce" fullname="Lunarlight.Hovercraft.V3.Tests.V3HandlingControllerTests.Vectoring_StrafeCalibrationPreservesReferenceForce" methodname="Vectoring_StrafeCalibrationPreservesReferenceForce" classname="Lunarlight.Hovercraft.V3.Tests.V3HandlingControllerTests" runstate="Runnable" seed="1257136640" result="Passed" start-time="2026-07-29 09:58:48Z" end-time="2026-07-29 09:58:48Z" duration="0.000091" asserts="0">
                  <properties />
                </test-case>
              </test-suite>
              <test-suite type="TestFixture" id="1102" name="V3MainframeFoundationTests" fullname="Lunarlight.Hovercraft.V3.Tests.V3MainframeFoundationTests" classname="Lunarlight.Hovercraft.V3.Tests.V3MainframeFoundationTests" runstate="Runnable" testcasecount="5" result="Passed" start-time="2026-07-29 09:58:48Z" end-time="2026-07-29 09:58:48Z" duration="0.005266" total="5" passed="5" failed="0" inconclusive="0" skipped="0" asserts="0">
                <properties />
                <test-case id="1106" name="DirectionalSensor_UsesSixDistinctChassisAxes" fullname="Lunarlight.Hovercraft.V3.Tests.V3MainframeFoundationTests.DirectionalSensor_UsesSixDistinctChassisAxes" methodname="DirectionalSensor_UsesSixDistinctChassisAxes" classname="Lunarlight.Hovercraft.V3.Tests.V3MainframeFoundationTests" runstate="Runnable" seed="632153470" result="Passed" start-time="2026-07-29 09:58:48Z" end-time="2026-07-29 09:58:48Z" duration="0.000451" asserts="0">
                  <properties />
                </test-case>
                <test-case id="1104" name="IntentBus_PreservesHighLevelPilotIntent" fullname="Lunarlight.Hovercraft.V3.Tests.V3MainframeFoundationTests.IntentBus_PreservesHighLevelPilotIntent" methodname="IntentBus_PreservesHighLevelPilotIntent" classname="Lunarlight.Hovercraft.V3.Tests.V3MainframeFoundationTests" runstate="Runnable" seed="161284096" result="Passed" start-time="2026-07-29 09:58:48Z" end-time="2026-07-29 09:58:48Z" duration="0.000698" asserts="0">
                  <properties />
                </test-case>
                <test-case id="1107" name="LegacyReferenceChassis_HasNoIntegratedMainframe" fullname="Lunarlight.Hovercraft.V3.Tests.V3MainframeFoundationTests.LegacyReferenceChassis_HasNoIntegratedMainframe" methodname="LegacyReferenceChassis_HasNoIntegratedMainframe" classname="Lunarlight.Hovercraft.V3.Tests.V3MainframeFoundationTests" runstate="Runnable" seed="283488940" result="Passed" start-time="2026-07-29 09:58:48Z" end-time="2026-07-29 09:58:48Z" duration="0.000206" asserts="0">
                  <properties />
                </test-case>
                <test-case id="1103" name="ObservationBus_ReplacesOnlyMatchingTypedSource" fullname="Lunarlight.Hovercraft.V3.Tests.V3MainframeFoundationTests.ObservationBus_ReplacesOnlyMatchingTypedSource" methodname="ObservationBus_ReplacesOnlyMatchingTypedSource" classname="Lunarlight.Hovercraft.V3.Tests.V3MainframeFoundationTests" runstate="Runnable" seed="2026622267" result="Passed" start-time="2026-07-29 09:58:48Z" end-time="2026-07-29 09:58:48Z" duration="0.002566" asserts="0">
                  <properties />
                </test-case>
                <test-case id="1105" name="SystemRequest_ExpiresAtDeclaredValidityBoundary" fullname="Lunarlight.Hovercraft.V3.Tests.V3MainframeFoundationTests.SystemRequest_ExpiresAtDeclaredValidityBoundary" methodname="SystemRequest_ExpiresAtDeclaredValidityBoundary" classname="Lunarlight.Hovercraft.V3.Tests.V3MainframeFoundationTests" runstate="Runnable" seed="1231189463" result="Passed" start-time="2026-07-29 09:58:48Z" end-time="2026-07-29 09:58:48Z" duration="0.000267" asserts="0">
                  <properties />
                </test-case>
              </test-suite>
              <test-suite type="TestFixture" id="1108" name="V3OverloadProtectionTests" fullname="Lunarlight.Hovercraft.V3.Tests.V3OverloadProtectionTests" classname="Lunarlight.Hovercraft.V3.Tests.V3OverloadProtectionTests" runstate="Runnable" testcasecount="2" result="Passed" start-time="2026-07-29 09:58:48Z" end-time="2026-07-29 09:58:48Z" duration="0.005425" total="2" passed="2" failed="0" inconclusive="0" skipped="0" asserts="0">
                <properties />
                <test-case id="1109" name="EmergencyOverload_RaisesOutputPowerAndHeatWithoutChangingNormal" fullname="Lunarlight.Hovercraft.V3.Tests.V3OverloadProtectionTests.EmergencyOverload_RaisesOutputPowerAndHeatWithoutChangingNormal" methodname="EmergencyOverload_RaisesOutputPowerAndHeatWithoutChangingNormal" classname="Lunarlight.Hovercraft.V3.Tests.V3OverloadProtectionTests" runstate="Runnable" seed="219876982" result="Passed" start-time="2026-07-29 09:58:48Z" end-time="2026-07-29 09:58:48Z" duration="0.003364" asserts="0">
                  <properties />
                </test-case>
                <test-case id="1110" name="ThermalProtection_DeratesLocksOutCoolsAndRestarts" fullname="Lunarlight.Hovercraft.V3.Tests.V3OverloadProtectionTests.ThermalProtection_DeratesLocksOutCoolsAndRestarts" methodname="ThermalProtection_DeratesLocksOutCoolsAndRestarts" classname="Lunarlight.Hovercraft.V3.Tests.V3OverloadProtectionTests" runstate="Runnable" seed="597056662" result="Passed" start-time="2026-07-29 09:58:48Z" end-time="2026-07-29 09:58:48Z" duration="0.001401" asserts="0">
                  <properties />
                </test-case>
              </test-suite>
              <test-suite type="TestFixture" id="1081" name="V3ParityHarnessTests" fullname="Lunarlight.Hovercraft.V3.Tests.V3ParityHarnessTests" classname="Lunarlight.Hovercraft.V3.Tests.V3ParityHarnessTests" runstate="Runnable" testcasecount="6" result="Skipped" label="Ignored" start-time="2026-07-29 09:58:51Z" end-time="2026-07-29 09:58:51Z" duration="0.077956" total="6" passed="5" failed="0" inconclusive="0" skipped="1" asserts="0">
                <properties />
                <reason>
                  <message><![CDATA[One or more child tests were ignored]]></message>
                </reason>
                <test-case id="1083" name="CommandProfile_EvaluatesSegmentBoundariesDeterministically" fullname="Lunarlight.Hovercraft.V3.Tests.V3ParityHarnessTests.CommandProfile_EvaluatesSegmentBoundariesDeterministically" methodname="CommandProfile_EvaluatesSegmentBoundariesDeterministically" classname="Lunarlight.Hovercraft.V3.Tests.V3ParityHarnessTests" runstate="Runnable" seed="1714962960" result="Passed" start-time="2026-07-29 09:58:48Z" end-time="2026-07-29 09:58:48Z" duration="0.000871" asserts="0">
                  <properties />
                </test-case>
                <test-case id="1082" name="GeneratedProfile_CoversReferenceMeasurementSegments" fullname="Lunarlight.Hovercraft.V3.Tests.V3ParityHarnessTests.GeneratedProfile_CoversReferenceMeasurementSegments" methodname="GeneratedProfile_CoversReferenceMeasurementSegments" classname="Lunarlight.Hovercraft.V3.Tests.V3ParityHarnessTests" runstate="Runnable" seed="1881213779" result="Passed" start-time="2026-07-29 09:58:48Z" end-time="2026-07-29 09:58:48Z" duration="0.000878" asserts="0">
                  <properties />
                </test-case>
                <test-case id="1087" name="ParityScene_CompletesFullProfileAndExportsTelemetry" fullname="Lunarlight.Hovercraft.V3.Tests.V3ParityHarnessTests.ParityScene_CompletesFullProfileAndExportsTelemetry" methodname="ParityScene_CompletesFullProfileAndExportsTelemetry" classname="Lunarlight.Hovercraft.V3.Tests.V3ParityHarnessTests" runstate="Runnable" seed="1274058199" result="Skipped" label="Ignored" start-time="2026-07-29 09:58:48Z" end-time="2026-07-29 09:58:48Z" duration="0.004190" asserts="0">
                  <properties>
                    <property name="_JOINTYPE" value="UnityCombinatorial" />
                    <property name="Category" value="ParityCapture" />
                  </properties>
                  <reason>
                    <message><![CDATA[Set HOVERCRAFT_V3_RUN_PARITY_CAPTURE=1 to run the 78-second real-time Gate 3 capture.]]></message>
                  </reason>
                </test-case>
                <test-case id="1086" name="ParityScene_StartsScriptedRunInPlayMode" fullname="Lunarlight.Hovercraft.V3.Tests.V3ParityHarnessTests.ParityScene_StartsScriptedRunInPlayMode" methodname="ParityScene_StartsScriptedRunInPlayMode" classname="Lunarlight.Hovercraft.V3.Tests.V3ParityHarnessTests" runstate="Runnable" seed="1940261708" result="Passed" start-time="2026-07-29 09:58:48Z" end-time="2026-07-29 09:58:51Z" duration="2.536786" asserts="0">
                  <properties>
                    <property name="_JOINTYPE" value="UnityCombinatorial" />
                    <property name="retryIteration" value="0" />
                    <property name="repeatIteration" value="0" />
                  </properties>
                </test-case>
                <test-case id="1085" name="Summary_DoesNotTreatPresetScenarioSpeedAsAccelerationMaximum" fullname="Lunarlight.Hovercraft.V3.Tests.V3ParityHarnessTests.Summary_DoesNotTreatPresetScenarioSpeedAsAccelerationMaximum" methodname="Summary_DoesNotTreatPresetScenarioSpeedAsAccelerationMaximum" classname="Lunarlight.Hovercraft.V3.Tests.V3ParityHarnessTests" runstate="Runnable" seed="1940929401" result="Passed" start-time="2026-07-29 09:58:51Z" end-time="2026-07-29 09:58:51Z" duration="0.004679" asserts="0">
                  <properties>
                    <property name="retryIteration" value="0" />
                    <property name="repeatIteration" value="0" />
                  </properties>
                </test-case>
                <test-case id="1084" name="V2Fingerprint_RejectsPlaceholderAndAcceptsReferenceMassLayout" fullname="Lunarlight.Hovercraft.V3.Tests.V3ParityHarnessTests.V2Fingerprint_RejectsPlaceholderAndAcceptsReferenceMassLayout" methodname="V2Fingerprint_RejectsPlaceholderAndAcceptsReferenceMassLayout" classname="Lunarlight.Hovercraft.V3.Tests.V3ParityHarnessTests" runstate="Runnable" seed="813085324" result="Passed" start-time="2026-07-29 09:58:51Z" end-time="2026-07-29 09:58:51Z" duration="0.001056" asserts="0">
                  <properties>
                    <property name="retryIteration" value="0" />
                    <property name="repeatIteration" value="0" />
                  </properties>
                </test-case>
              </test-suite>
              <test-suite type="TestFixture" id="1031" name="V3PlayerFeedbackAndRecoveryTests" fullname="Lunarlight.Hovercraft.V3.Tests.V3PlayerFeedbackAndRecoveryTests" classname="Lunarlight.Hovercraft.V3.Tests.V3PlayerFeedbackAndRecoveryTests" runstate="Runnable" testcasecount="9" result="Passed" start-time="2026-07-29 09:58:51Z" end-time="2026-07-29 09:58:51Z" duration="0.062041" total="9" passed="9" failed="0" inconclusive="0" skipped="0" asserts="0">
                <properties />
                <test-case id="1039" name="AirborneRecovery_RejectsFalseGroundAndProvidesLiftAuthority" fullname="Lunarlight.Hovercraft.V3.Tests.V3PlayerFeedbackAndRecoveryTests.AirborneRecovery_RejectsFalseGroundAndProvidesLiftAuthority" methodname="AirborneRecovery_RejectsFalseGroundAndProvidesLiftAuthority" classname="Lunarlight.Hovercraft.V3.Tests.V3PlayerFeedbackAndRecoveryTests" runstate="Runnable" seed="2041779948" result="Passed" start-time="2026-07-29 09:58:51Z" end-time="2026-07-29 09:58:51Z" duration="0.008055" asserts="0">
                  <properties>
                    <property name="retryIteration" value="0" />
                    <property name="repeatIteration" value="0" />
                  </properties>
                </test-case>
                <test-case id="1037" name="CockpitWarnings_ReportOverloadDeratingAndLockout" fullname="Lunarlight.Hovercraft.V3.Tests.V3PlayerFeedbackAndRecoveryTests.CockpitWarnings_ReportOverloadDeratingAndLockout" methodname="CockpitWarnings_ReportOverloadDeratingAndLockout" classname="Lunarlight.Hovercraft.V3.Tests.V3PlayerFeedbackAndRecoveryTests" runstate="Runnable" seed="1694930947" result="Passed" start-time="2026-07-29 09:58:51Z" end-time="2026-07-29 09:58:51Z" duration="0.005533" asserts="0">
                  <properties>
                    <property name="retryIteration" value="0" />
                    <property name="repeatIteration" value="0" />
                  </properties>
                </test-case>
                <test-case id="1041" name="FreeDriveScene_HasPlayableCraftCameraHudAndCourse" fullname="Lunarlight.Hovercraft.V3.Tests.V3PlayerFeedbackAndRecoveryTests.FreeDriveScene_HasPlayableCraftCameraHudAndCourse" methodname="FreeDriveScene_HasPlayableCraftCameraHudAndCourse" classname="Lunarlight.Hovercraft.V3.Tests.V3PlayerFeedbackAndRecoveryTests" runstate="Runnable" seed="565538989" result="Passed" start-time="2026-07-29 09:58:51Z" end-time="2026-07-29 09:58:51Z" duration="0.008549" asserts="0">
                  <properties>
                    <property name="retryIteration" value="0" />
                    <property name="repeatIteration" value="0" />
                  </properties>
                </test-case>
                <test-case id="1040" name="FreeDriveSession_BindsAndResetsReferenceCraft" fullname="Lunarlight.Hovercraft.V3.Tests.V3PlayerFeedbackAndRecoveryTests.FreeDriveSession_BindsAndResetsReferenceCraft" methodname="FreeDriveSession_BindsAndResetsReferenceCraft" classname="Lunarlight.Hovercraft.V3.Tests.V3PlayerFeedbackAndRecoveryTests" runstate="Runnable" seed="1991185465" result="Passed" start-time="2026-07-29 09:58:51Z" end-time="2026-07-29 09:58:51Z" duration="0.004753" asserts="0">
                  <properties>
                    <property name="retryIteration" value="0" />
                    <property name="repeatIteration" value="0" />
                  </properties>
                </test-case>
                <test-case id="1032" name="PilotInput_UsesRebindableKeyboardAndGamepadActions" fullname="Lunarlight.Hovercraft.V3.Tests.V3PlayerFeedbackAndRecoveryTests.PilotInput_UsesRebindableKeyboardAndGamepadActions" methodname="PilotInput_UsesRebindableKeyboardAndGamepadActions" classname="Lunarlight.Hovercraft.V3.Tests.V3PlayerFeedbackAndRecoveryTests" runstate="Runnable" seed="695663500" result="Passed" start-time="2026-07-29 09:58:51Z" end-time="2026-07-29 09:58:51Z" duration="0.003161" asserts="0">
                  <properties>
                    <property name="retryIteration" value="0" />
                    <property name="repeatIteration" value="0" />
                  </properties>
                </test-case>
                <test-suite type="ParameterizedMethod" id="1036" name="PresetBuilds_ExposePlayerFacingVehicleIdentity" fullname="Lunarlight.Hovercraft.V3.Tests.V3PlayerFeedbackAndRecoveryTests.PresetBuilds_ExposePlayerFacingVehicleIdentity" classname="Lunarlight.Hovercraft.V3.Tests.V3PlayerFeedbackAndRecoveryTests" runstate="Runnable" testcasecount="3" result="Passed" start-time="2026-07-29 09:58:51Z" end-time="2026-07-29 09:58:51Z" duration="0.002347" total="3" passed="3" failed="0" inconclusive="0" skipped="0" asserts="0">
                  <properties />
                  <test-case id="1033" name="PresetBuilds_ExposePlayerFacingVehicleIdentity(&quot;Assets/HovercraftV3/Generated/ReferenceCrafts/V2Parity/Builds/ApexV3_V2Reference.asset&quot;,&quot;Apex V3 Reference&quot;,&quot;Direct-Mount / Balanced&quot;)" fullname="Lunarlight.Hovercraft.V3.Tests.V3PlayerFeedbackAndRecoveryTests.PresetBuilds_ExposePlayerFacingVehicleIdentity(&quot;Assets/HovercraftV3/Generated/ReferenceCrafts/V2Parity/Builds/ApexV3_V2Reference.asset&quot;,&quot;Apex V3 Reference&quot;,&quot;Direct-Mount / Balanced&quot;)" methodname="PresetBuilds_ExposePlayerFacingVehicleIdentity" classname="Lunarlight.Hovercraft.V3.Tests.V3PlayerFeedbackAndRecoveryTests" runstate="Runnable" seed="1349499512" result="Passed" start-time="2026-07-29 09:58:51Z" end-time="2026-07-29 09:58:51Z" duration="0.000600" asserts="0">
                    <properties>
                      <property name="retryIteration" value="0" />
                      <property name="repeatIteration" value="0" />
                    </properties>
                  </test-case>
                  <test-case id="1034" name="PresetBuilds_ExposePlayerFacingVehicleIdentity(&quot;Assets/HovercraftV3/Generated/ReferenceCrafts/V2Parity/Builds/ApexV3_MainGimbalDemo.asset&quot;,&quot;Apex V3 Vector&quot;,&quot;Rear-Gimbal Vectoring&quot;)" fullname="Lunarlight.Hovercraft.V3.Tests.V3PlayerFeedbackAndRecoveryTests.PresetBuilds_ExposePlayerFacingVehicleIdentity(&quot;Assets/HovercraftV3/Generated/ReferenceCrafts/V2Parity/Builds/ApexV3_MainGimbalDemo.asset&quot;,&quot;Apex V3 Vector&quot;,&quot;Rear-Gimbal Vectoring&quot;)" methodname="PresetBuilds_ExposePlayerFacingVehicleIdentity" classname="Lunarlight.Hovercraft.V3.Tests.V3PlayerFeedbackAndRecoveryTests" runstate="Runnable" seed="287225442" result="Passed" start-time="2026-07-29 09:58:51Z" end-time="2026-07-29 09:58:51Z" duration="0.000292" asserts="0">
                    <properties>
                      <property name="retryIteration" value="0" />
                      <property name="repeatIteration" value="0" />
                    </properties>
                  </test-case>
                  <test-case id="1035" name="PresetBuilds_ExposePlayerFacingVehicleIdentity(&quot;Assets/HovercraftV3/Generated/ReferenceCrafts/V2Parity/Builds/ApexV3_HoverSpringDemo.asset&quot;,&quot;Apex V3 Terrain&quot;,&quot;Front-Left Spring Hover&quot;)" fullname="Lunarlight.Hovercraft.V3.Tests.V3PlayerFeedbackAndRecoveryTests.PresetBuilds_ExposePlayerFacingVehicleIdentity(&quot;Assets/HovercraftV3/Generated/ReferenceCrafts/V2Parity/Builds/ApexV3_HoverSpringDemo.asset&quot;,&quot;Apex V3 Terrain&quot;,&quot;Front-Left Spring Hover&quot;)" methodname="PresetBuilds_ExposePlayerFacingVehicleIdentity" classname="Lunarlight.Hovercraft.V3.Tests.V3PlayerFeedbackAndRecoveryTests" runstate="Runnable" seed="1394432141" result="Passed" start-time="2026-07-29 09:58:51Z" end-time="2026-07-29 09:58:51Z" duration="0.000050" asserts="0">
                    <properties>
                      <property name="retryIteration" value="0" />
                      <property name="repeatIteration" value="0" />
                    </properties>
                  </test-case>
                </test-suite>
                <test-case id="1038" name="SlopeRecovery_AlignsCraftTowardTwelveDegreeSurface" fullname="Lunarlight.Hovercraft.V3.Tests.V3PlayerFeedbackAndRecoveryTests.SlopeRecovery_AlignsCraftTowardTwelveDegreeSurface" methodname="SlopeRecovery_AlignsCraftTowardTwelveDegreeSurface" classname="Lunarlight.Hovercraft.V3.Tests.V3PlayerFeedbackAndRecoveryTests" runstate="Runnable" seed="41464955" result="Passed" start-time="2026-07-29 09:58:51Z" end-time="2026-07-29 09:58:51Z" duration="0.028134" asserts="0">
                  <properties>
                    <property name="retryIteration" value="0" />
                    <property name="repeatIteration" value="0" />
                  </properties>
                </test-case>
              </test-suite>
              <test-suite type="TestFixture" id="1111" name="V3PowerDistributionModeTests" fullname="Lunarlight.Hovercraft.V3.Tests.V3PowerDistributionModeTests" classname="Lunarlight.Hovercraft.V3.Tests.V3PowerDistributionModeTests" runstate="Runnable" testcasecount="5" result="Passed" start-time="2026-07-29 09:58:51Z" end-time="2026-07-29 09:58:51Z" duration="0.010214" total="5" passed="5" failed="0" inconclusive="0" skipped="0" asserts="0">
                <properties />
                <test-case id="1112" name="AllocationModes_ExposeStableDataDrivenOrders" fullname="Lunarlight.Hovercraft.V3.Tests.V3PowerDistributionModeTests.AllocationModes_ExposeStableDataDrivenOrders" methodname="AllocationModes_ExposeStableDataDrivenOrders" classname="Lunarlight.Hovercraft.V3.Tests.V3PowerDistributionModeTests" runstate="Runnable" seed="1356742334" result="Passed" start-time="2026-07-29 09:58:51Z" end-time="2026-07-29 09:58:51Z" duration="0.000907" asserts="0">
                  <properties>
                    <property name="retryIteration" value="0" />
                    <property name="repeatIteration" value="0" />
                  </properties>
                </test-case>
                <test-case id="1115" name="ConstrainedCore_ShedsLoadsBySelectedModeAndReportsCockpitState" fullname="Lunarlight.Hovercraft.V3.Tests.V3PowerDistributionModeTests.ConstrainedCore_ShedsLoadsBySelectedModeAndReportsCockpitState" methodname="ConstrainedCore_ShedsLoadsBySelectedModeAndReportsCockpitState" classname="Lunarlight.Hovercraft.V3.Tests.V3PowerDistributionModeTests" runstate="Runnable" seed="799280209" result="Passed" start-time="2026-07-29 09:58:51Z" end-time="2026-07-29 09:58:51Z" duration="0.004792" asserts="0">
                  <properties>
                    <property name="retryIteration" value="0" />
                    <property name="repeatIteration" value="0" />
                  </properties>
                </test-case>
                <test-case id="1113" name="PilotPowerModeRequest_IsConsumedExactlyOnce" fullname="Lunarlight.Hovercraft.V3.Tests.V3PowerDistributionModeTests.PilotPowerModeRequest_IsConsumedExactlyOnce" methodname="PilotPowerModeRequest_IsConsumedExactlyOnce" classname="Lunarlight.Hovercraft.V3.Tests.V3PowerDistributionModeTests" runstate="Runnable" seed="533557137" result="Passed" start-time="2026-07-29 09:58:51Z" end-time="2026-07-29 09:58:51Z" duration="0.000473" asserts="0">
                  <properties>
                    <property name="retryIteration" value="0" />
                    <property name="repeatIteration" value="0" />
                  </properties>
                </test-case>
                <test-case id="1114" name="PowerModeDescriptions_ExplainPriorityAndHeadroom" fullname="Lunarlight.Hovercraft.V3.Tests.V3PowerDistributionModeTests.PowerModeDescriptions_ExplainPriorityAndHeadroom" methodname="PowerModeDescriptions_ExplainPriorityAndHeadroom" classname="Lunarlight.Hovercraft.V3.Tests.V3PowerDistributionModeTests" runstate="Runnable" seed="1671377985" result="Passed" start-time="2026-07-29 09:58:51Z" end-time="2026-07-29 09:58:51Z" duration="0.000170" asserts="0">
                  <properties>
                    <property name="retryIteration" value="0" />
                    <property name="repeatIteration" value="0" />
                  </properties>
                </test-case>
                <test-case id="1116" name="SharedThruster_PreservesEachCommandPriorityWithoutDuplicatingDemand" fullname="Lunarlight.Hovercraft.V3.Tests.V3PowerDistributionModeTests.SharedThruster_PreservesEachCommandPriorityWithoutDuplicatingDemand" methodname="SharedThruster_PreservesEachCommandPriorityWithoutDuplicatingDemand" classname="Lunarlight.Hovercraft.V3.Tests.V3PowerDistributionModeTests" runstate="Runnable" seed="979245416" result="Passed" start-time="2026-07-29 09:58:51Z" end-time="2026-07-29 09:58:51Z" duration="0.002649" asserts="0">
                  <properties>
                    <property name="retryIteration" value="0" />
                    <property name="repeatIteration" value="0" />
                  </properties>
                </test-case>
              </test-suite>
              <test-suite type="TestFixture" id="1042" name="V3ProjectReadabilitySprintTests" fullname="Lunarlight.Hovercraft.V3.Tests.V3ProjectReadabilitySprintTests" classname="Lunarlight.Hovercraft.V3.Tests.V3ProjectReadabilitySprintTests" runstate="Runnable" testcasecount="6" result="Failed" site="Child" start-time="2026-07-29 09:58:51Z" end-time="2026-07-29 09:58:51Z" duration="0.052530" total="6" passed="4" failed="2" inconclusive="0" skipped="0" asserts="0">
                <properties />
                <failure>
                  <message><![CDATA[One or more child tests had errors]]></message>
                </failure>
                <test-case id="1044" name="CompleteCraft_HasReadableHierarchyAndNoLocalInput" fullname="Lunarlight.Hovercraft.V3.Tests.V3ProjectReadabilitySprintTests.CompleteCraft_HasReadableHierarchyAndNoLocalInput" methodname="CompleteCraft_HasReadableHierarchyAndNoLocalInput" classname="Lunarlight.Hovercraft.V3.Tests.V3ProjectReadabilitySprintTests" runstate="Runnable" seed="1708799614" result="Passed" start-time="2026-07-29 09:58:51Z" end-time="2026-07-29 09:58:51Z" duration="0.015410" asserts="0">
                  <properties>
                    <property name="retryIteration" value="0" />
                    <property name="repeatIteration" value="0" />
                  </properties>
                </test-case>
                <test-case id="1046" name="EditorPreview_IsCompleteNonSimulatingAndCleanable" fullname="Lunarlight.Hovercraft.V3.Tests.V3ProjectReadabilitySprintTests.EditorPreview_IsCompleteNonSimulatingAndCleanable" methodname="EditorPreview_IsCompleteNonSimulatingAndCleanable" classname="Lunarlight.Hovercraft.V3.Tests.V3ProjectReadabilitySprintTests" runstate="Runnable" seed="1622236702" result="Passed" start-time="2026-07-29 09:58:51Z" end-time="2026-07-29 09:58:51Z" duration="0.007128" asserts="0">
                  <properties>
                    <property name="retryIteration" value="0" />
                    <property name="repeatIteration" value="0" />
                  </properties>
                </test-case>
                <test-case id="1043" name="LocalInput_UsesExplicitAuthorityStatesAndPageActions" fullname="Lunarlight.Hovercraft.V3.Tests.V3ProjectReadabilitySprintTests.LocalInput_UsesExplicitAuthorityStatesAndPageActions" methodname="LocalInput_UsesExplicitAuthorityStatesAndPageActions" classname="Lunarlight.Hovercraft.V3.Tests.V3ProjectReadabilitySprintTests" runstate="Runnable" seed="1448796521" result="Failed" start-time="2026-07-29 09:58:51Z" end-time="2026-07-29 09:58:51Z" duration="0.002539" asserts="0">
                  <properties>
                    <property name="retryIteration" value="0" />
                    <property name="repeatIteration" value="0" />
                  </properties>
                  <failure>
                    <message><![CDATA[  Expected: AwaitingCraft
  But was:  Uninitialized
]]></message>
                    <stack-trace><![CDATA[at Lunarlight.Hovercraft.V3.Tests.V3ProjectReadabilitySprintTests.LocalInput_UsesExplicitAuthorityStatesAndPageActions () [0x0002c] in D:\Projects\Unity\Slingshot2\Slingshot-2.0\Slingshot 2.0\Assets\HovercraftV3\Tests\Editor\Integration\V3ProjectReadabilitySprintTests.cs:36
]]></stack-trace>
                  </failure>
                </test-case>
                <test-case id="1048" name="MigratedPathsAndForceAuthority_AreCanonical" fullname="Lunarlight.Hovercraft.V3.Tests.V3ProjectReadabilitySprintTests.MigratedPathsAndForceAuthority_AreCanonical" methodname="MigratedPathsAndForceAuthority_AreCanonical" classname="Lunarlight.Hovercraft.V3.Tests.V3ProjectReadabilitySprintTests" runstate="Runnable" seed="187907085" result="Passed" start-time="2026-07-29 09:58:51Z" end-time="2026-07-29 09:58:51Z" duration="0.016236" asserts="0">
                  <properties>
                    <property name="retryIteration" value="0" />
                    <property name="repeatIteration" value="0" />
                  </properties>
                </test-case>
                <test-case id="1045" name="Spawner_AssemblesRebuildsReconnectsAndClears" fullname="Lunarlight.Hovercraft.V3.Tests.V3ProjectReadabilitySprintTests.Spawner_AssemblesRebuildsReconnectsAndClears" methodname="Spawner_AssemblesRebuildsReconnectsAndClears" classname="Lunarlight.Hovercraft.V3.Tests.V3ProjectReadabilitySprintTests" runstate="Runnable" seed="1386469714" result="Failed" start-time="2026-07-29 09:58:51Z" end-time="2026-07-29 09:58:51Z" duration="0.003990" asserts="0">
                  <properties>
                    <property name="retryIteration" value="0" />
                    <property name="repeatIteration" value="0" />
                  </properties>
                  <failure>
                    <message><![CDATA[  Expected: same as <Apex V3 — V2 Reference (V3 Runtime) (UnityEngine.GameObject)>
  But was:  null
]]></message>
                    <stack-trace><![CDATA[at Lunarlight.Hovercraft.V3.Tests.V3ProjectReadabilitySprintTests.Spawner_AssemblesRebuildsReconnectsAndClears () [0x000d5] in D:\Projects\Unity\Slingshot2\Slingshot-2.0\Slingshot 2.0\Assets\HovercraftV3\Tests\Editor\Integration\V3ProjectReadabilitySprintTests.cs:157
]]></stack-trace>
                  </failure>
                </test-case>
                <test-case id="1047" name="SystemsConsole_DiscoversTenPagesAndWraps" fullname="Lunarlight.Hovercraft.V3.Tests.V3ProjectReadabilitySprintTests.SystemsConsole_DiscoversTenPagesAndWraps" methodname="SystemsConsole_DiscoversTenPagesAndWraps" classname="Lunarlight.Hovercraft.V3.Tests.V3ProjectReadabilitySprintTests" runstate="Runnable" seed="1463261554" result="Passed" start-time="2026-07-29 09:58:51Z" end-time="2026-07-29 09:58:51Z" duration="0.006069" asserts="0">
                  <properties>
                    <property name="retryIteration" value="0" />
                    <property name="repeatIteration" value="0" />
                  </properties>
                </test-case>
              </test-suite>
              <test-suite type="TestFixture" id="1062" name="V3SpringMountVariationTests" fullname="Lunarlight.Hovercraft.V3.Tests.V3SpringMountVariationTests" classname="Lunarlight.Hovercraft.V3.Tests.V3SpringMountVariationTests" runstate="Runnable" testcasecount="5" result="Passed" start-time="2026-07-29 09:58:51Z" end-time="2026-07-29 09:58:51Z" duration="0.045742" total="5" passed="5" failed="0" inconclusive="0" skipped="0" asserts="0">
                <properties />
                <test-case id="1064" name="SpringIntegrator_EnforcesCompressionAndExtensionStops" fullname="Lunarlight.Hovercraft.V3.Tests.V3SpringMountVariationTests.SpringIntegrator_EnforcesCompressionAndExtensionStops" methodname="SpringIntegrator_EnforcesCompressionAndExtensionStops" classname="Lunarlight.Hovercraft.V3.Tests.V3SpringMountVariationTests" runstate="Runnable" seed="1867833236" result="Passed" start-time="2026-07-29 09:58:51Z" end-time="2026-07-29 09:58:51Z" duration="0.000450" asserts="0">
                  <properties>
                    <property name="retryIteration" value="0" />
                    <property name="repeatIteration" value="0" />
                  </properties>
                </test-case>
                <test-case id="1063" name="SpringIntegrator_SettlesAtAuthoredStaticDeflection" fullname="Lunarlight.Hovercraft.V3.Tests.V3SpringMountVariationTests.SpringIntegrator_SettlesAtAuthoredStaticDeflection" methodname="SpringIntegrator_SettlesAtAuthoredStaticDeflection" classname="Lunarlight.Hovercraft.V3.Tests.V3SpringMountVariationTests" runstate="Runnable" seed="1356705277" result="Passed" start-time="2026-07-29 09:58:51Z" end-time="2026-07-29 09:58:51Z" duration="0.000241" asserts="0">
                  <properties>
                    <property name="retryIteration" value="0" />
                    <property name="repeatIteration" value="0" />
                  </properties>
                </test-case>
                <test-case id="1066" name="SpringVariation_CompressesAndRecoversWithoutChangingForcePath" fullname="Lunarlight.Hovercraft.V3.Tests.V3SpringMountVariationTests.SpringVariation_CompressesAndRecoversWithoutChangingForcePath" methodname="SpringVariation_CompressesAndRecoversWithoutChangingForcePath" classname="Lunarlight.Hovercraft.V3.Tests.V3SpringMountVariationTests" runstate="Runnable" seed="435650358" result="Passed" start-time="2026-07-29 09:58:51Z" end-time="2026-07-29 09:58:51Z" duration="0.009009" asserts="0">
                  <properties>
                    <property name="retryIteration" value="0" />
                    <property name="repeatIteration" value="0" />
                  </properties>
                </test-case>
                <test-case id="1067" name="SpringVariation_RemainsBoundedDuringCoupledFlatGroundHover" fullname="Lunarlight.Hovercraft.V3.Tests.V3SpringMountVariationTests.SpringVariation_RemainsBoundedDuringCoupledFlatGroundHover" methodname="SpringVariation_RemainsBoundedDuringCoupledFlatGroundHover" classname="Lunarlight.Hovercraft.V3.Tests.V3SpringMountVariationTests" runstate="Runnable" seed="2055776841" result="Passed" start-time="2026-07-29 09:58:51Z" end-time="2026-07-29 09:58:51Z" duration="0.026226" asserts="0">
                  <properties>
                    <property name="retryIteration" value="0" />
                    <property name="repeatIteration" value="0" />
                  </properties>
                </test-case>
                <test-case id="1065" name="SpringVariation_UsesSameHoverEndpointAndOneRigidbody" fullname="Lunarlight.Hovercraft.V3.Tests.V3SpringMountVariationTests.SpringVariation_UsesSameHoverEndpointAndOneRigidbody" methodname="SpringVariation_UsesSameHoverEndpointAndOneRigidbody" classname="Lunarlight.Hovercraft.V3.Tests.V3SpringMountVariationTests" runstate="Runnable" seed="2067211978" result="Passed" start-time="2026-07-29 09:58:51Z" end-time="2026-07-29 09:58:51Z" duration="0.008230" asserts="0">
                  <properties>
                    <property name="retryIteration" value="0" />
                    <property name="repeatIteration" value="0" />
                  </properties>
                </test-case>
              </test-suite>
              <test-suite type="TestFixture" id="1049" name="V3SystemsIntegrationTests" fullname="Lunarlight.Hovercraft.V3.Tests.V3SystemsIntegrationTests" classname="Lunarlight.Hovercraft.V3.Tests.V3SystemsIntegrationTests" runstate="Runnable" testcasecount="7" result="Passed" start-time="2026-07-29 09:58:51Z" end-time="2026-07-29 09:58:53Z" duration="1.673602" total="7" passed="7" failed="0" inconclusive="0" skipped="0" asserts="0">
                <properties />
                <test-case id="1054" name="BalancedProfile_WeightsEveryControlDomainAtOne" fullname="Lunarlight.Hovercraft.V3.Tests.V3SystemsIntegrationTests.BalancedProfile_WeightsEveryControlDomainAtOne" methodname="BalancedProfile_WeightsEveryControlDomainAtOne" classname="Lunarlight.Hovercraft.V3.Tests.V3SystemsIntegrationTests" runstate="Runnable" seed="1580640543" result="Passed" start-time="2026-07-29 09:58:51Z" end-time="2026-07-29 09:58:51Z" duration="0.001594" asserts="0">
                  <properties>
                    <property name="retryIteration" value="0" />
                    <property name="repeatIteration" value="0" />
                  </properties>
                </test-case>
                <test-case id="1051" name="CompleteCraft_AssemblesAndBootsReady" fullname="Lunarlight.Hovercraft.V3.Tests.V3SystemsIntegrationTests.CompleteCraft_AssemblesAndBootsReady" methodname="CompleteCraft_AssemblesAndBootsReady" classname="Lunarlight.Hovercraft.V3.Tests.V3SystemsIntegrationTests" runstate="Runnable" seed="683730400" result="Passed" start-time="2026-07-29 09:58:51Z" end-time="2026-07-29 09:58:51Z" duration="0.004825" asserts="0">
                  <properties>
                    <property name="retryIteration" value="0" />
                    <property name="repeatIteration" value="0" />
                  </properties>
                </test-case>
                <test-case id="1052" name="CompleteCraft_ContainsRequiredPhysicalSystems" fullname="Lunarlight.Hovercraft.V3.Tests.V3SystemsIntegrationTests.CompleteCraft_ContainsRequiredPhysicalSystems" methodname="CompleteCraft_ContainsRequiredPhysicalSystems" classname="Lunarlight.Hovercraft.V3.Tests.V3SystemsIntegrationTests" runstate="Runnable" seed="378206251" result="Passed" start-time="2026-07-29 09:58:51Z" end-time="2026-07-29 09:58:51Z" duration="0.004417" asserts="0">
                  <properties>
                    <property name="retryIteration" value="0" />
                    <property name="repeatIteration" value="0" />
                  </properties>
                </test-case>
                <test-case id="1050" name="GeneratedBuild_IsValidAndHasStableIdentity" fullname="Lunarlight.Hovercraft.V3.Tests.V3SystemsIntegrationTests.GeneratedBuild_IsValidAndHasStableIdentity" methodname="GeneratedBuild_IsValidAndHasStableIdentity" classname="Lunarlight.Hovercraft.V3.Tests.V3SystemsIntegrationTests" runstate="Runnable" seed="1557065805" result="Passed" start-time="2026-07-29 09:58:51Z" end-time="2026-07-29 09:58:51Z" duration="0.000274" asserts="0">
                  <properties>
                    <property name="retryIteration" value="0" />
                    <property name="repeatIteration" value="0" />
                  </properties>
                </test-case>
                <test-case id="1053" name="MainframeTick_RunsSoftwareAndRoutesStandardRequests" fullname="Lunarlight.Hovercraft.V3.Tests.V3SystemsIntegrationTests.MainframeTick_RunsSoftwareAndRoutesStandardRequests" methodname="MainframeTick_RunsSoftwareAndRoutesStandardRequests" classname="Lunarlight.Hovercraft.V3.Tests.V3SystemsIntegrationTests" runstate="Runnable" seed="2110161658" result="Passed" start-time="2026-07-29 09:58:51Z" end-time="2026-07-29 09:58:51Z" duration="0.008223" asserts="0">
                  <properties>
                    <property name="retryIteration" value="0" />
                    <property name="repeatIteration" value="0" />
                  </properties>
                </test-case>
                <test-case id="1056" name="SystemsRuntime_SurvivesTenMinutesOfVirtualFixedTicks" fullname="Lunarlight.Hovercraft.V3.Tests.V3SystemsIntegrationTests.SystemsRuntime_SurvivesTenMinutesOfVirtualFixedTicks" methodname="SystemsRuntime_SurvivesTenMinutesOfVirtualFixedTicks" classname="Lunarlight.Hovercraft.V3.Tests.V3SystemsIntegrationTests" runstate="Runnable" seed="853277657" result="Passed" start-time="2026-07-29 09:58:51Z" end-time="2026-07-29 09:58:53Z" duration="1.652044" asserts="0">
                  <properties>
                    <property name="retryIteration" value="0" />
                    <property name="repeatIteration" value="0" />
                  </properties>
                </test-case>
                <test-case id="1055" name="V2ReferenceBuild_RemainsExactLegacyMass" fullname="Lunarlight.Hovercraft.V3.Tests.V3SystemsIntegrationTests.V2ReferenceBuild_RemainsExactLegacyMass" methodname="V2ReferenceBuild_RemainsExactLegacyMass" classname="Lunarlight.Hovercraft.V3.Tests.V3SystemsIntegrationTests" runstate="Runnable" seed="1427029475" result="Passed" start-time="2026-07-29 09:58:53Z" end-time="2026-07-29 09:58:53Z" duration="0.000431" asserts="0">
                  <properties>
                    <property name="retryIteration" value="0" />
                    <property name="repeatIteration" value="0" />
                  </properties>
                </test-case>
              </test-suite>
              <test-suite type="TestFixture" id="1019" name="V3ThermalFoundationTests" fullname="Lunarlight.Hovercraft.V3.Tests.V3ThermalFoundationTests" classname="Lunarlight.Hovercraft.V3.Tests.V3ThermalFoundationTests" runstate="Runnable" testcasecount="6" result="Passed" start-time="2026-07-29 09:58:53Z" end-time="2026-07-29 09:58:53Z" duration="0.012306" total="6" passed="6" failed="0" inconclusive="0" skipped="0" asserts="0">
                <properties />
                <test-case id="1022" name="EnergyCore_ReportsCraftPowerUtilizationAndLoadHeat" fullname="Lunarlight.Hovercraft.V3.Tests.V3ThermalFoundationTests.EnergyCore_ReportsCraftPowerUtilizationAndLoadHeat" methodname="EnergyCore_ReportsCraftPowerUtilizationAndLoadHeat" classname="Lunarlight.Hovercraft.V3.Tests.V3ThermalFoundationTests" runstate="Runnable" seed="200400971" result="Passed" start-time="2026-07-29 09:58:53Z" end-time="2026-07-29 09:58:53Z" duration="0.003136" asserts="0">
                  <properties>
                    <property name="retryIteration" value="0" />
                    <property name="repeatIteration" value="0" />
                  </properties>
                </test-case>
                <test-case id="1025" name="OverheatThreshold_EntersProtectionWithoutChangingManualEnable" fullname="Lunarlight.Hovercraft.V3.Tests.V3ThermalFoundationTests.OverheatThreshold_EntersProtectionWithoutChangingManualEnable" methodname="OverheatThreshold_EntersProtectionWithoutChangingManualEnable" classname="Lunarlight.Hovercraft.V3.Tests.V3ThermalFoundationTests" runstate="Runnable" seed="2088448518" result="Passed" start-time="2026-07-29 09:58:53Z" end-time="2026-07-29 09:58:53Z" duration="0.001403" asserts="0">
                  <properties>
                    <property name="retryIteration" value="0" />
                    <property name="repeatIteration" value="0" />
                  </properties>
                </test-case>
                <test-case id="1021" name="ThermalController_LoadedThrusterHeatsFasterThenCoolsUnloaded" fullname="Lunarlight.Hovercraft.V3.Tests.V3ThermalFoundationTests.ThermalController_LoadedThrusterHeatsFasterThenCoolsUnloaded" methodname="ThermalController_LoadedThrusterHeatsFasterThenCoolsUnloaded" classname="Lunarlight.Hovercraft.V3.Tests.V3ThermalFoundationTests" runstate="Runnable" seed="131128695" result="Passed" start-time="2026-07-29 09:58:53Z" end-time="2026-07-29 09:58:53Z" duration="0.003062" asserts="0">
                  <properties>
                    <property name="retryIteration" value="0" />
                    <property name="repeatIteration" value="0" />
                  </properties>
                </test-case>
                <test-case id="1020" name="ThermalController_TracksEveryRelevantInstalledPart" fullname="Lunarlight.Hovercraft.V3.Tests.V3ThermalFoundationTests.ThermalController_TracksEveryRelevantInstalledPart" methodname="ThermalController_TracksEveryRelevantInstalledPart" classname="Lunarlight.Hovercraft.V3.Tests.V3ThermalFoundationTests" runstate="Runnable" seed="256890197" result="Passed" start-time="2026-07-29 09:58:53Z" end-time="2026-07-29 09:58:53Z" duration="0.002545" asserts="0">
                  <properties>
                    <property name="retryIteration" value="0" />
                    <property name="repeatIteration" value="0" />
                  </properties>
                </test-case>
                <test-case id="1023" name="ThermalModel_OverloadOutputUsesReservedHeatMultiplier" fullname="Lunarlight.Hovercraft.V3.Tests.V3ThermalFoundationTests.ThermalModel_OverloadOutputUsesReservedHeatMultiplier" methodname="ThermalModel_OverloadOutputUsesReservedHeatMultiplier" classname="Lunarlight.Hovercraft.V3.Tests.V3ThermalFoundationTests" runstate="Runnable" seed="1119815348" result="Passed" start-time="2026-07-29 09:58:53Z" end-time="2026-07-29 09:58:53Z" duration="0.000250" asserts="0">
                  <properties>
                    <property name="retryIteration" value="0" />
                    <property name="repeatIteration" value="0" />
                  </properties>
                </test-case>
                <test-case id="1024" name="ThrusterDebugColor_ProgressesFromCoolToSafeToOverheat" fullname="Lunarlight.Hovercraft.V3.Tests.V3ThermalFoundationTests.ThrusterDebugColor_ProgressesFromCoolToSafeToOverheat" methodname="ThrusterDebugColor_ProgressesFromCoolToSafeToOverheat" classname="Lunarlight.Hovercraft.V3.Tests.V3ThermalFoundationTests" runstate="Runnable" seed="472864875" result="Passed" start-time="2026-07-29 09:58:53Z" end-time="2026-07-29 09:58:53Z" duration="0.000328" asserts="0">
                  <properties>
                    <property name="retryIteration" value="0" />
                    <property name="repeatIteration" value="0" />
                  </properties>
                  <output><![CDATA[Saving results to: C:/Users/Jack_/AppData/LocalLow/DefaultCompany/Slingshot 2_0\TestResults.xml
]]></output>
                </test-case>
              </test-suite>
            </test-suite>
          </test-suite>
        </test-suite>
      </test-suite>
    </test-suite>
  </test-suite>
</test-run>